{"meta": {"format": 3, "version": "7.10.1", "timestamp": "2025-09-06T14:15:53.833953", "branch_coverage": false, "show_contexts": false}, "files": {"src/gitlab_analyzer/__init__.py": {"executed_lines": [1, 12, 13, 14, 15, 16, 18], "summary": {"covered_lines": 6, "num_statements": 6, "percent_covered": 100.0, "percent_covered_display": "100", "missing_lines": 0, "excluded_lines": 0}, "missing_lines": [], "excluded_lines": [], "functions": {"": {"executed_lines": [1, 12, 13, 14, 15, 16, 18], "summary": {"covered_lines": 6, "num_statements": 6, "percent_covered": 100.0, "percent_covered_display": "100", "missing_lines": 0, "excluded_lines": 0}, "missing_lines": [], "excluded_lines": []}}, "classes": {"": {"executed_lines": [1, 12, 13, 14, 15, 16, 18], "summary": {"covered_lines": 6, "num_statements": 6, "percent_covered": 100.0, "percent_covered_display": "100", "missing_lines": 0, "excluded_lines": 0}, "missing_lines": [], "excluded_lines": []}}}, "src/gitlab_analyzer/api/__init__.py": {"executed_lines": [1, 5, 7], "summary": {"covered_lines": 2, "num_statements": 2, "percent_covered": 100.0, "percent_covered_display": "100", "missing_lines": 0, "excluded_lines": 0}, "missing_lines": [], "excluded_lines": [], "functions": {"": {"executed_lines": [1, 5, 7], "summary": {"covered_lines": 2, "num_statements": 2, "percent_covered": 100.0, "percent_covered_display": "100", "missing_lines": 0, "excluded_lines": 0}, "missing_lines": [], "excluded_lines": []}}, "classes": {"": {"executed_lines": [1, 5, 7], "summary": {"covered_lines": 2, "num_statements": 2, "percent_covered": 100.0, "percent_covered_display": "100", "missing_lines": 0, "excluded_lines": 0}, "missing_lines": [], "excluded_lines": []}}}, "src/gitlab_analyzer/api/client.py": {"executed_lines": [1, 8, 10, 12, 15, 16, 18, 19, 20, 21, 23, 28, 32, 34, 35, 36, 37, 39, 43, 45, 46, 47, 48, 50, 51, 52, 63, 65, 67, 71, 72, 74, 75, 76, 77, 79, 80, 81, 92, 94, 96, 100, 102, 103, 104, 105, 106, 107, 109, 111, 113, 114, 115, 117, 118, 120, 131, 164, 167, 168, 187, 189, 212, 215, 216, 217, 218, 219, 220, 221, 223, 226, 227, 229, 230, 231, 232, 234, 251, 253, 259, 260, 262, 263, 264, 265], "summary": {"covered_lines": 84, "num_statements": 90, "percent_covered": 93.33333333333333, "percent_covered_display": "93", "missing_lines": 6, "excluded_lines": 0}, "missing_lines": [116, 124, 126, 127, 128, 129], "excluded_lines": [], "functions": {"GitLabAnalyzer.__init__": {"executed_lines": [19, 20, 21, 23], "summary": {"covered_lines": 4, "num_statements": 4, "percent_covered": 100.0, "percent_covered_display": "100", "missing_lines": 0, "excluded_lines": 0}, "missing_lines": [], "excluded_lines": []}, "GitLabAnalyzer.get_pipeline": {"executed_lines": [32, 34, 35, 36, 37], "summary": {"covered_lines": 5, "num_statements": 5, "percent_covered": 100.0, "percent_covered_display": "100", "missing_lines": 0, "excluded_lines": 0}, "missing_lines": [], "excluded_lines": []}, "GitLabAnalyzer.get_pipeline_jobs": {"executed_lines": [43, 45, 46, 47, 48, 50, 51, 52, 63, 65], "summary": {"covered_lines": 10, "num_statements": 10, "percent_covered": 100.0, "percent_covered_display": "100", "missing_lines": 0, "excluded_lines": 0}, "missing_lines": [], "excluded_lines": []}, "GitLabAnalyzer.get_failed_pipeline_jobs": {"executed_lines": [71, 72, 74, 75, 76, 77, 79, 80, 81, 92, 94], "summary": {"covered_lines": 11, "num_statements": 11, "percent_covered": 100.0, "percent_covered_display": "100", "missing_lines": 0, "excluded_lines": 0}, "missing_lines": [], "excluded_lines": []}, "GitLabAnalyzer.get_job_info": {"executed_lines": [100, 102, 103, 104, 105, 106, 107], "summary": {"covered_lines": 7, "num_statements": 7, "percent_covered": 100.0, "percent_covered_display": "100", "missing_lines": 0, "excluded_lines": 0}, "missing_lines": [], "excluded_lines": []}, "GitLabAnalyzer.get_job_trace": {"executed_lines": [111, 113, 114, 115, 117, 118], "summary": {"covered_lines": 6, "num_statements": 7, "percent_covered": 85.71428571428571, "percent_covered_display": "86", "missing_lines": 1, "excluded_lines": 0}, "missing_lines": [116], "excluded_lines": []}, "GitLabAnalyzer.get_merge_request": {"executed_lines": [], "summary": {"covered_lines": 0, "num_statements": 5, "percent_covered": 0.0, "percent_covered_display": "0", "missing_lines": 5, "excluded_lines": 0}, "missing_lines": [124, 126, 127, 128, 129], "excluded_lines": []}, "GitLabAnalyzer.get_merge_request_overview": {"executed_lines": [164, 167, 168, 187], "summary": {"covered_lines": 4, "num_statements": 4, "percent_covered": 100.0, "percent_covered_display": "100", "missing_lines": 0, "excluded_lines": 0}, "missing_lines": [], "excluded_lines": []}, "GitLabAnalyzer.search_project_code": {"executed_lines": [212, 215, 216, 217, 218, 219, 220, 221, 223, 226, 227, 229, 230, 231, 232], "summary": {"covered_lines": 15, "num_statements": 15, "percent_covered": 100.0, "percent_covered_display": "100", "missing_lines": 0, "excluded_lines": 0}, "missing_lines": [], "excluded_lines": []}, "GitLabAnalyzer.search_project_commits": {"executed_lines": [251, 253, 259, 260, 262, 263, 264, 265], "summary": {"covered_lines": 8, "num_statements": 8, "percent_covered": 100.0, "percent_covered_display": "100", "missing_lines": 0, "excluded_lines": 0}, "missing_lines": [], "excluded_lines": []}, "": {"executed_lines": [1, 8, 10, 12, 15, 16, 18, 28, 39, 67, 96, 109, 120, 131, 189, 234], "summary": {"covered_lines": 14, "num_statements": 14, "percent_covered": 100.0, "percent_covered_display": "100", "missing_lines": 0, "excluded_lines": 0}, "missing_lines": [], "excluded_lines": []}}, "classes": {"GitLabAnalyzer": {"executed_lines": [19, 20, 21, 23, 32, 34, 35, 36, 37, 43, 45, 46, 47, 48, 50, 51, 52, 63, 65, 71, 72, 74, 75, 76, 77, 79, 80, 81, 92, 94, 100, 102, 103, 104, 105, 106, 107, 111, 113, 114, 115, 117, 118, 164, 167, 168, 187, 212, 215, 216, 217, 218, 219, 220, 221, 223, 226, 227, 229, 230, 231, 232, 251, 253, 259, 260, 262, 263, 264, 265], "summary": {"covered_lines": 70, "num_statements": 76, "percent_covered": 92.10526315789474, "percent_covered_display": "92", "missing_lines": 6, "excluded_lines": 0}, "missing_lines": [116, 124, 126, 127, 128, 129], "excluded_lines": []}, "": {"executed_lines": [1, 8, 10, 12, 15, 16, 18, 28, 39, 67, 96, 109, 120, 131, 189, 234], "summary": {"covered_lines": 14, "num_statements": 14, "percent_covered": 100.0, "percent_covered_display": "100", "missing_lines": 0, "excluded_lines": 0}, "missing_lines": [], "excluded_lines": []}}}, "src/gitlab_analyzer/cache/auto_cleanup.py": {"executed_lines": [1, 11, 12, 13, 14, 16, 17, 20, 21, 23, 25, 26, 29, 34, 35, 36, 39, 42, 43, 45, 47, 48, 49, 51, 52, 55, 57, 58, 59, 61, 62, 64, 65, 69, 73, 75, 80, 82, 83, 84, 86, 94, 95, 97, 103, 105, 106, 109, 111, 114, 116, 117, 118, 122, 123, 125, 130, 131, 133, 134, 136, 138, 139, 141, 142, 144, 146, 155, 156, 157, 159, 163, 166, 169, 170, 173, 174, 175], "summary": {"covered_lines": 76, "num_statements": 76, "percent_covered": 100.0, "percent_covered_display": "100", "missing_lines": 0, "excluded_lines": 0}, "missing_lines": [], "excluded_lines": [], "functions": {"AutoCleanupManager.__init__": {"executed_lines": [25, 26, 29, 34, 35, 36, 39, 42, 43], "summary": {"covered_lines": 9, "num_statements": 9, "percent_covered": 100.0, "percent_covered_display": "100", "missing_lines": 0, "excluded_lines": 0}, "missing_lines": [], "excluded_lines": []}, "AutoCleanupManager.should_run_cleanup": {"executed_lines": [47, 48, 49, 51, 52, 55, 57, 58, 59, 61, 62, 64, 65, 69, 73], "summary": {"covered_lines": 15, "num_statements": 15, "percent_covered": 100.0, "percent_covered_display": "100", "missing_lines": 0, "excluded_lines": 0}, "missing_lines": [], "excluded_lines": []}, "AutoCleanupManager.trigger_cleanup_if_needed": {"executed_lines": [80, 82, 83, 84, 86, 94, 95, 97], "summary": {"covered_lines": 8, "num_statements": 8, "percent_covered": 100.0, "percent_covered_display": "100", "missing_lines": 0, "excluded_lines": 0}, "missing_lines": [], "excluded_lines": []}, "AutoCleanupManager._run_cleanup_background": {"executed_lines": [105, 106, 109, 111, 114, 116, 117, 118, 122, 123, 125, 130, 131, 133, 134], "summary": {"covered_lines": 15, "num_statements": 15, "percent_covered": 100.0, "percent_covered_display": "100", "missing_lines": 0, "excluded_lines": 0}, "missing_lines": [], "excluded_lines": []}, "AutoCleanupManager._get_next_cleanup_minutes": {"executed_lines": [138, 139, 141, 142], "summary": {"covered_lines": 4, "num_statements": 4, "percent_covered": 100.0, "percent_covered_display": "100", "missing_lines": 0, "excluded_lines": 0}, "missing_lines": [], "excluded_lines": []}, "AutoCleanupManager.get_status": {"executed_lines": [146, 155, 156, 157, 159], "summary": {"covered_lines": 5, "num_statements": 5, "percent_covered": 100.0, "percent_covered_display": "100", "missing_lines": 0, "excluded_lines": 0}, "missing_lines": [], "excluded_lines": []}, "get_auto_cleanup_manager": {"executed_lines": [169, 170, 173, 174, 175], "summary": {"covered_lines": 5, "num_statements": 5, "percent_covered": 100.0, "percent_covered_display": "100", "missing_lines": 0, "excluded_lines": 0}, "missing_lines": [], "excluded_lines": []}, "": {"executed_lines": [1, 11, 12, 13, 14, 16, 17, 20, 21, 23, 45, 75, 103, 136, 144, 163, 166], "summary": {"covered_lines": 15, "num_statements": 15, "percent_covered": 100.0, "percent_covered_display": "100", "missing_lines": 0, "excluded_lines": 0}, "missing_lines": [], "excluded_lines": []}}, "classes": {"AutoCleanupManager": {"executed_lines": [25, 26, 29, 34, 35, 36, 39, 42, 43, 47, 48, 49, 51, 52, 55, 57, 58, 59, 61, 62, 64, 65, 69, 73, 80, 82, 83, 84, 86, 94, 95, 97, 105, 106, 109, 111, 114, 116, 117, 118, 122, 123, 125, 130, 131, 133, 134, 138, 139, 141, 142, 146, 155, 156, 157, 159], "summary": {"covered_lines": 56, "num_statements": 56, "percent_covered": 100.0, "percent_covered_display": "100", "missing_lines": 0, "excluded_lines": 0}, "missing_lines": [], "excluded_lines": []}, "": {"executed_lines": [1, 11, 12, 13, 14, 16, 17, 20, 21, 23, 45, 75, 103, 136, 144, 163, 166, 169, 170, 173, 174, 175], "summary": {"covered_lines": 20, "num_statements": 20, "percent_covered": 100.0, "percent_covered_display": "100", "missing_lines": 0, "excluded_lines": 0}, "missing_lines": [], "excluded_lines": []}}}, "src/gitlab_analyzer/cache/mcp_cache.py": {"executed_lines": [1, 12, 13, 14, 15, 16, 17, 18, 19, 21, 23, 30, 33, 34, 43, 45, 46, 48, 49, 54, 62, 63, 65, 67, 69, 70, 71, 74, 79, 80, 81, 84, 90, 91, 94, 97, 102, 103, 104, 106, 113, 114, 115, 116, 118, 211, 216, 217, 231, 236, 238, 247, 248, 259, 267, 269, 270, 274, 275, 278, 279, 280, 285, 286, 288, 292, 293, 294, 349, 351, 352, 356, 358, 362, 364, 389, 391, 396, 397, 399, 400, 402, 403, 406, 426, 427, 428, 429, 430, 433, 434, 439, 441, 443, 445, 452, 453, 473, 475, 476, 484, 485, 486, 498, 500, 504, 505, 506, 510, 511, 512, 515, 516, 517, 518, 519, 520, 522, 550, 551, 554, 555, 586, 587, 589, 597, 598, 599, 646, 656, 657, 659, 660, 661, 663, 681, 682, 683, 686, 687, 688, 693, 707, 716, 726, 727, 729, 730, 732, 736, 740, 741, 743, 765, 773, 775, 776, 786, 787, 799, 801, 803, 804, 813, 814, 833, 835, 839, 841, 845, 847, 848, 858, 861, 862, 865, 873, 874, 877, 885, 886, 888, 904, 913, 914, 922, 924, 925, 929, 930, 931, 932, 933, 934, 935, 937, 946, 948, 949, 950, 960, 961, 962, 963, 965, 975, 977, 979, 980, 989, 990, 991, 1003, 1005, 1007, 1008, 1018, 1019, 1020, 1031, 1032, 1033, 1034, 1038, 1040, 1042, 1044, 1045, 1049, 1050, 1051, 1053, 1054, 1055, 1065, 1066, 1067, 1084, 1085, 1088, 1090, 1092, 1094, 1095, 1105, 1118, 1122, 1124, 1128, 1129, 1130, 1148, 1174, 1208, 1235, 1260, 1262, 1263, 1265, 1268, 1293, 1294, 1296, 1298, 1299, 1303, 1304, 1381, 1386, 1401, 1402, 1403, 1408, 1409, 1410, 1411, 1412, 1413, 1415, 1416, 1417, 1418, 1420, 1421, 1424, 1429, 1486, 1614, 1697, 1699, 1700, 1703, 1704, 1707, 1708, 1709, 1712, 1713, 1714, 1722, 1723, 1725, 1726, 1727, 1728, 1729, 1730, 1732, 1733, 1742, 1744, 1746, 1747, 1750, 1757, 1759, 1760, 1761, 1762, 1763, 1766, 1767, 1769, 1775, 1783, 1784, 1786, 1793, 1794, 1797, 1804, 1805, 1808, 1815, 1816, 1818, 1827, 1832, 1837, 1839, 1883, 1887, 1890, 1891, 1895, 1896, 1901, 1910, 1914, 1920, 1923, 1925, 1936, 1938, 1941, 1943, 1959, 1962, 1972, 1973, 1974, 1975, 1976, 1986, 1987, 1990], "summary": {"covered_lines": 364, "num_statements": 677, "percent_covered": 53.76661742983752, "percent_covered_display": "54", "missing_lines": 313, "excluded_lines": 0}, "missing_lines": [108, 109, 110, 111, 218, 223, 228, 249, 254, 260, 265, 289, 296, 297, 298, 299, 300, 303, 305, 306, 307, 308, 309, 314, 315, 316, 318, 319, 320, 321, 322, 324, 325, 326, 327, 330, 331, 334, 336, 337, 338, 339, 340, 343, 345, 346, 347, 507, 523, 524, 528, 529, 532, 533, 534, 535, 536, 537, 538, 541, 542, 543, 545, 547, 548, 574, 584, 602, 603, 604, 608, 609, 611, 617, 637, 639, 640, 641, 643, 644, 691, 694, 709, 710, 711, 713, 714, 767, 768, 769, 771, 788, 815, 915, 916, 917, 918, 920, 972, 974, 1035, 1036, 1086, 1087, 1133, 1137, 1139, 1140, 1141, 1142, 1143, 1146, 1152, 1153, 1155, 1156, 1157, 1158, 1159, 1160, 1162, 1164, 1165, 1167, 1168, 1169, 1170, 1172, 1176, 1178, 1185, 1186, 1189, 1194, 1197, 1200, 1204, 1206, 1210, 1212, 1213, 1214, 1216, 1217, 1218, 1221, 1222, 1225, 1226, 1228, 1237, 1239, 1244, 1249, 1254, 1279, 1280, 1283, 1284, 1287, 1290, 1292, 1305, 1310, 1338, 1339, 1340, 1345, 1348, 1353, 1356, 1361, 1364, 1370, 1373, 1376, 1425, 1426, 1427, 1433, 1434, 1438, 1439, 1445, 1446, 1447, 1450, 1452, 1453, 1457, 1458, 1459, 1463, 1468, 1469, 1470, 1471, 1475, 1477, 1478, 1481, 1482, 1483, 1484, 1490, 1491, 1495, 1496, 1497, 1499, 1502, 1506, 1507, 1511, 1512, 1515, 1519, 1520, 1521, 1525, 1531, 1535, 1536, 1537, 1541, 1547, 1551, 1552, 1553, 1557, 1562, 1563, 1564, 1565, 1568, 1572, 1573, 1574, 1576, 1582, 1586, 1587, 1588, 1592, 1597, 1599, 1602, 1605, 1609, 1610, 1611, 1612, 1618, 1619, 1623, 1624, 1625, 1628, 1632, 1633, 1634, 1638, 1643, 1646, 1647, 1648, 1652, 1655, 1658, 1659, 1660, 1664, 1669, 1672, 1673, 1674, 1678, 1680, 1682, 1685, 1688, 1692, 1693, 1694, 1695, 1739, 1740, 1778, 1779, 1780, 1828, 1834, 1835, 1865, 1866, 1867, 1869, 1871, 1892, 1905, 1911, 1915, 1921, 1977, 1978, 1979, 1980, 1982, 1983, 1984, 1993, 1995, 1996], "excluded_lines": [], "functions": {"McpCache.__init__": {"executed_lines": [45, 46, 48, 49, 54, 62, 63], "summary": {"covered_lines": 7, "num_statements": 7, "percent_covered": 100.0, "percent_covered_display": "100", "missing_lines": 0, "excluded_lines": 0}, "missing_lines": [], "excluded_lines": []}, "McpCache._init_database": {"executed_lines": [67, 69, 70, 71, 74, 79, 80, 81, 84, 90, 91, 94, 97, 102, 103, 104, 106, 113, 114, 115, 116, 118, 211, 216, 217, 231, 236, 238, 247, 248, 259, 267, 269, 270, 274, 275, 278, 279, 280, 285, 286, 288, 292, 293, 294], "summary": {"covered_lines": 45, "num_statements": 92, "percent_covered": 48.91304347826087, "percent_covered_display": "49", "missing_lines": 47, "excluded_lines": 0}, "missing_lines": [108, 109, 110, 111, 218, 223, 228, 249, 254, 260, 265, 289, 296, 297, 298, 299, 300, 303, 305, 306, 307, 308, 309, 314, 315, 316, 318, 319, 320, 321, 322, 324, 325, 326, 327, 330, 331, 334, 336, 337, 338, 339, 340, 343, 345, 346, 347], "excluded_lines": []}, "McpCache.is_job_cached": {"executed_lines": [351, 352, 356], "summary": {"covered_lines": 3, "num_statements": 3, "percent_covered": 100.0, "percent_covered_display": "100", "missing_lines": 0, "excluded_lines": 0}, "missing_lines": [], "excluded_lines": []}, "McpCache.store_job_analysis": {"executed_lines": [362, 364, 389], "summary": {"covered_lines": 3, "num_statements": 3, "percent_covered": 100.0, "percent_covered_display": "100", "missing_lines": 0, "excluded_lines": 0}, "missing_lines": [], "excluded_lines": []}, "McpCache._store_errors_and_file_index": {"executed_lines": [396, 397, 399, 400, 402, 403, 406, 426, 427, 428, 429, 430, 433, 434], "summary": {"covered_lines": 14, "num_statements": 14, "percent_covered": 100.0, "percent_covered_display": "100", "missing_lines": 0, "excluded_lines": 0}, "missing_lines": [], "excluded_lines": []}, "McpCache.store_errors_only": {"executed_lines": [441, 443], "summary": {"covered_lines": 2, "num_statements": 2, "percent_covered": 100.0, "percent_covered_display": "100", "missing_lines": 0, "excluded_lines": 0}, "missing_lines": [], "excluded_lines": []}, "McpCache.store_pipeline_info": {"executed_lines": [452, 453], "summary": {"covered_lines": 2, "num_statements": 2, "percent_covered": 100.0, "percent_covered_display": "100", "missing_lines": 0, "excluded_lines": 0}, "missing_lines": [], "excluded_lines": []}, "McpCache.get_pipeline_info": {"executed_lines": [475, 476, 484, 485, 486, 498], "summary": {"covered_lines": 6, "num_statements": 6, "percent_covered": 100.0, "percent_covered_display": "100", "missing_lines": 0, "excluded_lines": 0}, "missing_lines": [], "excluded_lines": []}, "McpCache.store_pipeline_info_async": {"executed_lines": [504, 505, 506, 510, 511, 512, 515, 516, 517, 518, 519, 520, 522, 550, 551, 554, 555, 586, 587], "summary": {"covered_lines": 19, "num_statements": 39, "percent_covered": 48.717948717948715, "percent_covered_display": "49", "missing_lines": 20, "excluded_lines": 0}, "missing_lines": [507, 523, 524, 528, 529, 532, 533, 534, 535, 536, 537, 538, 541, 542, 543, 545, 547, 548, 574, 584], "excluded_lines": []}, "McpCache.store_failed_jobs_basic": {"executed_lines": [597, 598, 599], "summary": {"covered_lines": 3, "num_statements": 16, "percent_covered": 18.75, "percent_covered_display": "19", "missing_lines": 13, "excluded_lines": 0}, "missing_lines": [602, 603, 604, 608, 609, 611, 617, 637, 639, 640, 641, 643, 644], "excluded_lines": []}, "McpCache.store_job_file_errors": {"executed_lines": [656, 657, 659, 660, 661, 663, 681, 682, 683, 686, 687, 688, 693, 707], "summary": {"covered_lines": 14, "num_statements": 21, "percent_covered": 66.66666666666667, "percent_covered_display": "67", "missing_lines": 7, "excluded_lines": 0}, "missing_lines": [691, 694, 709, 710, 711, 713, 714], "excluded_lines": []}, "McpCache.store_error_trace_segments": {"executed_lines": [726, 727, 729, 730, 732, 736, 740, 741, 743, 765], "summary": {"covered_lines": 10, "num_statements": 14, "percent_covered": 71.42857142857143, "percent_covered_display": "71", "missing_lines": 4, "excluded_lines": 0}, "missing_lines": [767, 768, 769, 771], "excluded_lines": []}, "McpCache.get_pipeline_jobs": {"executed_lines": [775, 776, 786, 787, 799], "summary": {"covered_lines": 5, "num_statements": 6, "percent_covered": 83.33333333333333, "percent_covered_display": "83", "missing_lines": 1, "excluded_lines": 0}, "missing_lines": [788], "excluded_lines": []}, "McpCache.get_pipeline_info_async": {"executed_lines": [803, 804, 813, 814, 833], "summary": {"covered_lines": 5, "num_statements": 6, "percent_covered": 83.33333333333333, "percent_covered_display": "83", "missing_lines": 1, "excluded_lines": 0}, "missing_lines": [815], "excluded_lines": []}, "McpCache.check_pipeline_analysis_status": {"executed_lines": [839, 841, 845, 847, 848, 858, 861, 862, 865, 873, 874, 877, 885, 886, 888], "summary": {"covered_lines": 15, "num_statements": 15, "percent_covered": 100.0, "percent_covered_display": "100", "missing_lines": 0, "excluded_lines": 0}, "missing_lines": [], "excluded_lines": []}, "McpCache._get_analysis_recommendation": {"executed_lines": [913, 914], "summary": {"covered_lines": 2, "num_statements": 7, "percent_covered": 28.571428571428573, "percent_covered_display": "29", "missing_lines": 5, "excluded_lines": 0}, "missing_lines": [915, 916, 917, 918, 920], "excluded_lines": []}, "McpCache.get_job_files_with_errors": {"executed_lines": [924, 925, 929, 930, 931, 932, 933, 934, 935, 937, 946, 948, 949, 950, 960, 961, 962, 963, 965, 975], "summary": {"covered_lines": 20, "num_statements": 22, "percent_covered": 90.9090909090909, "percent_covered_display": "91", "missing_lines": 2, "excluded_lines": 0}, "missing_lines": [972, 974], "excluded_lines": []}, "McpCache.get_job_info_async": {"executed_lines": [979, 980, 989, 990, 991, 1003], "summary": {"covered_lines": 6, "num_statements": 6, "percent_covered": 100.0, "percent_covered_display": "100", "missing_lines": 0, "excluded_lines": 0}, "missing_lines": [], "excluded_lines": []}, "McpCache.get_job_errors": {"executed_lines": [1007, 1008, 1018, 1019, 1020, 1031, 1032, 1033, 1034, 1038, 1040], "summary": {"covered_lines": 11, "num_statements": 13, "percent_covered": 84.61538461538461, "percent_covered_display": "85", "missing_lines": 2, "excluded_lines": 0}, "missing_lines": [1035, 1036], "excluded_lines": []}, "McpCache.get_file_errors": {"executed_lines": [1044, 1045, 1049, 1050, 1051, 1053, 1054, 1055, 1065, 1066, 1067, 1084, 1085, 1088, 1090], "summary": {"covered_lines": 15, "num_statements": 17, "percent_covered": 88.23529411764706, "percent_covered_display": "88", "missing_lines": 2, "excluded_lines": 0}, "missing_lines": [1086, 1087], "excluded_lines": []}, "McpCache.get_pipeline_failed_jobs": {"executed_lines": [1094, 1095, 1105], "summary": {"covered_lines": 3, "num_statements": 3, "percent_covered": 100.0, "percent_covered_display": "100", "missing_lines": 0, "excluded_lines": 0}, "missing_lines": [], "excluded_lines": []}, "McpCache.get_job_trace_excerpt": {"executed_lines": [1122, 1124, 1128, 1129, 1130], "summary": {"covered_lines": 5, "num_statements": 13, "percent_covered": 38.46153846153846, "percent_covered_display": "38", "missing_lines": 8, "excluded_lines": 0}, "missing_lines": [1133, 1137, 1139, 1140, 1141, 1142, 1143, 1146], "excluded_lines": []}, "McpCache._extract_trace_excerpt": {"executed_lines": [], "summary": {"covered_lines": 0, "num_statements": 16, "percent_covered": 0.0, "percent_covered_display": "0", "missing_lines": 16, "excluded_lines": 0}, "missing_lines": [1152, 1153, 1155, 1156, 1157, 1158, 1159, 1160, 1162, 1164, 1165, 1167, 1168, 1169, 1170, 1172], "excluded_lines": []}, "McpCache.cleanup_expired": {"executed_lines": [], "summary": {"covered_lines": 0, "num_statements": 10, "percent_covered": 0.0, "percent_covered_display": "0", "missing_lines": 10, "excluded_lines": 0}, "missing_lines": [1176, 1178, 1185, 1186, 1189, 1194, 1197, 1200, 1204, 1206], "excluded_lines": []}, "McpCache.get_cache_stats": {"executed_lines": [], "summary": {"covered_lines": 0, "num_statements": 12, "percent_covered": 0.0, "percent_covered_display": "0", "missing_lines": 12, "excluded_lines": 0}, "missing_lines": [1210, 1212, 1213, 1214, 1216, 1217, 1218, 1221, 1222, 1225, 1226, 1228], "excluded_lines": []}, "McpCache.cleanup_old_versions": {"executed_lines": [], "summary": {"covered_lines": 0, "num_statements": 5, "percent_covered": 0.0, "percent_covered_display": "0", "missing_lines": 5, "excluded_lines": 0}, "missing_lines": [1237, 1239, 1244, 1249, 1254], "excluded_lines": []}, "McpCache.clear_old_entries": {"executed_lines": [1262, 1263, 1265, 1268, 1293, 1294], "summary": {"covered_lines": 6, "num_statements": 13, "percent_covered": 46.15384615384615, "percent_covered_display": "46", "missing_lines": 7, "excluded_lines": 0}, "missing_lines": [1279, 1280, 1283, 1284, 1287, 1290, 1292], "excluded_lines": []}, "McpCache.clear_all_cache": {"executed_lines": [1298, 1299, 1303, 1304, 1381, 1386, 1401, 1402, 1403, 1408, 1409, 1410, 1411, 1412, 1413, 1415, 1416, 1417, 1418, 1420, 1421, 1424], "summary": {"covered_lines": 22, "num_statements": 39, "percent_covered": 56.41025641025641, "percent_covered_display": "56", "missing_lines": 17, "excluded_lines": 0}, "missing_lines": [1305, 1310, 1338, 1339, 1340, 1345, 1348, 1353, 1356, 1361, 1364, 1370, 1373, 1376, 1425, 1426, 1427], "excluded_lines": []}, "McpCache.clear_cache_by_type": {"executed_lines": [], "summary": {"covered_lines": 0, "num_statements": 25, "percent_covered": 0.0, "percent_covered_display": "0", "missing_lines": 25, "excluded_lines": 0}, "missing_lines": [1433, 1434, 1438, 1439, 1445, 1446, 1447, 1450, 1452, 1453, 1457, 1458, 1459, 1463, 1468, 1469, 1470, 1471, 1475, 1477, 1478, 1481, 1482, 1483, 1484], "excluded_lines": []}, "McpCache.clear_cache_by_pipeline": {"executed_lines": [], "summary": {"covered_lines": 0, "num_statements": 48, "percent_covered": 0.0, "percent_covered_display": "0", "missing_lines": 48, "excluded_lines": 0}, "missing_lines": [1490, 1491, 1495, 1496, 1497, 1499, 1502, 1506, 1507, 1511, 1512, 1515, 1519, 1520, 1521, 1525, 1531, 1535, 1536, 1537, 1541, 1547, 1551, 1552, 1553, 1557, 1562, 1563, 1564, 1565, 1568, 1572, 1573, 1574, 1576, 1582, 1586, 1587, 1588, 1592, 1597, 1599, 1602, 1605, 1609, 1610, 1611, 1612], "excluded_lines": []}, "McpCache.clear_cache_by_job": {"executed_lines": [], "summary": {"covered_lines": 0, "num_statements": 33, "percent_covered": 0.0, "percent_covered_display": "0", "missing_lines": 33, "excluded_lines": 0}, "missing_lines": [1618, 1619, 1623, 1624, 1625, 1628, 1632, 1633, 1634, 1638, 1643, 1646, 1647, 1648, 1652, 1655, 1658, 1659, 1660, 1664, 1669, 1672, 1673, 1674, 1678, 1680, 1682, 1685, 1688, 1692, 1693, 1694, 1695], "excluded_lines": []}, "McpCache.check_health": {"executed_lines": [1699, 1700, 1703, 1704, 1707, 1708, 1709, 1712, 1713, 1714, 1722, 1723, 1725, 1726, 1727, 1728, 1729, 1730, 1732, 1733, 1742, 1744, 1746, 1747, 1750, 1757, 1759, 1760, 1761, 1762, 1763, 1766, 1767, 1769, 1775, 1783, 1784, 1786, 1793, 1794, 1797, 1804, 1805, 1808, 1815, 1816, 1818, 1827, 1832, 1837, 1839], "summary": {"covered_lines": 51, "num_statements": 64, "percent_covered": 79.6875, "percent_covered_display": "80", "missing_lines": 13, "excluded_lines": 0}, "missing_lines": [1739, 1740, 1778, 1779, 1780, 1828, 1834, 1835, 1865, 1866, 1867, 1869, 1871], "excluded_lines": []}, "McpCache._generate_health_recommendations": {"executed_lines": [1887, 1890, 1891, 1895, 1896, 1901, 1910, 1914, 1920, 1923], "summary": {"covered_lines": 10, "num_statements": 15, "percent_covered": 66.66666666666667, "percent_covered_display": "67", "missing_lines": 5, "excluded_lines": 0}, "missing_lines": [1892, 1905, 1911, 1915, 1921], "excluded_lines": []}, "McpCache.get_or_compute": {"executed_lines": [1936], "summary": {"covered_lines": 1, "num_statements": 1, "percent_covered": 100.0, "percent_covered_display": "100", "missing_lines": 0, "excluded_lines": 0}, "missing_lines": [], "excluded_lines": []}, "McpCache.get": {"executed_lines": [1941], "summary": {"covered_lines": 1, "num_statements": 1, "percent_covered": 100.0, "percent_covered_display": "100", "missing_lines": 0, "excluded_lines": 0}, "missing_lines": [], "excluded_lines": []}, "McpCache.set": {"executed_lines": [], "summary": {"covered_lines": 0, "num_statements": 0, "percent_covered": 100.0, "percent_covered_display": "100", "missing_lines": 0, "excluded_lines": 0}, "missing_lines": [], "excluded_lines": []}, "get_cache_manager": {"executed_lines": [1972, 1973, 1974, 1975, 1976, 1986, 1987], "summary": {"covered_lines": 7, "num_statements": 14, "percent_covered": 50.0, "percent_covered_display": "50", "missing_lines": 7, "excluded_lines": 0}, "missing_lines": [1977, 1978, 1979, 1980, 1982, 1983, 1984], "excluded_lines": []}, "cleanup_cache_manager": {"executed_lines": [], "summary": {"covered_lines": 0, "num_statements": 3, "percent_covered": 0.0, "percent_covered_display": "0", "missing_lines": 3, "excluded_lines": 0}, "missing_lines": [1993, 1995, 1996], "excluded_lines": []}, "": {"executed_lines": [1, 12, 13, 14, 15, 16, 17, 18, 19, 21, 23, 30, 33, 34, 43, 65, 349, 358, 391, 439, 445, 473, 500, 589, 646, 716, 773, 801, 835, 904, 922, 977, 1005, 1042, 1092, 1118, 1148, 1174, 1208, 1235, 1260, 1296, 1429, 1486, 1614, 1697, 1883, 1925, 1938, 1943, 1959, 1962, 1990], "summary": {"covered_lines": 51, "num_statements": 51, "percent_covered": 100.0, "percent_covered_display": "100", "missing_lines": 0, "excluded_lines": 0}, "missing_lines": [], "excluded_lines": []}}, "classes": {"McpCache": {"executed_lines": [45, 46, 48, 49, 54, 62, 63, 67, 69, 70, 71, 74, 79, 80, 81, 84, 90, 91, 94, 97, 102, 103, 104, 106, 113, 114, 115, 116, 118, 211, 216, 217, 231, 236, 238, 247, 248, 259, 267, 269, 270, 274, 275, 278, 279, 280, 285, 286, 288, 292, 293, 294, 351, 352, 356, 362, 364, 389, 396, 397, 399, 400, 402, 403, 406, 426, 427, 428, 429, 430, 433, 434, 441, 443, 452, 453, 475, 476, 484, 485, 486, 498, 504, 505, 506, 510, 511, 512, 515, 516, 517, 518, 519, 520, 522, 550, 551, 554, 555, 586, 587, 597, 598, 599, 656, 657, 659, 660, 661, 663, 681, 682, 683, 686, 687, 688, 693, 707, 726, 727, 729, 730, 732, 736, 740, 741, 743, 765, 775, 776, 786, 787, 799, 803, 804, 813, 814, 833, 839, 841, 845, 847, 848, 858, 861, 862, 865, 873, 874, 877, 885, 886, 888, 913, 914, 924, 925, 929, 930, 931, 932, 933, 934, 935, 937, 946, 948, 949, 950, 960, 961, 962, 963, 965, 975, 979, 980, 989, 990, 991, 1003, 1007, 1008, 1018, 1019, 1020, 1031, 1032, 1033, 1034, 1038, 1040, 1044, 1045, 1049, 1050, 1051, 1053, 1054, 1055, 1065, 1066, 1067, 1084, 1085, 1088, 1090, 1094, 1095, 1105, 1122, 1124, 1128, 1129, 1130, 1262, 1263, 1265, 1268, 1293, 1294, 1298, 1299, 1303, 1304, 1381, 1386, 1401, 1402, 1403, 1408, 1409, 1410, 1411, 1412, 1413, 1415, 1416, 1417, 1418, 1420, 1421, 1424, 1699, 1700, 1703, 1704, 1707, 1708, 1709, 1712, 1713, 1714, 1722, 1723, 1725, 1726, 1727, 1728, 1729, 1730, 1732, 1733, 1742, 1744, 1746, 1747, 1750, 1757, 1759, 1760, 1761, 1762, 1763, 1766, 1767, 1769, 1775, 1783, 1784, 1786, 1793, 1794, 1797, 1804, 1805, 1808, 1815, 1816, 1818, 1827, 1832, 1837, 1839, 1887, 1890, 1891, 1895, 1896, 1901, 1910, 1914, 1920, 1923, 1936, 1941], "summary": {"covered_lines": 306, "num_statements": 609, "percent_covered": 50.24630541871921, "percent_covered_display": "50", "missing_lines": 303, "excluded_lines": 0}, "missing_lines": [108, 109, 110, 111, 218, 223, 228, 249, 254, 260, 265, 289, 296, 297, 298, 299, 300, 303, 305, 306, 307, 308, 309, 314, 315, 316, 318, 319, 320, 321, 322, 324, 325, 326, 327, 330, 331, 334, 336, 337, 338, 339, 340, 343, 345, 346, 347, 507, 523, 524, 528, 529, 532, 533, 534, 535, 536, 537, 538, 541, 542, 543, 545, 547, 548, 574, 584, 602, 603, 604, 608, 609, 611, 617, 637, 639, 640, 641, 643, 644, 691, 694, 709, 710, 711, 713, 714, 767, 768, 769, 771, 788, 815, 915, 916, 917, 918, 920, 972, 974, 1035, 1036, 1086, 1087, 1133, 1137, 1139, 1140, 1141, 1142, 1143, 1146, 1152, 1153, 1155, 1156, 1157, 1158, 1159, 1160, 1162, 1164, 1165, 1167, 1168, 1169, 1170, 1172, 1176, 1178, 1185, 1186, 1189, 1194, 1197, 1200, 1204, 1206, 1210, 1212, 1213, 1214, 1216, 1217, 1218, 1221, 1222, 1225, 1226, 1228, 1237, 1239, 1244, 1249, 1254, 1279, 1280, 1283, 1284, 1287, 1290, 1292, 1305, 1310, 1338, 1339, 1340, 1345, 1348, 1353, 1356, 1361, 1364, 1370, 1373, 1376, 1425, 1426, 1427, 1433, 1434, 1438, 1439, 1445, 1446, 1447, 1450, 1452, 1453, 1457, 1458, 1459, 1463, 1468, 1469, 1470, 1471, 1475, 1477, 1478, 1481, 1482, 1483, 1484, 1490, 1491, 1495, 1496, 1497, 1499, 1502, 1506, 1507, 1511, 1512, 1515, 1519, 1520, 1521, 1525, 1531, 1535, 1536, 1537, 1541, 1547, 1551, 1552, 1553, 1557, 1562, 1563, 1564, 1565, 1568, 1572, 1573, 1574, 1576, 1582, 1586, 1587, 1588, 1592, 1597, 1599, 1602, 1605, 1609, 1610, 1611, 1612, 1618, 1619, 1623, 1624, 1625, 1628, 1632, 1633, 1634, 1638, 1643, 1646, 1647, 1648, 1652, 1655, 1658, 1659, 1660, 1664, 1669, 1672, 1673, 1674, 1678, 1680, 1682, 1685, 1688, 1692, 1693, 1694, 1695, 1739, 1740, 1778, 1779, 1780, 1828, 1834, 1835, 1865, 1866, 1867, 1869, 1871, 1892, 1905, 1911, 1915, 1921], "excluded_lines": []}, "": {"executed_lines": [1, 12, 13, 14, 15, 16, 17, 18, 19, 21, 23, 30, 33, 34, 43, 65, 349, 358, 391, 439, 445, 473, 500, 589, 646, 716, 773, 801, 835, 904, 922, 977, 1005, 1042, 1092, 1118, 1148, 1174, 1208, 1235, 1260, 1296, 1429, 1486, 1614, 1697, 1883, 1925, 1938, 1943, 1959, 1962, 1972, 1973, 1974, 1975, 1976, 1986, 1987, 1990], "summary": {"covered_lines": 58, "num_statements": 68, "percent_covered": 85.29411764705883, "percent_covered_display": "85", "missing_lines": 10, "excluded_lines": 0}, "missing_lines": [1977, 1978, 1979, 1980, 1982, 1983, 1984, 1993, 1995, 1996], "excluded_lines": []}}}, "src/gitlab_analyzer/cache/models.py": {"executed_lines": [1, 12, 13, 14, 15, 16, 17, 18, 21, 22, 24, 25, 31, 32, 38, 39, 45, 54, 56, 57, 59, 62, 68, 69, 70, 72, 75, 86, 95, 98, 99, 101, 102, 103, 104, 105, 106, 109, 110, 111, 113, 114, 115, 116, 117, 118, 119, 120, 121, 122, 124, 125, 126, 127, 128, 129, 131, 132, 157, 197, 198, 199, 201, 202, 203, 204, 205, 206, 207, 208, 209, 210, 212, 213, 244, 245, 246, 247, 249, 250, 251, 252, 253, 254, 255, 256, 257, 259, 260, 265, 268, 274, 278], "summary": {"covered_lines": 87, "num_statements": 115, "percent_covered": 75.65217391304348, "percent_covered_display": "76", "missing_lines": 28, "excluded_lines": 0}, "missing_lines": [27, 28, 29, 34, 35, 36, 41, 42, 60, 64, 65, 79, 80, 81, 83, 134, 137, 138, 139, 143, 172, 175, 217, 220, 223, 224, 225, 229], "excluded_lines": [], "functions": {"CacheData.serialize": {"executed_lines": [], "summary": {"covered_lines": 0, "num_statements": 3, "percent_covered": 0.0, "percent_covered_display": "0", "missing_lines": 3, "excluded_lines": 0}, "missing_lines": [27, 28, 29], "excluded_lines": []}, "CacheData.deserialize": {"executed_lines": [], "summary": {"covered_lines": 0, "num_statements": 3, "percent_covered": 0.0, "percent_covered_display": "0", "missing_lines": 3, "excluded_lines": 0}, "missing_lines": [34, 35, 36], "excluded_lines": []}, "CacheData.calculate_size": {"executed_lines": [], "summary": {"covered_lines": 0, "num_statements": 2, "percent_covered": 0.0, "percent_covered_display": "0", "missing_lines": 2, "excluded_lines": 0}, "missing_lines": [41, 42], "excluded_lines": []}, "generate_cache_key": {"executed_lines": [54, 56, 57, 59, 62, 68, 69, 70, 72], "summary": {"covered_lines": 9, "num_statements": 12, "percent_covered": 75.0, "percent_covered_display": "75", "missing_lines": 3, "excluded_lines": 0}, "missing_lines": [60, 64, 65], "excluded_lines": []}, "generate_error_id": {"executed_lines": [], "summary": {"covered_lines": 0, "num_statements": 4, "percent_covered": 0.0, "percent_covered_display": "0", "missing_lines": 4, "excluded_lines": 0}, "missing_lines": [79, 80, 81, 83], "excluded_lines": []}, "generate_standard_error_id": {"executed_lines": [95], "summary": {"covered_lines": 1, "num_statements": 1, "percent_covered": 100.0, "percent_covered_display": "100", "missing_lines": 0, "excluded_lines": 0}, "missing_lines": [], "excluded_lines": []}, "PipelineRecord.from_gitlab_pipeline": {"executed_lines": [], "summary": {"covered_lines": 0, "num_statements": 5, "percent_covered": 0.0, "percent_covered_display": "0", "missing_lines": 5, "excluded_lines": 0}, "missing_lines": [134, 137, 138, 139, 143], "excluded_lines": []}, "PipelineRecord.with_merge_request_data": {"executed_lines": [], "summary": {"covered_lines": 0, "num_statements": 2, "percent_covered": 0.0, "percent_covered_display": "0", "missing_lines": 2, "excluded_lines": 0}, "missing_lines": [172, 175], "excluded_lines": []}, "JobRecord.from_gitlab_job": {"executed_lines": [], "summary": {"covered_lines": 0, "num_statements": 6, "percent_covered": 0.0, "percent_covered_display": "0", "missing_lines": 6, "excluded_lines": 0}, "missing_lines": [217, 220, 223, 224, 225, 229], "excluded_lines": []}, "ErrorRecord.from_parsed_error": {"executed_lines": [265, 268, 274, 278], "summary": {"covered_lines": 4, "num_statements": 4, "percent_covered": 100.0, "percent_covered_display": "100", "missing_lines": 0, "excluded_lines": 0}, "missing_lines": [], "excluded_lines": []}, "": {"executed_lines": [1, 12, 13, 14, 15, 16, 17, 18, 21, 22, 24, 25, 31, 32, 38, 39, 45, 75, 86, 98, 99, 101, 102, 103, 104, 105, 106, 109, 110, 111, 113, 114, 115, 116, 117, 118, 119, 120, 121, 122, 124, 125, 126, 127, 128, 129, 131, 132, 157, 197, 198, 199, 201, 202, 203, 204, 205, 206, 207, 208, 209, 210, 212, 213, 244, 245, 246, 247, 249, 250, 251, 252, 253, 254, 255, 256, 257, 259, 260], "summary": {"covered_lines": 73, "num_statements": 73, "percent_covered": 100.0, "percent_covered_display": "100", "missing_lines": 0, "excluded_lines": 0}, "missing_lines": [], "excluded_lines": []}}, "classes": {"CacheData": {"executed_lines": [], "summary": {"covered_lines": 0, "num_statements": 8, "percent_covered": 0.0, "percent_covered_display": "0", "missing_lines": 8, "excluded_lines": 0}, "missing_lines": [27, 28, 29, 34, 35, 36, 41, 42], "excluded_lines": []}, "JobStatus": {"executed_lines": [], "summary": {"covered_lines": 0, "num_statements": 0, "percent_covered": 100.0, "percent_covered_display": "100", "missing_lines": 0, "excluded_lines": 0}, "missing_lines": [], "excluded_lines": []}, "PipelineRecord": {"executed_lines": [], "summary": {"covered_lines": 0, "num_statements": 7, "percent_covered": 0.0, "percent_covered_display": "0", "missing_lines": 7, "excluded_lines": 0}, "missing_lines": [134, 137, 138, 139, 143, 172, 175], "excluded_lines": []}, "JobRecord": {"executed_lines": [], "summary": {"covered_lines": 0, "num_statements": 6, "percent_covered": 0.0, "percent_covered_display": "0", "missing_lines": 6, "excluded_lines": 0}, "missing_lines": [217, 220, 223, 224, 225, 229], "excluded_lines": []}, "ErrorRecord": {"executed_lines": [265, 268, 274, 278], "summary": {"covered_lines": 4, "num_statements": 4, "percent_covered": 100.0, "percent_covered_display": "100", "missing_lines": 0, "excluded_lines": 0}, "missing_lines": [], "excluded_lines": []}, "": {"executed_lines": [1, 12, 13, 14, 15, 16, 17, 18, 21, 22, 24, 25, 31, 32, 38, 39, 45, 54, 56, 57, 59, 62, 68, 69, 70, 72, 75, 86, 95, 98, 99, 101, 102, 103, 104, 105, 106, 109, 110, 111, 113, 114, 115, 116, 117, 118, 119, 120, 121, 122, 124, 125, 126, 127, 128, 129, 131, 132, 157, 197, 198, 199, 201, 202, 203, 204, 205, 206, 207, 208, 209, 210, 212, 213, 244, 245, 246, 247, 249, 250, 251, 252, 253, 254, 255, 256, 257, 259, 260], "summary": {"covered_lines": 83, "num_statements": 90, "percent_covered": 92.22222222222223, "percent_covered_display": "92", "missing_lines": 7, "excluded_lines": 0}, "missing_lines": [60, 64, 65, 79, 80, 81, 83], "excluded_lines": []}}}, "src/gitlab_analyzer/core/analysis.py": {"executed_lines": [1, 8, 9, 10, 11, 13, 14, 15, 16, 18, 21, 55, 133, 148, 156, 157, 158, 161, 163, 164, 168, 169, 178, 179, 180, 182, 185, 199, 200, 201, 204, 265, 353, 398, 439], "summary": {"covered_lines": 34, "num_statements": 136, "percent_covered": 25.0, "percent_covered_display": "25", "missing_lines": 102, "excluded_lines": 0}, "missing_lines": [25, 26, 28, 29, 30, 48, 51, 52, 65, 66, 68, 70, 83, 84, 86, 87, 89, 108, 109, 110, 111, 112, 115, 116, 121, 122, 129, 130, 165, 226, 227, 229, 231, 237, 238, 241, 244, 245, 249, 260, 262, 281, 284, 285, 287, 288, 289, 302, 304, 305, 306, 307, 311, 312, 321, 329, 331, 333, 363, 364, 366, 377, 388, 408, 409, 411, 412, 415, 423, 428, 431, 432, 433, 434, 436, 460, 461, 463, 464, 467, 468, 469, 471, 472, 473, 476, 477, 478, 479, 481, 483, 486, 494, 496, 504, 507, 508, 518, 519, 521, 522, 535], "excluded_lines": [], "functions": {"store_jobs_metadata_step": {"executed_lines": [], "summary": {"covered_lines": 0, "num_statements": 8, "percent_covered": 0.0, "percent_covered_display": "0", "missing_lines": 8, "excluded_lines": 0}, "missing_lines": [25, 26, 28, 29, 30, 48, 51, 52], "excluded_lines": []}, "store_job_analysis_step": {"executed_lines": [], "summary": {"covered_lines": 0, "num_statements": 20, "percent_covered": 0.0, "percent_covered_display": "0", "missing_lines": 20, "excluded_lines": 0}, "missing_lines": [65, 66, 68, 70, 83, 84, 86, 87, 89, 108, 109, 110, 111, 112, 115, 116, 121, 122, 129, 130], "excluded_lines": []}, "is_pytest_job": {"executed_lines": [148, 156, 157, 158, 161, 163, 164, 168, 169, 178, 179, 180, 182], "summary": {"covered_lines": 13, "num_statements": 14, "percent_covered": 92.85714285714286, "percent_covered_display": "93", "missing_lines": 1, "excluded_lines": 0}, "missing_lines": [165], "excluded_lines": []}, "get_optimal_parser": {"executed_lines": [199, 200, 201], "summary": {"covered_lines": 3, "num_statements": 3, "percent_covered": 100.0, "percent_covered_display": "100", "missing_lines": 0, "excluded_lines": 0}, "missing_lines": [], "excluded_lines": []}, "parse_job_logs": {"executed_lines": [], "summary": {"covered_lines": 0, "num_statements": 12, "percent_covered": 0.0, "percent_covered_display": "0", "missing_lines": 12, "excluded_lines": 0}, "missing_lines": [226, 227, 229, 231, 237, 238, 241, 244, 245, 249, 260, 262], "excluded_lines": []}, "parse_pytest_logs": {"executed_lines": [], "summary": {"covered_lines": 0, "num_statements": 17, "percent_covered": 0.0, "percent_covered_display": "0", "missing_lines": 17, "excluded_lines": 0}, "missing_lines": [281, 284, 285, 287, 288, 289, 302, 304, 305, 306, 307, 311, 312, 321, 329, 331, 333], "excluded_lines": []}, "parse_generic_logs": {"executed_lines": [], "summary": {"covered_lines": 0, "num_statements": 5, "percent_covered": 0.0, "percent_covered_display": "0", "missing_lines": 5, "excluded_lines": 0}, "missing_lines": [363, 364, 366, 377, 388], "excluded_lines": []}, "filter_unknown_errors": {"executed_lines": [], "summary": {"covered_lines": 0, "num_statements": 12, "percent_covered": 0.0, "percent_covered_display": "0", "missing_lines": 12, "excluded_lines": 0}, "missing_lines": [408, 409, 411, 412, 415, 423, 428, 431, 432, 433, 434, 436], "excluded_lines": []}, "analyze_pipeline_jobs": {"executed_lines": [], "summary": {"covered_lines": 0, "num_statements": 27, "percent_covered": 0.0, "percent_covered_display": "0", "missing_lines": 27, "excluded_lines": 0}, "missing_lines": [460, 461, 463, 464, 467, 468, 469, 471, 472, 473, 476, 477, 478, 479, 481, 483, 486, 494, 496, 504, 507, 508, 518, 519, 521, 522, 535], "excluded_lines": []}, "": {"executed_lines": [1, 8, 9, 10, 11, 13, 14, 15, 16, 18, 21, 55, 133, 185, 204, 265, 353, 398, 439], "summary": {"covered_lines": 18, "num_statements": 18, "percent_covered": 100.0, "percent_covered_display": "100", "missing_lines": 0, "excluded_lines": 0}, "missing_lines": [], "excluded_lines": []}}, "classes": {"": {"executed_lines": [1, 8, 9, 10, 11, 13, 14, 15, 16, 18, 21, 55, 133, 148, 156, 157, 158, 161, 163, 164, 168, 169, 178, 179, 180, 182, 185, 199, 200, 201, 204, 265, 353, 398, 439], "summary": {"covered_lines": 34, "num_statements": 136, "percent_covered": 25.0, "percent_covered_display": "25", "missing_lines": 102, "excluded_lines": 0}, "missing_lines": [25, 26, 28, 29, 30, 48, 51, 52, 65, 66, 68, 70, 83, 84, 86, 87, 89, 108, 109, 110, 111, 112, 115, 116, 121, 122, 129, 130, 165, 226, 227, 229, 231, 237, 238, 241, 244, 245, 249, 260, 262, 281, 284, 285, 287, 288, 289, 302, 304, 305, 306, 307, 311, 312, 321, 329, 331, 333, 363, 364, 366, 377, 388, 408, 409, 411, 412, 415, 423, 428, 431, 432, 433, 434, 436, 460, 461, 463, 464, 467, 468, 469, 471, 472, 473, 476, 477, 478, 479, 481, 483, 486, 494, 496, 504, 507, 508, 518, 519, 521, 522, 535], "excluded_lines": []}}}, "src/gitlab_analyzer/core/pipeline_info.py": {"executed_lines": [1, 8, 9, 11, 13, 14, 17, 130], "summary": {"covered_lines": 7, "num_statements": 43, "percent_covered": 16.27906976744186, "percent_covered_display": "16", "missing_lines": 36, "excluded_lines": 0}, "missing_lines": [61, 64, 67, 68, 69, 70, 71, 72, 75, 76, 78, 80, 83, 86, 89, 90, 95, 97, 99, 103, 111, 112, 113, 115, 148, 150, 152, 154, 156, 157, 160, 161, 164, 166, 172, 174], "excluded_lines": [], "functions": {"get_comprehensive_pipeline_info": {"executed_lines": [], "summary": {"covered_lines": 0, "num_statements": 24, "percent_covered": 0.0, "percent_covered_display": "0", "missing_lines": 24, "excluded_lines": 0}, "missing_lines": [61, 64, 67, 68, 69, 70, 71, 72, 75, 76, 78, 80, 83, 86, 89, 90, 95, 97, 99, 103, 111, 112, 113, 115], "excluded_lines": []}, "resolve_pipeline_branches": {"executed_lines": [], "summary": {"covered_lines": 0, "num_statements": 12, "percent_covered": 0.0, "percent_covered_display": "0", "missing_lines": 12, "excluded_lines": 0}, "missing_lines": [148, 150, 152, 154, 156, 157, 160, 161, 164, 166, 172, 174], "excluded_lines": []}, "": {"executed_lines": [1, 8, 9, 11, 13, 14, 17, 130], "summary": {"covered_lines": 7, "num_statements": 7, "percent_covered": 100.0, "percent_covered_display": "100", "missing_lines": 0, "excluded_lines": 0}, "missing_lines": [], "excluded_lines": []}}, "classes": {"": {"executed_lines": [1, 8, 9, 11, 13, 14, 17, 130], "summary": {"covered_lines": 7, "num_statements": 43, "percent_covered": 16.27906976744186, "percent_covered_display": "16", "missing_lines": 36, "excluded_lines": 0}, "missing_lines": [61, 64, 67, 68, 69, 70, 71, 72, 75, 76, 78, 80, 83, 86, 89, 90, 95, 97, 99, 103, 111, 112, 113, 115, 148, 150, 152, 154, 156, 157, 160, 161, 164, 166, 172, 174], "excluded_lines": []}}}, "src/gitlab_analyzer/mcp/__init__.py": {"executed_lines": [1, 5, 6, 7, 8, 9, 11], "summary": {"covered_lines": 6, "num_statements": 6, "percent_covered": 100.0, "percent_covered_display": "100", "missing_lines": 0, "excluded_lines": 0}, "missing_lines": [], "excluded_lines": [], "functions": {"": {"executed_lines": [1, 5, 6, 7, 8, 9, 11], "summary": {"covered_lines": 6, "num_statements": 6, "percent_covered": 100.0, "percent_covered_display": "100", "missing_lines": 0, "excluded_lines": 0}, "missing_lines": [], "excluded_lines": []}}, "classes": {"": {"executed_lines": [1, 5, 6, 7, 8, 9, 11], "summary": {"covered_lines": 6, "num_statements": 6, "percent_covered": 100.0, "percent_covered_display": "100", "missing_lines": 0, "excluded_lines": 0}, "missing_lines": [], "excluded_lines": []}}}, "src/gitlab_analyzer/mcp/formatters/__init__.py": {"executed_lines": [], "summary": {"covered_lines": 0, "num_statements": 0, "percent_covered": 100.0, "percent_covered_display": "100", "missing_lines": 0, "excluded_lines": 0}, "missing_lines": [], "excluded_lines": [], "functions": {"": {"executed_lines": [], "summary": {"covered_lines": 0, "num_statements": 0, "percent_covered": 100.0, "percent_covered_display": "100", "missing_lines": 0, "excluded_lines": 0}, "missing_lines": [], "excluded_lines": []}}, "classes": {"": {"executed_lines": [], "summary": {"covered_lines": 0, "num_statements": 0, "percent_covered": 100.0, "percent_covered_display": "100", "missing_lines": 0, "excluded_lines": 0}, "missing_lines": [], "excluded_lines": []}}}, "src/gitlab_analyzer/mcp/formatters/base_formatter.py": {"executed_lines": [], "summary": {"covered_lines": 0, "num_statements": 19, "percent_covered": 0.0, "percent_covered_display": "0", "missing_lines": 19, "excluded_lines": 13}, "missing_lines": [10, 11, 14, 31, 42, 43, 44, 45, 47, 49, 52, 53, 54, 55, 56, 58, 60, 62, 64], "excluded_lines": [17, 18, 19, 20, 21, 22, 23, 24, 25, 26, 27, 28, 29], "functions": {"BaseFormatter.format": {"executed_lines": [], "summary": {"covered_lines": 0, "num_statements": 0, "percent_covered": 100.0, "percent_covered_display": "100", "missing_lines": 0, "excluded_lines": 11}, "missing_lines": [], "excluded_lines": [19, 20, 21, 22, 23, 24, 25, 26, 27, 28, 29]}, "BaseFormatter.optimize_for_mode": {"executed_lines": [], "summary": {"covered_lines": 0, "num_statements": 5, "percent_covered": 0.0, "percent_covered_display": "0", "missing_lines": 5, "excluded_lines": 0}, "missing_lines": [42, 43, 44, 45, 47], "excluded_lines": []}, "BaseFormatter._apply_minimal_optimization": {"executed_lines": [], "summary": {"covered_lines": 0, "num_statements": 5, "percent_covered": 0.0, "percent_covered_display": "0", "missing_lines": 5, "excluded_lines": 0}, "missing_lines": [52, 53, 54, 55, 56], "excluded_lines": []}, "BaseFormatter._apply_balanced_optimization": {"executed_lines": [], "summary": {"covered_lines": 0, "num_statements": 1, "percent_covered": 0.0, "percent_covered_display": "0", "missing_lines": 1, "excluded_lines": 0}, "missing_lines": [60], "excluded_lines": []}, "BaseFormatter._apply_detailed_optimization": {"executed_lines": [], "summary": {"covered_lines": 0, "num_statements": 1, "percent_covered": 0.0, "percent_covered_display": "0", "missing_lines": 1, "excluded_lines": 0}, "missing_lines": [64], "excluded_lines": []}, "": {"executed_lines": [], "summary": {"covered_lines": 0, "num_statements": 7, "percent_covered": 0.0, "percent_covered_display": "0", "missing_lines": 7, "excluded_lines": 2}, "missing_lines": [10, 11, 14, 31, 49, 58, 62], "excluded_lines": [17, 18]}}, "classes": {"BaseFormatter": {"executed_lines": [], "summary": {"covered_lines": 0, "num_statements": 12, "percent_covered": 0.0, "percent_covered_display": "0", "missing_lines": 12, "excluded_lines": 11}, "missing_lines": [42, 43, 44, 45, 47, 52, 53, 54, 55, 56, 60, 64], "excluded_lines": [19, 20, 21, 22, 23, 24, 25, 26, 27, 28, 29]}, "": {"executed_lines": [], "summary": {"covered_lines": 0, "num_statements": 7, "percent_covered": 0.0, "percent_covered_display": "0", "missing_lines": 7, "excluded_lines": 2}, "missing_lines": [10, 11, 14, 31, 49, 58, 62], "excluded_lines": [17, 18]}}}, "src/gitlab_analyzer/mcp/prompts/__init__.py": {"executed_lines": [1, 8, 9, 10, 11, 12, 14, 23, 25, 26, 27, 28, 29], "summary": {"covered_lines": 12, "num_statements": 12, "percent_covered": 100.0, "percent_covered_display": "100", "missing_lines": 0, "excluded_lines": 0}, "missing_lines": [], "excluded_lines": [], "functions": {"register_all_prompts": {"executed_lines": [25, 26, 27, 28, 29], "summary": {"covered_lines": 5, "num_statements": 5, "percent_covered": 100.0, "percent_covered_display": "100", "missing_lines": 0, "excluded_lines": 0}, "missing_lines": [], "excluded_lines": []}, "": {"executed_lines": [1, 8, 9, 10, 11, 12, 14, 23], "summary": {"covered_lines": 7, "num_statements": 7, "percent_covered": 100.0, "percent_covered_display": "100", "missing_lines": 0, "excluded_lines": 0}, "missing_lines": [], "excluded_lines": []}}, "classes": {"": {"executed_lines": [1, 8, 9, 10, 11, 12, 14, 23, 25, 26, 27, 28, 29], "summary": {"covered_lines": 12, "num_statements": 12, "percent_covered": 100.0, "percent_covered_display": "100", "missing_lines": 0, "excluded_lines": 0}, "missing_lines": [], "excluded_lines": []}}}, "src/gitlab_analyzer/mcp/prompts/advanced.py": {"executed_lines": [1, 8, 9, 11, 14, 42, 57, 69, 72, 73, 170, 171, 260, 261, 371], "summary": {"covered_lines": 14, "num_statements": 36, "percent_covered": 38.888888888888886, "percent_covered_display": "39", "missing_lines": 22, "excluded_lines": 0}, "missing_lines": [16, 39, 46, 59, 60, 62, 63, 64, 66, 83, 104, 105, 107, 113, 119, 180, 187, 193, 271, 273, 280, 287], "excluded_lines": [], "functions": {"_get_role_specific_tips": {"executed_lines": [], "summary": {"covered_lines": 0, "num_statements": 2, "percent_covered": 0.0, "percent_covered_display": "0", "missing_lines": 2, "excluded_lines": 0}, "missing_lines": [16, 39], "excluded_lines": []}, "_generate_strategy_matrix": {"executed_lines": [], "summary": {"covered_lines": 0, "num_statements": 1, "percent_covered": 0.0, "percent_covered_display": "0", "missing_lines": 1, "excluded_lines": 0}, "missing_lines": [46], "excluded_lines": []}, "_format_constraints": {"executed_lines": [], "summary": {"covered_lines": 0, "num_statements": 6, "percent_covered": 0.0, "percent_covered_display": "0", "missing_lines": 6, "excluded_lines": 0}, "missing_lines": [59, 60, 62, 63, 64, 66], "excluded_lines": []}, "register_advanced_prompts": {"executed_lines": [72, 73, 170, 171, 260, 261, 371], "summary": {"covered_lines": 7, "num_statements": 7, "percent_covered": 100.0, "percent_covered_display": "100", "missing_lines": 0, "excluded_lines": 0}, "missing_lines": [], "excluded_lines": []}, "register_advanced_prompts.investigation_wizard_prompt": {"executed_lines": [], "summary": {"covered_lines": 0, "num_statements": 6, "percent_covered": 0.0, "percent_covered_display": "0", "missing_lines": 6, "excluded_lines": 0}, "missing_lines": [83, 104, 105, 107, 113, 119], "excluded_lines": []}, "register_advanced_prompts.pipeline_comparison_prompt": {"executed_lines": [], "summary": {"covered_lines": 0, "num_statements": 3, "percent_covered": 0.0, "percent_covered_display": "0", "missing_lines": 3, "excluded_lines": 0}, "missing_lines": [180, 187, 193], "excluded_lines": []}, "register_advanced_prompts.fix_strategy_prompt": {"executed_lines": [], "summary": {"covered_lines": 0, "num_statements": 4, "percent_covered": 0.0, "percent_covered_display": "0", "missing_lines": 4, "excluded_lines": 0}, "missing_lines": [271, 273, 280, 287], "excluded_lines": []}, "": {"executed_lines": [1, 8, 9, 11, 14, 42, 57, 69], "summary": {"covered_lines": 7, "num_statements": 7, "percent_covered": 100.0, "percent_covered_display": "100", "missing_lines": 0, "excluded_lines": 0}, "missing_lines": [], "excluded_lines": []}}, "classes": {"": {"executed_lines": [1, 8, 9, 11, 14, 42, 57, 69, 72, 73, 170, 171, 260, 261, 371], "summary": {"covered_lines": 14, "num_statements": 36, "percent_covered": 38.888888888888886, "percent_covered_display": "39", "missing_lines": 22, "excluded_lines": 0}, "missing_lines": [16, 39, 46, 59, 60, 62, 63, 64, 66, 83, 104, 105, 107, 113, 119, 180, 187, 193, 271, 273, 280, 287], "excluded_lines": []}}}, "src/gitlab_analyzer/mcp/prompts/debugging.py": {"executed_lines": [1, 8, 10, 13, 16, 17, 116, 117, 172], "summary": {"covered_lines": 8, "num_statements": 12, "percent_covered": 66.66666666666667, "percent_covered_display": "67", "missing_lines": 4, "excluded_lines": 0}, "missing_lines": [22, 23, 87, 122], "excluded_lines": [], "functions": {"register_debugging_prompts": {"executed_lines": [16, 17, 116, 117, 172], "summary": {"covered_lines": 5, "num_statements": 5, "percent_covered": 100.0, "percent_covered_display": "100", "missing_lines": 0, "excluded_lines": 0}, "missing_lines": [], "excluded_lines": []}, "register_debugging_prompts.test_failure_debugging_prompt": {"executed_lines": [], "summary": {"covered_lines": 0, "num_statements": 3, "percent_covered": 0.0, "percent_covered_display": "0", "missing_lines": 3, "excluded_lines": 0}, "missing_lines": [22, 23, 87], "excluded_lines": []}, "register_debugging_prompts.build_failure_debugging_prompt": {"executed_lines": [], "summary": {"covered_lines": 0, "num_statements": 1, "percent_covered": 0.0, "percent_covered_display": "0", "missing_lines": 1, "excluded_lines": 0}, "missing_lines": [122], "excluded_lines": []}, "": {"executed_lines": [1, 8, 10, 13], "summary": {"covered_lines": 3, "num_statements": 3, "percent_covered": 100.0, "percent_covered_display": "100", "missing_lines": 0, "excluded_lines": 0}, "missing_lines": [], "excluded_lines": []}}, "classes": {"": {"executed_lines": [1, 8, 10, 13, 16, 17, 116, 117, 172], "summary": {"covered_lines": 8, "num_statements": 12, "percent_covered": 66.66666666666667, "percent_covered_display": "67", "missing_lines": 4, "excluded_lines": 0}, "missing_lines": [22, 23, 87, 122], "excluded_lines": []}}}, "src/gitlab_analyzer/mcp/prompts/educational.py": {"executed_lines": [1, 8, 10, 13, 16, 17, 153, 154, 297, 298, 439, 475, 486, 497, 508, 543, 571, 599, 627], "summary": {"covered_lines": 18, "num_statements": 43, "percent_covered": 41.86046511627907, "percent_covered_display": "42", "missing_lines": 25, "excluded_lines": 0}, "missing_lines": [25, 27, 34, 40, 47, 162, 169, 176, 306, 312, 318, 325, 441, 472, 477, 488, 499, 510, 540, 545, 568, 573, 596, 601, 624], "excluded_lines": [], "functions": {"register_educational_prompts": {"executed_lines": [16, 17, 153, 154, 297, 298], "summary": {"covered_lines": 6, "num_statements": 6, "percent_covered": 100.0, "percent_covered_display": "100", "missing_lines": 0, "excluded_lines": 0}, "missing_lines": [], "excluded_lines": []}, "register_educational_prompts.learning_path_prompt": {"executed_lines": [], "summary": {"covered_lines": 0, "num_statements": 5, "percent_covered": 0.0, "percent_covered_display": "0", "missing_lines": 5, "excluded_lines": 0}, "missing_lines": [25, 27, 34, 40, 47], "excluded_lines": []}, "register_educational_prompts.knowledge_sharing_prompt": {"executed_lines": [], "summary": {"covered_lines": 0, "num_statements": 3, "percent_covered": 0.0, "percent_covered_display": "0", "missing_lines": 3, "excluded_lines": 0}, "missing_lines": [162, 169, 176], "excluded_lines": []}, "register_educational_prompts.mentoring_guide_prompt": {"executed_lines": [], "summary": {"covered_lines": 0, "num_statements": 4, "percent_covered": 0.0, "percent_covered_display": "0", "missing_lines": 4, "excluded_lines": 0}, "missing_lines": [306, 312, 318, 325], "excluded_lines": []}, "_get_foundation_curriculum": {"executed_lines": [], "summary": {"covered_lines": 0, "num_statements": 2, "percent_covered": 0.0, "percent_covered_display": "0", "missing_lines": 2, "excluded_lines": 0}, "missing_lines": [441, 472], "excluded_lines": []}, "_get_practical_curriculum": {"executed_lines": [], "summary": {"covered_lines": 0, "num_statements": 1, "percent_covered": 0.0, "percent_covered_display": "0", "missing_lines": 1, "excluded_lines": 0}, "missing_lines": [477], "excluded_lines": []}, "_get_advanced_curriculum": {"executed_lines": [], "summary": {"covered_lines": 0, "num_statements": 1, "percent_covered": 0.0, "percent_covered_display": "0", "missing_lines": 1, "excluded_lines": 0}, "missing_lines": [488], "excluded_lines": []}, "_get_mastery_curriculum": {"executed_lines": [], "summary": {"covered_lines": 0, "num_statements": 1, "percent_covered": 0.0, "percent_covered_display": "0", "missing_lines": 1, "excluded_lines": 0}, "missing_lines": [499], "excluded_lines": []}, "_get_learning_style_activities": {"executed_lines": [], "summary": {"covered_lines": 0, "num_statements": 2, "percent_covered": 0.0, "percent_covered_display": "0", "missing_lines": 2, "excluded_lines": 0}, "missing_lines": [510, 540], "excluded_lines": []}, "_get_sharing_activities": {"executed_lines": [], "summary": {"covered_lines": 0, "num_statements": 2, "percent_covered": 0.0, "percent_covered_display": "0", "missing_lines": 2, "excluded_lines": 0}, "missing_lines": [545, 568], "excluded_lines": []}, "_get_guided_investigation_structure": {"executed_lines": [], "summary": {"covered_lines": 0, "num_statements": 2, "percent_covered": 0.0, "percent_covered_display": "0", "missing_lines": 2, "excluded_lines": 0}, "missing_lines": [573, 596], "excluded_lines": []}, "_get_teaching_strategies": {"executed_lines": [], "summary": {"covered_lines": 0, "num_statements": 2, "percent_covered": 0.0, "percent_covered_display": "0", "missing_lines": 2, "excluded_lines": 0}, "missing_lines": [601, 624], "excluded_lines": []}, "": {"executed_lines": [1, 8, 10, 13, 439, 475, 486, 497, 508, 543, 571, 599, 627], "summary": {"covered_lines": 12, "num_statements": 12, "percent_covered": 100.0, "percent_covered_display": "100", "missing_lines": 0, "excluded_lines": 0}, "missing_lines": [], "excluded_lines": []}}, "classes": {"": {"executed_lines": [1, 8, 10, 13, 16, 17, 153, 154, 297, 298, 439, 475, 486, 497, 508, 543, 571, 599, 627], "summary": {"covered_lines": 18, "num_statements": 43, "percent_covered": 41.86046511627907, "percent_covered_display": "42", "missing_lines": 25, "excluded_lines": 0}, "missing_lines": [25, 27, 34, 40, 47, 162, 169, 176, 306, 312, 318, 325, 441, 472, 477, 488, 499, 510, 540, 545, 568, 573, 596, 601, 624], "excluded_lines": []}}}, "src/gitlab_analyzer/mcp/prompts/investigation.py": {"executed_lines": [1, 8, 10, 13, 16, 17, 140, 141, 187], "summary": {"covered_lines": 8, "num_statements": 15, "percent_covered": 53.333333333333336, "percent_covered_display": "53", "missing_lines": 7, "excluded_lines": 0}, "missing_lines": [22, 89, 90, 114, 115, 138, 146], "excluded_lines": [], "functions": {"register_investigation_prompts": {"executed_lines": [16, 17, 140, 141, 187], "summary": {"covered_lines": 5, "num_statements": 5, "percent_covered": 100.0, "percent_covered_display": "100", "missing_lines": 0, "excluded_lines": 0}, "missing_lines": [], "excluded_lines": []}, "register_investigation_prompts.pipeline_investigation_prompt": {"executed_lines": [], "summary": {"covered_lines": 0, "num_statements": 6, "percent_covered": 0.0, "percent_covered_display": "0", "missing_lines": 6, "excluded_lines": 0}, "missing_lines": [22, 89, 90, 114, 115, 138], "excluded_lines": []}, "register_investigation_prompts.error_analysis_prompt": {"executed_lines": [], "summary": {"covered_lines": 0, "num_statements": 1, "percent_covered": 0.0, "percent_covered_display": "0", "missing_lines": 1, "excluded_lines": 0}, "missing_lines": [146], "excluded_lines": []}, "": {"executed_lines": [1, 8, 10, 13], "summary": {"covered_lines": 3, "num_statements": 3, "percent_covered": 100.0, "percent_covered_display": "100", "missing_lines": 0, "excluded_lines": 0}, "missing_lines": [], "excluded_lines": []}}, "classes": {"": {"executed_lines": [1, 8, 10, 13, 16, 17, 140, 141, 187], "summary": {"covered_lines": 8, "num_statements": 15, "percent_covered": 53.333333333333336, "percent_covered_display": "53", "missing_lines": 7, "excluded_lines": 0}, "missing_lines": [22, 89, 90, 114, 115, 138, 146], "excluded_lines": []}}}, "src/gitlab_analyzer/mcp/prompts/performance.py": {"executed_lines": [1, 8, 10, 13, 16, 17, 147, 148, 277, 278, 398, 425], "summary": {"covered_lines": 11, "num_statements": 24, "percent_covered": 45.833333333333336, "percent_covered_display": "46", "missing_lines": 13, "excluded_lines": 0}, "missing_lines": [26, 33, 41, 47, 157, 163, 171, 177, 287, 294, 301, 400, 423], "excluded_lines": [], "functions": {"register_performance_prompts": {"executed_lines": [16, 17, 147, 148, 277, 278, 398, 425], "summary": {"covered_lines": 8, "num_statements": 8, "percent_covered": 100.0, "percent_covered_display": "100", "missing_lines": 0, "excluded_lines": 0}, "missing_lines": [], "excluded_lines": []}, "register_performance_prompts.performance_investigation_prompt": {"executed_lines": [], "summary": {"covered_lines": 0, "num_statements": 4, "percent_covered": 0.0, "percent_covered_display": "0", "missing_lines": 4, "excluded_lines": 0}, "missing_lines": [26, 33, 41, 47], "excluded_lines": []}, "register_performance_prompts.ci_cd_optimization_prompt": {"executed_lines": [], "summary": {"covered_lines": 0, "num_statements": 4, "percent_covered": 0.0, "percent_covered_display": "0", "missing_lines": 4, "excluded_lines": 0}, "missing_lines": [157, 163, 171, 177], "excluded_lines": []}, "register_performance_prompts.resource_efficiency_prompt": {"executed_lines": [], "summary": {"covered_lines": 0, "num_statements": 3, "percent_covered": 0.0, "percent_covered_display": "0", "missing_lines": 3, "excluded_lines": 0}, "missing_lines": [287, 294, 301], "excluded_lines": []}, "register_performance_prompts._get_team_specific_recommendations": {"executed_lines": [], "summary": {"covered_lines": 0, "num_statements": 2, "percent_covered": 0.0, "percent_covered_display": "0", "missing_lines": 2, "excluded_lines": 0}, "missing_lines": [400, 423], "excluded_lines": []}, "": {"executed_lines": [1, 8, 10, 13], "summary": {"covered_lines": 3, "num_statements": 3, "percent_covered": 100.0, "percent_covered_display": "100", "missing_lines": 0, "excluded_lines": 0}, "missing_lines": [], "excluded_lines": []}}, "classes": {"": {"executed_lines": [1, 8, 10, 13, 16, 17, 147, 148, 277, 278, 398, 425], "summary": {"covered_lines": 11, "num_statements": 24, "percent_covered": 45.833333333333336, "percent_covered_display": "46", "missing_lines": 13, "excluded_lines": 0}, "missing_lines": [26, 33, 41, 47, 157, 163, 171, 177, 287, 294, 301, 400, 423], "excluded_lines": []}}}, "src/gitlab_analyzer/mcp/resources/__init__.py": {"executed_lines": [1, 8, 9, 10, 11, 12, 14, 23, 25, 26, 27, 28, 29], "summary": {"covered_lines": 12, "num_statements": 12, "percent_covered": 100.0, "percent_covered_display": "100", "missing_lines": 0, "excluded_lines": 0}, "missing_lines": [], "excluded_lines": [], "functions": {"register_all_resources": {"executed_lines": [25, 26, 27, 28, 29], "summary": {"covered_lines": 5, "num_statements": 5, "percent_covered": 100.0, "percent_covered_display": "100", "missing_lines": 0, "excluded_lines": 0}, "missing_lines": [], "excluded_lines": []}, "": {"executed_lines": [1, 8, 9, 10, 11, 12, 14, 23], "summary": {"covered_lines": 7, "num_statements": 7, "percent_covered": 100.0, "percent_covered_display": "100", "missing_lines": 0, "excluded_lines": 0}, "missing_lines": [], "excluded_lines": []}}, "classes": {"": {"executed_lines": [1, 8, 9, 10, 11, 12, 14, 23, 25, 26, 27, 28, 29], "summary": {"covered_lines": 12, "num_statements": 12, "percent_covered": 100.0, "percent_covered_display": "100", "missing_lines": 0, "excluded_lines": 0}, "missing_lines": [], "excluded_lines": []}}}, "src/gitlab_analyzer/mcp/resources/analysis.py": {"executed_lines": [1, 8, 9, 10, 11, 13, 15, 16, 17, 19, 21, 24, 31, 32, 35, 36, 37, 38, 41, 42, 43, 44, 46, 47, 48, 51, 52, 53, 56, 58, 60, 64, 65, 67, 81, 83, 87, 90, 91, 122, 131, 147, 149, 151, 156, 157, 166, 182, 184, 187, 188, 189, 191, 193, 194, 197, 198, 200, 213, 215, 217, 221, 222, 223, 224, 227, 228, 232, 233, 234, 235, 236, 238, 239, 242, 245, 276, 289, 291, 294, 296, 298, 300, 301, 302, 303, 305, 308, 317, 336, 354, 355, 358, 386, 389, 390, 405, 406, 422, 423, 443, 444, 466, 467, 485, 486, 507], "summary": {"covered_lines": 106, "num_statements": 175, "percent_covered": 60.57142857142857, "percent_covered_display": "61", "missing_lines": 69, "excluded_lines": 0}, "missing_lines": [61, 84, 94, 95, 96, 98, 168, 169, 170, 179, 185, 218, 229, 240, 247, 248, 250, 251, 253, 254, 255, 257, 260, 261, 263, 278, 279, 281, 297, 299, 310, 311, 312, 313, 314, 319, 322, 323, 324, 325, 326, 328, 329, 330, 331, 333, 359, 360, 367, 368, 369, 370, 371, 373, 374, 375, 377, 402, 403, 419, 420, 436, 439, 458, 461, 480, 483, 500, 503], "excluded_lines": [], "functions": {"_get_comprehensive_analysis": {"executed_lines": [31, 32, 35, 36, 37, 38, 41, 42, 43, 44, 46, 47, 48, 51, 52, 53, 56, 58, 60, 64, 65, 67, 81, 83, 87, 90, 91, 122, 131, 147, 149, 151, 156, 157, 166], "summary": {"covered_lines": 35, "num_statements": 45, "percent_covered": 77.77777777777777, "percent_covered_display": "78", "missing_lines": 10, "excluded_lines": 0}, "missing_lines": [61, 84, 94, 95, 96, 98, 168, 169, 170, 179], "excluded_lines": []}, "_analyze_database_errors": {"executed_lines": [184, 187, 188, 189, 191, 193, 194, 197, 198, 200], "summary": {"covered_lines": 10, "num_statements": 11, "percent_covered": 90.9090909090909, "percent_covered_display": "91", "missing_lines": 1, "excluded_lines": 0}, "missing_lines": [185], "excluded_lines": []}, "_identify_error_patterns": {"executed_lines": [215, 217, 221, 222, 223, 224, 227, 228, 232, 233, 234, 235, 236, 238, 239, 242], "summary": {"covered_lines": 16, "num_statements": 19, "percent_covered": 84.21052631578948, "percent_covered_display": "84", "missing_lines": 3, "excluded_lines": 0}, "missing_lines": [218, 229, 240], "excluded_lines": []}, "_analyze_errors": {"executed_lines": [], "summary": {"covered_lines": 0, "num_statements": 11, "percent_covered": 0.0, "percent_covered_display": "0", "missing_lines": 11, "excluded_lines": 0}, "missing_lines": [247, 248, 250, 251, 253, 254, 255, 257, 260, 261, 263], "excluded_lines": []}, "_analyze_warnings": {"executed_lines": [], "summary": {"covered_lines": 0, "num_statements": 3, "percent_covered": 0.0, "percent_covered_display": "0", "missing_lines": 3, "excluded_lines": 0}, "missing_lines": [278, 279, 281], "excluded_lines": []}, "_identify_patterns": {"executed_lines": [291, 294, 296, 298, 300, 301, 302, 303, 305], "summary": {"covered_lines": 9, "num_statements": 11, "percent_covered": 81.81818181818181, "percent_covered_display": "82", "missing_lines": 2, "excluded_lines": 0}, "missing_lines": [297, 299], "excluded_lines": []}, "_group_jobs_by_status": {"executed_lines": [], "summary": {"covered_lines": 0, "num_statements": 5, "percent_covered": 0.0, "percent_covered_display": "0", "missing_lines": 5, "excluded_lines": 0}, "missing_lines": [310, 311, 312, 313, 314], "excluded_lines": []}, "_identify_pipeline_patterns": {"executed_lines": [], "summary": {"covered_lines": 0, "num_statements": 11, "percent_covered": 0.0, "percent_covered_display": "0", "missing_lines": 11, "excluded_lines": 0}, "missing_lines": [319, 322, 323, 324, 325, 326, 328, 329, 330, 331, 333], "excluded_lines": []}, "get_analysis_resource_data": {"executed_lines": [354, 355, 358], "summary": {"covered_lines": 3, "num_statements": 14, "percent_covered": 21.428571428571427, "percent_covered_display": "21", "missing_lines": 11, "excluded_lines": 0}, "missing_lines": [359, 360, 367, 368, 369, 370, 371, 373, 374, 375, 377], "excluded_lines": []}, "register_analysis_resources": {"executed_lines": [389, 390, 405, 406, 422, 423, 443, 444, 466, 467, 485, 486, 507], "summary": {"covered_lines": 13, "num_statements": 13, "percent_covered": 100.0, "percent_covered_display": "100", "missing_lines": 0, "excluded_lines": 0}, "missing_lines": [], "excluded_lines": []}, "register_analysis_resources.get_project_analysis_resource": {"executed_lines": [], "summary": {"covered_lines": 0, "num_statements": 2, "percent_covered": 0.0, "percent_covered_display": "0", "missing_lines": 2, "excluded_lines": 0}, "missing_lines": [402, 403], "excluded_lines": []}, "register_analysis_resources.get_project_analysis_resource_with_mode": {"executed_lines": [], "summary": {"covered_lines": 0, "num_statements": 2, "percent_covered": 0.0, "percent_covered_display": "0", "missing_lines": 2, "excluded_lines": 0}, "missing_lines": [419, 420], "excluded_lines": []}, "register_analysis_resources.get_pipeline_analysis_resource": {"executed_lines": [], "summary": {"covered_lines": 0, "num_statements": 2, "percent_covered": 0.0, "percent_covered_display": "0", "missing_lines": 2, "excluded_lines": 0}, "missing_lines": [436, 439], "excluded_lines": []}, "register_analysis_resources.get_pipeline_analysis_resource_with_mode": {"executed_lines": [], "summary": {"covered_lines": 0, "num_statements": 2, "percent_covered": 0.0, "percent_covered_display": "0", "missing_lines": 2, "excluded_lines": 0}, "missing_lines": [458, 461], "excluded_lines": []}, "register_analysis_resources.get_job_analysis_resource": {"executed_lines": [], "summary": {"covered_lines": 0, "num_statements": 2, "percent_covered": 0.0, "percent_covered_display": "0", "missing_lines": 2, "excluded_lines": 0}, "missing_lines": [480, 483], "excluded_lines": []}, "register_analysis_resources.get_job_analysis_resource_with_mode": {"executed_lines": [], "summary": {"covered_lines": 0, "num_statements": 2, "percent_covered": 0.0, "percent_covered_display": "0", "missing_lines": 2, "excluded_lines": 0}, "missing_lines": [500, 503], "excluded_lines": []}, "": {"executed_lines": [1, 8, 9, 10, 11, 13, 15, 16, 17, 19, 21, 24, 182, 213, 245, 276, 289, 308, 317, 336, 386], "summary": {"covered_lines": 20, "num_statements": 20, "percent_covered": 100.0, "percent_covered_display": "100", "missing_lines": 0, "excluded_lines": 0}, "missing_lines": [], "excluded_lines": []}}, "classes": {"": {"executed_lines": [1, 8, 9, 10, 11, 13, 15, 16, 17, 19, 21, 24, 31, 32, 35, 36, 37, 38, 41, 42, 43, 44, 46, 47, 48, 51, 52, 53, 56, 58, 60, 64, 65, 67, 81, 83, 87, 90, 91, 122, 131, 147, 149, 151, 156, 157, 166, 182, 184, 187, 188, 189, 191, 193, 194, 197, 198, 200, 213, 215, 217, 221, 222, 223, 224, 227, 228, 232, 233, 234, 235, 236, 238, 239, 242, 245, 276, 289, 291, 294, 296, 298, 300, 301, 302, 303, 305, 308, 317, 336, 354, 355, 358, 386, 389, 390, 405, 406, 422, 423, 443, 444, 466, 467, 485, 486, 507], "summary": {"covered_lines": 106, "num_statements": 175, "percent_covered": 60.57142857142857, "percent_covered_display": "61", "missing_lines": 69, "excluded_lines": 0}, "missing_lines": [61, 84, 94, 95, 96, 98, 168, 169, 170, 179, 185, 218, 229, 240, 247, 248, 250, 251, 253, 254, 255, 257, 260, 261, 263, 278, 279, 281, 297, 299, 310, 311, 312, 313, 314, 319, 322, 323, 324, 325, 326, 328, 329, 330, 331, 333, 359, 360, 367, 368, 369, 370, 371, 373, 374, 375, 377, 402, 403, 419, 420, 436, 439, 458, 461, 480, 483, 500, 503], "excluded_lines": []}}}, "src/gitlab_analyzer/mcp/resources/error.py": {"executed_lines": [1, 11, 12, 14, 16, 17, 18, 20, 22, 25, 28, 29, 33, 34, 48, 49, 57, 58, 82, 83, 93, 94, 104, 105, 116, 117, 135, 138, 172, 173, 193, 196, 230], "summary": {"covered_lines": 32, "num_statements": 84, "percent_covered": 38.095238095238095, "percent_covered_display": "38", "missing_lines": 52, "excluded_lines": 0}, "missing_lines": [31, 38, 41, 43, 53, 62, 67, 68, 69, 72, 75, 77, 87, 88, 98, 99, 109, 110, 121, 122, 123, 124, 129, 130, 142, 143, 144, 145, 146, 153, 158, 159, 162, 165, 167, 177, 178, 179, 180, 185, 188, 200, 201, 202, 203, 204, 211, 216, 217, 220, 223, 225], "excluded_lines": [], "functions": {"register_error_resources": {"executed_lines": [28, 29, 33, 34, 48, 49, 57, 58, 82, 83, 93, 94, 104, 105, 116, 117, 135, 138, 172, 173, 193, 196, 230], "summary": {"covered_lines": 23, "num_statements": 23, "percent_covered": 100.0, "percent_covered_display": "100", "missing_lines": 0, "excluded_lines": 0}, "missing_lines": [], "excluded_lines": []}, "register_error_resources.get_error_resource": {"executed_lines": [], "summary": {"covered_lines": 0, "num_statements": 1, "percent_covered": 0.0, "percent_covered_display": "0", "missing_lines": 1, "excluded_lines": 0}, "missing_lines": [31], "excluded_lines": []}, "register_error_resources.get_error_resource_with_mode": {"executed_lines": [], "summary": {"covered_lines": 0, "num_statements": 3, "percent_covered": 0.0, "percent_covered_display": "0", "missing_lines": 3, "excluded_lines": 0}, "missing_lines": [38, 41, 43], "excluded_lines": []}, "register_error_resources.get_individual_error_resource": {"executed_lines": [], "summary": {"covered_lines": 0, "num_statements": 1, "percent_covered": 0.0, "percent_covered_display": "0", "missing_lines": 1, "excluded_lines": 0}, "missing_lines": [53], "excluded_lines": []}, "register_error_resources.get_individual_error_resource_with_mode": {"executed_lines": [], "summary": {"covered_lines": 0, "num_statements": 7, "percent_covered": 0.0, "percent_covered_display": "0", "missing_lines": 7, "excluded_lines": 0}, "missing_lines": [62, 67, 68, 69, 72, 75, 77], "excluded_lines": []}, "register_error_resources.get_job_errors_resource": {"executed_lines": [], "summary": {"covered_lines": 0, "num_statements": 2, "percent_covered": 0.0, "percent_covered_display": "0", "missing_lines": 2, "excluded_lines": 0}, "missing_lines": [87, 88], "excluded_lines": []}, "register_error_resources.get_job_file_errors_resource": {"executed_lines": [], "summary": {"covered_lines": 0, "num_statements": 2, "percent_covered": 0.0, "percent_covered_display": "0", "missing_lines": 2, "excluded_lines": 0}, "missing_lines": [98, 99], "excluded_lines": []}, "register_error_resources.get_pipeline_errors_resource": {"executed_lines": [], "summary": {"covered_lines": 0, "num_statements": 2, "percent_covered": 0.0, "percent_covered_display": "0", "missing_lines": 2, "excluded_lines": 0}, "missing_lines": [109, 110], "excluded_lines": []}, "register_error_resources.get_limited_job_errors_resource": {"executed_lines": [], "summary": {"covered_lines": 0, "num_statements": 6, "percent_covered": 0.0, "percent_covered_display": "0", "missing_lines": 6, "excluded_lines": 0}, "missing_lines": [121, 122, 123, 124, 129, 130], "excluded_lines": []}, "register_error_resources.get_limited_job_errors_resource_with_params": {"executed_lines": [], "summary": {"covered_lines": 0, "num_statements": 11, "percent_covered": 0.0, "percent_covered_display": "0", "missing_lines": 11, "excluded_lines": 0}, "missing_lines": [142, 143, 144, 145, 146, 153, 158, 159, 162, 165, 167], "excluded_lines": []}, "register_error_resources.get_limited_pipeline_errors_resource": {"executed_lines": [], "summary": {"covered_lines": 0, "num_statements": 6, "percent_covered": 0.0, "percent_covered_display": "0", "missing_lines": 6, "excluded_lines": 0}, "missing_lines": [177, 178, 179, 180, 185, 188], "excluded_lines": []}, "register_error_resources.get_limited_pipeline_errors_resource_with_params": {"executed_lines": [], "summary": {"covered_lines": 0, "num_statements": 11, "percent_covered": 0.0, "percent_covered_display": "0", "missing_lines": 11, "excluded_lines": 0}, "missing_lines": [200, 201, 202, 203, 204, 211, 216, 217, 220, 223, 225], "excluded_lines": []}, "": {"executed_lines": [1, 11, 12, 14, 16, 17, 18, 20, 22, 25], "summary": {"covered_lines": 9, "num_statements": 9, "percent_covered": 100.0, "percent_covered_display": "100", "missing_lines": 0, "excluded_lines": 0}, "missing_lines": [], "excluded_lines": []}}, "classes": {"": {"executed_lines": [1, 11, 12, 14, 16, 17, 18, 20, 22, 25, 28, 29, 33, 34, 48, 49, 57, 58, 82, 83, 93, 94, 104, 105, 116, 117, 135, 138, 172, 173, 193, 196, 230], "summary": {"covered_lines": 32, "num_statements": 84, "percent_covered": 38.095238095238095, "percent_covered_display": "38", "missing_lines": 52, "excluded_lines": 0}, "missing_lines": [31, 38, 41, 43, 53, 62, 67, 68, 69, 72, 75, 77, 87, 88, 98, 99, 109, 110, 121, 122, 123, 124, 129, 130, 142, 143, 144, 145, 146, 153, 158, 159, 162, 165, 167, 177, 178, 179, 180, 185, 188, 200, 201, 202, 203, 204, 211, 216, 217, 220, 223, 225], "excluded_lines": []}}}, "src/gitlab_analyzer/mcp/resources/file.py": {"executed_lines": [1, 8, 10, 12, 13, 14, 16, 19, 22, 23, 25, 26, 41, 44, 65, 66, 95, 98, 147, 148, 159, 160, 169, 170, 190, 191, 213, 214, 230, 231, 268, 269, 282, 283], "summary": {"covered_lines": 33, "num_statements": 94, "percent_covered": 35.1063829787234, "percent_covered_display": "35", "missing_lines": 61, "excluded_lines": 0}, "missing_lines": [36, 37, 50, 51, 52, 53, 54, 55, 57, 60, 80, 81, 82, 84, 91, 104, 105, 106, 107, 108, 109, 112, 113, 114, 117, 126, 127, 128, 129, 132, 133, 142, 154, 155, 166, 167, 176, 177, 178, 179, 180, 181, 183, 186, 202, 203, 205, 208, 223, 226, 242, 243, 246, 251, 252, 261, 263, 275, 278, 292, 295], "excluded_lines": [], "functions": {"register_file_resources": {"executed_lines": [22, 23, 25, 26, 41, 44, 65, 66, 95, 98, 147, 148, 159, 160, 169, 170, 190, 191, 213, 214, 230, 231, 268, 269, 282, 283], "summary": {"covered_lines": 26, "num_statements": 26, "percent_covered": 100.0, "percent_covered_display": "100", "missing_lines": 0, "excluded_lines": 0}, "missing_lines": [], "excluded_lines": []}, "register_file_resources.get_pipeline_files_resource_handler": {"executed_lines": [], "summary": {"covered_lines": 0, "num_statements": 2, "percent_covered": 0.0, "percent_covered_display": "0", "missing_lines": 2, "excluded_lines": 0}, "missing_lines": [36, 37], "excluded_lines": []}, "register_file_resources.get_pipeline_files_resource_paginated": {"executed_lines": [], "summary": {"covered_lines": 0, "num_statements": 8, "percent_covered": 0.0, "percent_covered_display": "0", "missing_lines": 8, "excluded_lines": 0}, "missing_lines": [50, 51, 52, 53, 54, 55, 57, 60], "excluded_lines": []}, "register_file_resources.get_pipeline_files_resource_enhanced_handler": {"executed_lines": [], "summary": {"covered_lines": 0, "num_statements": 5, "percent_covered": 0.0, "percent_covered_display": "0", "missing_lines": 5, "excluded_lines": 0}, "missing_lines": [80, 81, 82, 84, 91], "excluded_lines": []}, "register_file_resources.get_pipeline_files_resource_enhanced_paginated": {"executed_lines": [], "summary": {"covered_lines": 0, "num_statements": 17, "percent_covered": 0.0, "percent_covered_display": "0", "missing_lines": 17, "excluded_lines": 0}, "missing_lines": [104, 105, 106, 107, 108, 109, 112, 113, 114, 117, 126, 127, 128, 129, 132, 133, 
[...]
: [96, 97], "summary": {"covered_lines": 2, "num_statements": 2, "percent_covered": 100.0, "percent_covered_display": "100", "missing_lines": 0, "excluded_lines": 0}, "missing_lines": [], "excluded_lines": []}, "": {"executed_lines": [1, 13, 14, 15, 18, 30, 42, 56, 66, 76, 88], "summary": {"covered_lines": 10, "num_statements": 10, "percent_covered": 100.0, "percent_covered_display": "100", "missing_lines": 0, "excluded_lines": 0}, "missing_lines": [], "excluded_lines": []}}, "classes": {"": {"executed_lines": [1, 13, 14, 15, 18, 24, 25, 30, 39, 42, 50, 56, 63, 66, 73, 76, 84, 85, 88, 96, 97], "summary": {"covered_lines": 20, "num_statements": 24, "percent_covered": 83.33333333333333, "percent_covered_display": "83", "missing_lines": 4, "excluded_lines": 0}, "missing_lines": [26, 27, 52, 53], "excluded_lines": []}}}, "src/gitlab_analyzer/utils/jira_utils.py": {"executed_lines": [1, 8, 9, 12, 29, 30, 36, 44, 46, 47, 48, 49, 50, 52, 55, 70, 73, 74, 75, 78, 79, 80, 83, 84, 85, 86, 87, 89, 92, 102, 104, 107, 117, 119, 120, 122, 123, 124, 125, 127, 128, 131, 141, 142, 145, 146], "summary": {"covered_lines": 45, "num_statements": 46, "percent_covered": 97.82608695652173, "percent_covered_display": "98", "missing_lines": 1, "excluded_lines": 0}, "missing_lines": [126], "excluded_lines": [], "functions": {"extract_jira_tickets": {"executed_lines": [29, 30, 36, 44, 46, 47, 48, 49, 50, 52], "summary": {"covered_lines": 10, "num_statements": 10, "percent_covered": 100.0, "percent_covered_display": "100", "missing_lines": 0, "excluded_lines": 0}, "missing_lines": [], "excluded_lines": []}, "extract_jira_from_mr": {"executed_lines": [70, 73, 74, 75, 78, 79, 80, 83, 84, 85, 86, 87, 89], "summary": {"covered_lines": 13, "num_statements": 13, "percent_covered": 100.0, "percent_covered_display": "100", "missing_lines": 0, "excluded_lines": 0}, "missing_lines": [], "excluded_lines": []}, "format_jira_tickets_for_storage": {"executed_lines": [102, 104], "summary": {"covered_lines": 2, "num_statements": 2, "percent_covered": 100.0, "percent_covered_display": "100", "missing_lines": 0, "excluded_lines": 0}, "missing_lines": [], "excluded_lines": []}, "parse_jira_tickets_from_storage": {"executed_lines": [117, 119, 120, 122, 123, 124, 125, 127, 128], "summary": {"covered_lines": 9, "num_statements": 10, "percent_covered": 90.0, "percent_covered_display": "90", "missing_lines": 1, "excluded_lines": 0}, "missing_lines": [126], "excluded_lines": []}, "validate_jira_ticket_format": {"executed_lines": [141, 142, 145, 146], "summary": {"covered_lines": 4, "num_statements": 4, "percent_covered": 100.0, "percent_covered_display": "100", "missing_lines": 0, "excluded_lines": 0}, "missing_lines": [], "excluded_lines": []}, "": {"executed_lines": [1, 8, 9, 12, 55, 92, 107, 131], "summary": {"covered_lines": 7, "num_statements": 7, "percent_covered": 100.0, "percent_covered_display": "100", "missing_lines": 0, "excluded_lines": 0}, "missing_lines": [], "excluded_lines": []}}, "classes": {"": {"executed_lines": [1, 8, 9, 12, 29, 30, 36, 44, 46, 47, 48, 49, 50, 52, 55, 70, 73, 74, 75, 78, 79, 80, 83, 84, 85, 86, 87, 89, 92, 102, 104, 107, 117, 119, 120, 122, 123, 124, 125, 127, 128, 131, 141, 142, 145, 146], "summary": {"covered_lines": 45, "num_statements": 46, "percent_covered": 97.82608695652173, "percent_covered_display": "98", "missing_lines": 1, "excluded_lines": 0}, "missing_lines": [126], "excluded_lines": []}}}, "src/gitlab_analyzer/utils/trace_utils.py": {"executed_lines": [1, 8, 11, 25, 28, 29, 32, 34, 37, 51, 52, 54, 55, 58, 59, 61, 64, 78, 80, 81, 82, 83, 84, 85, 87, 89, 90, 92, 93, 94, 95, 97], "summary": {"covered_lines": 31, "num_statements": 31, "percent_covered": 100.0, "percent_covered_display": "100", "missing_lines": 0, "excluded_lines": 0}, "missing_lines": [], "excluded_lines": [], "functions": {"extract_error_trace_segment": {"executed_lines": [25, 28, 29, 32, 34], "summary": {"covered_lines": 5, "num_statements": 5, "percent_covered": 100.0, "percent_covered_display": "100", "missing_lines": 0, "excluded_lines": 0}, "missing_lines": [], "excluded_lines": []}, "extract_error_trace_segments_batch": {"executed_lines": [51, 52, 54, 55, 58, 59, 61], "summary": {"covered_lines": 7, "num_statements": 7, "percent_covered": 100.0, "percent_covered_display": "100", "missing_lines": 0, "excluded_lines": 0}, "missing_lines": [], "excluded_lines": []}, "extract_trace_excerpt": {"executed_lines": [78, 80, 81, 82, 83, 84, 85, 87, 89, 90, 92, 93, 94, 95, 97], "summary": {"covered_lines": 15, "num_statements": 15, "percent_covered": 100.0, "percent_covered_display": "100", "missing_lines": 0, "excluded_lines": 0}, "missing_lines": [], "excluded_lines": []}, "": {"executed_lines": [1, 8, 11, 37, 64], "summary": {"covered_lines": 4, "num_statements": 4, "percent_covered": 100.0, "percent_covered_display": "100", "missing_lines": 0, "excluded_lines": 0}, "missing_lines": [], "excluded_lines": []}}, "classes": {"": {"executed_lines": [1, 8, 11, 25, 28, 29, 32, 34, 37, 51, 52, 54, 55, 58, 59, 61, 64, 78, 80, 81, 82, 83, 84, 85, 87, 89, 90, 92, 93, 94, 95, 97], "summary": {"covered_lines": 31, "num_statements": 31, "percent_covered": 100.0, "percent_covered_display": "100", "missing_lines": 0, "excluded_lines": 0}, "missing_lines": [], "excluded_lines": []}}}, "src/gitlab_analyzer/utils/utils.py": {"executed_lines": [1, 9, 10, 11, 12, 15, 16, 19, 22, 36, 42, 43, 45, 46, 48, 51, 55, 56, 57, 59, 60, 62, 64, 67, 80, 81, 84, 103, 106, 126, 128, 131, 134, 137, 147, 159, 162, 163, 164, 167, 171, 175, 190, 193, 195, 199, 200, 202, 240, 241, 247, 248, 249, 250, 251, 254, 255, 256, 257, 258, 261, 262, 263, 264, 265, 269, 270, 272, 273, 275, 276, 277, 278, 281, 284, 286, 287, 288, 291, 293, 294, 295, 296, 297, 298, 299, 302, 304, 312, 317, 320, 348, 352, 355, 357, 358, 359, 365, 379, 380, 382, 384, 387, 388, 391, 398, 404, 407, 409, 410, 411, 412, 413, 414, 416, 419, 421, 430, 432, 435, 443, 446, 449, 452, 462, 465, 467, 468, 469, 472, 473, 475, 477, 480, 482, 483, 485, 486, 487, 489, 491, 492, 493, 494, 495, 498, 501, 503, 507, 519, 520, 521, 522, 524, 533, 536, 538, 543, 552, 554, 555, 556, 559, 561, 574, 602, 604, 607, 608, 609, 610, 613, 615, 619, 620, 622, 623, 631, 634, 636, 637, 639, 650, 651, 654, 746, 779, 780, 781, 811, 835, 838, 840, 846, 848, 850, 859, 868, 877, 885, 888, 896, 915, 933, 941, 951, 953, 955, 961, 962, 963, 964, 966, 969, 971, 974, 975, 976, 977, 980, 981, 982, 992, 993, 994, 995, 996, 997, 999, 1002, 1006, 1008, 1009, 1012, 1013, 1014, 1015, 1017, 1018, 1019, 1020, 1022, 1032, 1037, 1043, 1046, 1049, 1052], "summary": {"covered_lines": 247, "num_statements": 378, "percent_covered": 65.34391534391534, "percent_covered_display": "65", "missing_lines": 131, "excluded_lines": 0}, "missing_lines": [204, 207, 208, 210, 211, 213, 215, 217, 220, 223, 227, 228, 231, 232, 235, 236, 237, 242, 243, 244, 279, 488, 490, 496, 504, 539, 577, 578, 579, 582, 586, 599, 614, 616, 624, 625, 626, 627, 628, 629, 655, 657, 658, 660, 691, 692, 693, 695, 722, 723, 724, 747, 748, 749, 812, 851, 853, 855, 856, 857, 860, 862, 864, 865, 866, 869, 870, 872, 873, 874, 875, 878, 879, 881, 882, 883, 890, 892, 893, 898, 901, 907, 908, 909, 910, 912, 917, 919, 925, 926, 927, 928, 930, 935, 937, 938, 943, 945, 946, 947, 948, 983, 985, 989, 1023, 1024, 1025, 1026, 1027, 1028, 1029, 1030, 1033, 1034, 1035, 1038, 1039, 1040, 1044, 1047, 1058, 1059, 1062, 1065, 1066, 1067, 1104, 1111, 1113, 1114, 1131], "excluded_lines": [], "functions": {"get_mcp_info": {"executed_lines": [36, 42, 43, 45, 46, 48], "summary": {"covered_lines": 6, "num_statements": 6, "percent_covered": 100.0, "percent_covered_display": "100", "missing_lines": 0, "excluded_lines": 0}, "missing_lines": [], "excluded_lines": []}, "get_gitlab_analyzer": {"executed_lines": [55, 56, 57, 59, 60, 62, 64], "summary": {"covered_lines": 7, "num_statements": 7, "percent_covered": 100.0, "percent_covered_display": "100", "missing_lines": 0, "excluded_lines": 0}, "missing_lines": [], "excluded_lines": []}, "_is_test_job": {"executed_lines": [80, 81, 84, 103], "summary": {"covered_lines": 4, "num_statements": 4, "percent_covered": 100.0, "percent_covered_display": "100", "missing_lines": 0, "excluded_lines": 0}, "missing_lines": [], "excluded_lines": []}, "_should_use_pytest_parser": {"executed_lines": [126, 128, 131], "summary": {"covered_lines": 3, "num_statements": 3, "percent_covered": 100.0, "percent_covered_display": "100", "missing_lines": 0, "excluded_lines": 0}, "missing_lines": [], "excluded_lines": []}, "_is_pytest_log": {"executed_lines": [137, 147, 159, 162, 163, 164, 167, 171], "summary": {"covered_lines": 8, "num_statements": 8, "percent_covered": 100.0, "percent_covered_display": "100", "missing_lines": 0, "excluded_lines": 0}, "missing_lines": [], "excluded_lines": []}, "extract_file_path_from_message": {"executed_lines": [193, 199, 200, 202, 240, 241, 247, 248, 249, 250, 251, 254, 255, 256, 257, 258, 261, 262, 263, 264, 265, 269, 270, 272, 273, 275, 276, 277, 278, 281], "summary": {"covered_lines": 30, "num_statements": 51, "percent_covered": 58.8235294117647, "percent_covered_display": "59", "missing_lines": 21, "excluded_lines": 0}, "missing_lines": [204, 207, 208, 210, 211, 213, 215, 217, 220, 223, 227, 228, 231, 232, 235, 236, 237, 242, 243, 244, 279], "excluded_lines": []}, "extract_file_path_from_message._is_application_file": {"executed_lines": [195], "summary": {"covered_lines": 1, "num_statements": 1, "percent_covered": 100.0, "percent_covered_display": "100", "missing_lines": 0, "excluded_lines": 0}, "missing_lines": [], "excluded_lines": []}, "should_exclude_file_path": {"executed_lines": [286, 287, 288], "summary": {"covered_lines": 3, "num_statements": 3, "percent_covered": 100.0, "percent_covered_display": "100", "missing_lines": 0, "excluded_lines": 0}, "missing_lines": [], "excluded_lines": []}, "combine_exclude_file_patterns": {"executed_lines": [293, 294, 295, 296, 297, 298, 299], "summary": {"covered_lines": 7, "num_statements": 7, "percent_covered": 100.0, "percent_covered_display": "100", "missing_lines": 0, "excluded_lines": 0}, "missing_lines": [], "excluded_lines": []}, "categorize_files_by_type": {"executed_lines": [304, 312, 317, 320], "summary": {"covered_lines": 4, "num_statements": 4, "percent_covered": 100.0, "percent_covered_display": "100", "missing_lines": 0, "excluded_lines": 0}, "missing_lines": [], "excluded_lines": []}, "process_file_groups": {"executed_lines": [352, 355, 357, 358, 359], "summary": {"covered_lines": 5, "num_statements": 5, "percent_covered": 100.0, "percent_covered_display": "100", "missing_lines": 0, "excluded_lines": 0}, "missing_lines": [], "excluded_lines": []}, "optimize_tool_response": {"executed_lines": [379, 380, 382, 384, 387, 388, 391, 398, 404], "summary": {"covered_lines": 9, "num_statements": 9, "percent_covered": 100.0, "percent_covered_display": "100", "missing_lines": 0, "excluded_lines": 0}, "missing_lines": [], "excluded_lines": []}, "optimize_error_response": {"executed_lines": [409, 410, 411, 412, 413, 414, 416], "summary": {"covered_lines": 7, "num_statements": 7, "percent_covered": 100.0, "percent_covered_display": "100", "missing_lines": 0, "excluded_lines": 0}, "missing_lines": [], "excluded_lines": []}, "_create_minimal_error": {"executed_lines": [421], "summary": {"covered_lines": 1, "num_statements": 1, "percent_covered": 100.0, "percent_covered_display": "100", "missing_lines": 0, "excluded_lines": 0}, "missing_lines": [], "excluded_lines": []}, "_create_balanced_error": {"executed_lines": [432, 435, 443], "summary": {"covered_lines": 3, "num_statements": 3, "percent_covered": 100.0, "percent_covered_display": "100", "missing_lines": 0, "excluded_lines": 0}, "missing_lines": [], "excluded_lines": []}, "_create_fixing_error": {"executed_lines": [449, 452, 462], "summary": {"covered_lines": 3, "num_statements": 3, "percent_covered": 100.0, "percent_covered_display": "100", "missing_lines": 0, "excluded_lines": 0}, "missing_lines": [], "excluded_lines": []}, "_extract_error_location": {"executed_lines": [467, 468, 469, 472, 473, 475, 477], "summary": {"covered_lines": 7, "num_statements": 7, "percent_covered": 100.0, "percent_covered_display": "100", "missing_lines": 0, "excluded_lines": 0}, "missing_lines": [], "excluded_lines": []}, "_categorize_error_for_fixing": {"executed_lines": [482, 483, 485, 486, 487, 489, 491, 492, 493, 494, 495, 498], "summary": {"covered_lines": 12, "num_statements": 15, "percent_covered": 80.0, "percent_covered_display": "80", "missing_lines": 3, "excluded_lines": 0}, "missing_lines": [488, 490, 496], "excluded_lines": []}, "_extract_key_traceback": {"executed_lines": [503, 507, 519, 520, 521, 522, 524, 533], "summary": {"covered_lines": 8, "num_statements": 9, "percent_covered": 88.88888888888889, "percent_covered_display": "89", "missing_lines": 1, "excluded_lines": 0}, "missing_lines": [504], "excluded_lines": []}, "_extract_fixing_traceback": {"executed_lines": [538, 543, 552, 554, 555, 556, 559, 561, 574], "summary": {"covered_lines": 9, "num_statements": 16, "percent_covered": 56.25, "percent_covered_display": "56", "missing_lines": 7, "excluded_lines": 0}, "missing_lines": [539, 577, 578, 579, 582, 586, 599], "excluded_lines": []}, "_extract_fixing_context": {"executed_lines": [604, 607, 608, 609, 610, 613, 615, 619, 620, 622, 623, 631], "summary": {"covered_lines": 12, "num_statements": 20, "percent_covered": 60.0, "percent_covered_display": "60", "missing_lines": 8, "excluded_lines": 0}, "missing_lines": [614, 616, 624, 625, 626, 627, 628, 629], "excluded_lines": []}, "_generate_fix_guidance": {"executed_lines": [636, 637, 639, 650, 651, 654, 746, 779, 780, 781, 811, 835, 838, 840], "summary": {"covered_lines": 14, "num_statements": 29, "percent_covered": 48.275862068965516, "percent_covered_display": "48", "missing_lines": 15, "excluded_lines": 0}, "missing_lines": [655, 657, 658, 660, 691, 692, 693, 695, 722, 723, 724, 747, 748, 749, 812], "excluded_lines": []}, "_parse_error_message_details": {"executed_lines": [848, 850, 859, 868, 877, 885], "summary": {"covered_lines": 6, "num_statements": 27, "percent_covered": 22.22222222222222, "percent_covered_display": "22", "missing_lines": 21, "excluded_lines": 0}, "missing_lines": [851, 853, 855, 856, 857, 860, 862, 864, 865, 866, 869, 870, 872, 873, 874, 875, 878, 879, 881, 882, 883], "excluded_lines": []}, "_extract_parameter_name": {"executed_lines": [], "summary": {"covered_lines": 0, "num_statements": 3, "percent_covered": 0.0, "percent_covered_display": "0", "missing_lines": 3, "excluded_lines": 0}, "missing_lines": [890, 892, 893], "excluded_lines": []}, "_extract_function_name": {"executed_lines": [], "summary": {"covered_lines": 0, "num_statements": 7, "percent_covered": 0.0, "percent_covered_display": "0", "missing_lines": 7, "excluded_lines": 0}, "missing_lines": [898, 901, 907, 908, 909, 910, 912], "excluded_lines": []}, "_extract_missing_parameter": {"executed_lines": [], "summary": {"covered_lines": 0, "num_statements": 7, "percent_covered": 0.0, "percent_covered_display": "0", "missing_lines": 7, "excluded_lines": 0}, "missing_lines": [917, 919, 925, 926, 927, 928, 930], "excluded_lines": []}, "_extract_object_name_from_callable_error": {"executed_lines": [], "summary": {"covered_lines": 0, "num_statements": 3, "percent_covered": 0.0, "percent_covered_display": "0", "missing_lines": 3, "excluded_lines": 0}, "missing_lines": [935, 937, 938], "excluded_lines": []}, "_extract_attribute_error_details": {"executed_lines": [], "summary": {"covered_lines": 0, "num_statements": 5, "percent_covered": 0.0, "percent_covered_display": "0", "missing_lines": 5, "excluded_lines": 0}, "missing_lines": [943, 945, 946, 947, 948], "excluded_lines": []}, "_extract_module_name_from_import_error": {"executed_lines": [953, 955, 961, 962, 963, 964, 966], "summary": {"covered_lines": 7, "num_statements": 7, "percent_covered": 100.0, "percent_covered_display": "100", "missing_lines": 0, "excluded_lines": 0}, "missing_lines": [], "excluded_lines": []}, "_extract_files_to_check": {"executed_lines": [971, 974, 975, 976, 977, 980, 981, 982, 992, 993, 994, 995, 996, 997, 999], "summary": {"covered_lines": 15, "num_statements": 18, "percent_covered": 83.33333333333333, "percent_covered_display": "83", "missing_lines": 3, "excluded_lines": 0}, "missing_lines": [983, 985, 989], "excluded_lines": []}, "_calculate_fix_priority": {"executed_lines": [1006, 1008, 1009, 1012, 1013, 1014, 1015, 1017, 1018, 1019, 1020, 1022, 1032, 1037, 1043, 1046, 1049], "summary": {"covered_lines": 17, "num_statements": 33, "percent_covered": 51.515151515151516, "percent_covered_display": "52", "missing_lines": 16, "excluded_lines": 0}, "missing_lines": [1023, 1024, 1025, 1026, 1027, 1028, 1029, 1030, 1033, 1034, 1035, 1038, 1039, 1040, 1044, 1047], "excluded_lines": []}, "_extract_pytest_errors": {"executed_lines": [], "summary": {"covered_lines": 0, "num_statements": 11, "percent_covered": 0.0, "percent_covered_display": "0", "missing_lines": 11, "excluded_lines": 0}, "missing_lines": [1058, 1059, 1062, 1065, 1066, 1067, 1104, 1111, 1113, 1114, 1131], "excluded_lines": []}, "": {"executed_lines": [1, 9, 10, 11, 12, 15, 16, 19, 22, 51, 67, 106, 134, 175, 190, 284, 291, 302, 348, 365, 407, 419, 430, 446, 465, 480, 501, 536, 602, 634, 846, 888, 896, 915, 933, 941, 951, 969, 1002, 1052], "summary": {"covered_lines": 39, "num_statements": 39, "percent_covered": 100.0, "percent_covered_display": "100", "missing_lines": 0, "excluded_lines": 0}, "missing_lines": [], "excluded_lines": []}}, "classes": {"": {"executed_lines": [1, 9, 10, 11, 12, 15, 16, 19, 22, 36, 42, 43, 45, 46, 48, 51, 55, 56, 57, 59, 60, 62, 64, 67, 80, 81, 84, 103, 106, 126, 128, 131, 134, 137, 147, 159, 162, 163, 164, 167, 171, 175, 190, 193, 195, 199, 200, 202, 240, 241, 247, 248, 249, 250, 251, 254, 255, 256, 257, 258, 261, 262, 263, 264, 265, 269, 270, 272, 273, 275, 276, 277, 278, 281, 284, 286, 287, 288, 291, 293, 294, 295, 296, 297, 298, 299, 302, 304, 312, 317, 320, 348, 352, 355, 357, 358, 359, 365, 379, 380, 382, 384, 387, 388, 391, 398, 404, 407, 409, 410, 411, 412, 413, 414, 416, 419, 421, 430, 432, 435, 443, 446, 449, 452, 462, 465, 467, 468, 469, 472, 473, 475, 477, 480, 482, 483, 485, 486, 487, 489, 491, 492, 493, 494, 495, 498, 501, 503, 507, 519, 520, 521, 522, 524, 533, 536, 538, 543, 552, 554, 555, 556, 559, 561, 574, 602, 604, 607, 608, 609, 610, 613, 615, 619, 620, 622, 623, 631, 634, 636, 637, 639, 650, 651, 654, 746, 779, 780, 781, 811, 835, 838, 840, 846, 848, 850, 859, 868, 877, 885, 888, 896, 915, 933, 941, 951, 953, 955, 961, 962, 963, 964, 966, 969, 971, 974, 975, 976, 977, 980, 981, 982, 992, 993, 994, 995, 996, 997, 999, 1002, 1006, 1008, 1009, 1012, 1013, 1014, 1015, 1017, 1018, 1019, 1020, 1022, 1032, 1037, 1043, 1046, 1049, 1052], "summary": {"covered_lines": 247, "num_statements": 378, "percent_covered": 65.34391534391534, "percent_covered_display": "65", "missing_lines": 131, "excluded_lines": 0}, "missing_lines": [204, 207, 208, 210, 211, 213, 215, 217, 220, 223, 227, 228, 231, 232, 235, 236, 237, 242, 243, 244, 279, 488, 490, 496, 504, 539, 577, 578, 579, 582, 586, 599, 614, 616, 624, 625, 626, 627, 628, 629, 655, 657, 658, 660, 691, 692, 693, 695, 722, 723, 724, 747, 748, 749, 812, 851, 853, 855, 856, 857, 860, 862, 864, 865, 866, 869, 870, 872, 873, 874, 875, 878, 879, 881, 882, 883, 890, 892, 893, 898, 901, 907, 908, 909, 910, 912, 917, 919, 925, 926, 927, 928, 930, 935, 937, 938, 943, 945, 946, 947, 948, 983, 985, 989, 1023, 1024, 1025, 1026, 1027, 1028, 1029, 1030, 1033, 1034, 1035, 1038, 1039, 1040, 1044, 1047, 1058, 1059, 1062, 1065, 1066, 1067, 1104, 1111, 1113, 1114, 1131], "excluded_lines": []}}}}, "totals": {"covered_lines": 3007, "num_statements": 4664, "percent_covered": 64.47255574614066, "percent_covered_display": "64", "missing_lines": 1657, "excluded_lines": 13}}
