{
  "meta": {
    "format": 3,
    "version": "7.10.1",
    "timestamp": "2025-09-17T17:11:10.663389",
    "branch_coverage": false,
    "show_contexts": false
  },
  "files": {
    "src/gitlab_analyzer/__init__.py": {
      "executed_lines": [1, 12, 13, 14, 15, 16, 18],
      "summary": {
        "covered_lines": 6,
        "num_statements": 6,
        "percent_covered": 100.0,
        "percent_covered_display": "100",
        "missing_lines": 0,
        "excluded_lines": 0
      },
      "missing_lines": [],
      "excluded_lines": [],
      "functions": {
        "": {
          "executed_lines": [1, 12, 13, 14, 15, 16, 18],
          "summary": {
            "covered_lines": 6,
            "num_statements": 6,
            "percent_covered": 100.0,
            "percent_covered_display": "100",
            "missing_lines": 0,
            "excluded_lines": 0
          },
          "missing_lines": [],
          "excluded_lines": []
        }
      },
      "classes": {
        "": {
          "executed_lines": [1, 12, 13, 14, 15, 16, 18],
          "summary": {
            "covered_lines": 6,
            "num_statements": 6,
            "percent_covered": 100.0,
            "percent_covered_display": "100",
            "missing_lines": 0,
            "excluded_lines": 0
          },
          "missing_lines": [],
          "excluded_lines": []
        }
      }
    },
    "src/gitlab_analyzer/analysis/__init__.py": {
      "executed_lines": [1, 7, 8, 11],
      "summary": {
        "covered_lines": 3,
        "num_statements": 3,
        "percent_covered": 100.0,
        "percent_covered_display": "100",
        "missing_lines": 0,
        "excluded_lines": 0
      },
      "missing_lines": [],
      "excluded_lines": [],
      "functions": {
        "": {
          "executed_lines": [1, 7, 8, 11],
          "summary": {
            "covered_lines": 3,
            "num_statements": 3,
            "percent_covered": 100.0,
            "percent_covered_display": "100",
            "missing_lines": 0,
            "excluded_lines": 0
          },
          "missing_lines": [],
          "excluded_lines": []
        }
      },
      "classes": {
        "": {
          "executed_lines": [1, 7, 8, 11],
          "summary": {
            "covered_lines": 3,
            "num_statements": 3,
            "percent_covered": 100.0,
            "percent_covered_display": "100",
            "missing_lines": 0,
            "excluded_lines": 0
          },
          "missing_lines": [],
          "excluded_lines": []
        }
      }
    },
    "src/gitlab_analyzer/analysis/error_model.py": {
      "executed_lines": [
        1, 3, 6, 7, 8, 10, 11, 12, 13, 14, 15, 17, 18, 20, 29, 30
      ],
      "summary": {
        "covered_lines": 14,
        "num_statements": 15,
        "percent_covered": 93.33333333333333,
        "percent_covered_display": "93",
        "missing_lines": 1,
        "excluded_lines": 0
      },
      "missing_lines": [32],
      "excluded_lines": [],
      "functions": {
        "Error.from_dict": {
          "executed_lines": [20],
          "summary": {
            "covered_lines": 1,
            "num_statements": 1,
            "percent_covered": 100.0,
            "percent_covered_display": "100",
            "missing_lines": 0,
            "excluded_lines": 0
          },
          "missing_lines": [],
          "excluded_lines": []
        },
        "Error.from_log_entry": {
          "executed_lines": [],
          "summary": {
            "covered_lines": 0,
            "num_statements": 1,
            "percent_covered": 0.0,
            "percent_covered_display": "0",
            "missing_lines": 1,
            "excluded_lines": 0
          },
          "missing_lines": [32],
          "excluded_lines": []
        },
        "": {
          "executed_lines": [
            1, 3, 6, 7, 8, 10, 11, 12, 13, 14, 15, 17, 18, 29, 30
          ],
          "summary": {
            "covered_lines": 13,
            "num_statements": 13,
            "percent_covered": 100.0,
            "percent_covered_display": "100",
            "missing_lines": 0,
            "excluded_lines": 0
          },
          "missing_lines": [],
          "excluded_lines": []
        }
      },
      "classes": {
        "Error": {
          "executed_lines": [20],
          "summary": {
            "covered_lines": 1,
            "num_statements": 2,
            "percent_covered": 50.0,
            "percent_covered_display": "50",
            "missing_lines": 1,
            "excluded_lines": 0
          },
          "missing_lines": [32],
          "excluded_lines": []
        },
        "": {
          "executed_lines": [
            1, 3, 6, 7, 8, 10, 11, 12, 13, 14, 15, 17, 18, 29, 30
          ],
          "summary": {
            "covered_lines": 13,
            "num_statements": 13,
            "percent_covered": 100.0,
            "percent_covered_display": "100",
            "missing_lines": 0,
            "excluded_lines": 0
          },
          "missing_lines": [],
          "excluded_lines": []
        }
      }
    },
    "src/gitlab_analyzer/analysis/root_cause_analyzer.py": {
      "executed_lines": [
        1, 3, 4, 6, 7, 8, 11, 12, 13, 15, 16, 17, 18, 20, 21, 23, 25, 26, 28,
        31, 32, 33, 35, 36, 37, 38, 39, 41, 42, 44, 45, 47, 48, 50, 53, 54, 55,
        58, 59, 61, 62, 64, 66, 68, 69, 70, 73, 74, 75, 78, 79, 82, 85, 86, 87,
        88, 93, 94, 96, 97, 100, 103, 105, 106, 109, 110, 115, 116, 117, 118,
        120, 124, 132, 136, 138, 140, 141, 143, 147, 149, 151, 156, 158, 164,
        166, 170, 172, 174, 178, 180, 181, 184, 186, 188, 189, 192, 193, 197,
        199, 201, 202, 207, 208, 209, 210, 215, 216, 217, 218, 219, 224, 225,
        226, 227, 228, 232, 233, 235, 242, 249, 251, 267, 269, 270, 274, 275,
        280, 282, 284, 285, 286, 287, 299, 300, 302, 304, 305, 308, 309, 310,
        311, 312, 313, 315, 317, 318, 319, 320, 321, 322, 329, 330, 331, 332,
        333, 335, 338, 339, 340, 341, 343, 345, 347, 349, 352, 353, 357, 360,
        363, 366, 369, 370, 373, 388, 396, 404, 405, 408, 412, 413, 416, 417,
        418, 419, 420, 422, 424, 426, 427, 430, 431, 434, 439, 441, 443, 444,
        446, 447, 448, 449, 450, 451, 452, 455, 456, 459, 461, 463, 469, 471,
        474, 475, 477, 479, 491, 493, 500
      ],
      "summary": {
        "covered_lines": 213,
        "num_statements": 238,
        "percent_covered": 89.49579831932773,
        "percent_covered_display": "89",
        "missing_lines": 25,
        "excluded_lines": 0
      },
      "missing_lines": [
        243, 291, 295, 314, 316, 323, 324, 326, 350, 378, 379, 380, 383, 384,
        385, 389, 392, 393, 397, 400, 401, 409, 432, 457, 472
      ],
      "excluded_lines": [],
      "functions": {
        "ErrorGroup.affected_files": {
          "executed_lines": [23],
          "summary": {
            "covered_lines": 1,
            "num_statements": 1,
            "percent_covered": 100.0,
            "percent_covered_display": "100",
            "missing_lines": 0,
            "excluded_lines": 0
          },
          "missing_lines": [],
          "excluded_lines": []
        },
        "ErrorGroup.error_count": {
          "executed_lines": [28],
          "summary": {
            "covered_lines": 1,
            "num_statements": 1,
            "percent_covered": 100.0,
            "percent_covered_display": "100",
            "missing_lines": 0,
            "excluded_lines": 0
          },
          "missing_lines": [],
          "excluded_lines": []
        },
        "RootCauseAnalysis.total_errors": {
          "executed_lines": [44, 45],
          "summary": {
            "covered_lines": 2,
            "num_statements": 2,
            "percent_covered": 100.0,
            "percent_covered_display": "100",
            "missing_lines": 0,
            "excluded_lines": 0
          },
          "missing_lines": [],
          "excluded_lines": []
        },
        "RootCauseAnalysis.affected_files": {
          "executed_lines": [50, 53, 54, 55],
          "summary": {
            "covered_lines": 4,
            "num_statements": 4,
            "percent_covered": 100.0,
            "percent_covered_display": "100",
            "missing_lines": 0,
            "excluded_lines": 0
          },
          "missing_lines": [],
          "excluded_lines": []
        },
        "RootCauseAnalyzer.__init__": {
          "executed_lines": [62],
          "summary": {
            "covered_lines": 1,
            "num_statements": 1,
            "percent_covered": 100.0,
            "percent_covered_display": "100",
            "missing_lines": 0,
            "excluded_lines": 0
          },
          "missing_lines": [],
          "excluded_lines": []
        },
        "RootCauseAnalyzer.analyze": {
          "executed_lines": [
            66, 68, 69, 70, 73, 74, 75, 78, 79, 82, 85, 86, 87, 88, 93, 94, 96,
            97, 100, 103, 105, 106, 109, 110, 115, 116, 117, 118, 120, 124
          ],
          "summary": {
            "covered_lines": 30,
            "num_statements": 30,
            "percent_covered": 100.0,
            "percent_covered_display": "100",
            "missing_lines": 0,
            "excluded_lines": 0
          },
          "missing_lines": [],
          "excluded_lines": []
        },
        "RootCauseAnalyzer._create_groups_from_dynamic_patterns": {
          "executed_lines": [
            136, 138, 140, 141, 143, 147, 149, 151, 156, 158, 164, 166, 170
          ],
          "summary": {
            "covered_lines": 13,
            "num_statements": 13,
            "percent_covered": 100.0,
            "percent_covered_display": "100",
            "missing_lines": 0,
            "excluded_lines": 0
          },
          "missing_lines": [],
          "excluded_lines": []
        },
        "RootCauseAnalyzer._rank_error_groups": {
          "executed_lines": [174, 178, 186, 188, 189, 192, 193, 197],
          "summary": {
            "covered_lines": 8,
            "num_statements": 8,
            "percent_covered": 100.0,
            "percent_covered_display": "100",
            "missing_lines": 0,
            "excluded_lines": 0
          },
          "missing_lines": [],
          "excluded_lines": []
        },
        "RootCauseAnalyzer._rank_error_groups.ranking_key": {
          "executed_lines": [180, 181, 184],
          "summary": {
            "covered_lines": 3,
            "num_statements": 3,
            "percent_covered": 100.0,
            "percent_covered_display": "100",
            "missing_lines": 0,
            "excluded_lines": 0
          },
          "missing_lines": [],
          "excluded_lines": []
        },
        "RootCauseAnalyzer._calculate_impact_score": {
          "executed_lines": [
            201, 202, 207, 208, 209, 210, 215, 216, 217, 218, 219, 224, 225,
            226, 227, 228, 232, 233
          ],
          "summary": {
            "covered_lines": 18,
            "num_statements": 18,
            "percent_covered": 100.0,
            "percent_covered_display": "100",
            "missing_lines": 0,
            "excluded_lines": 0
          },
          "missing_lines": [],
          "excluded_lines": []
        },
        "RootCauseAnalyzer._generate_summary": {
          "executed_lines": [242, 249, 251],
          "summary": {
            "covered_lines": 3,
            "num_statements": 4,
            "percent_covered": 75.0,
            "percent_covered_display": "75",
            "missing_lines": 1,
            "excluded_lines": 0
          },
          "missing_lines": [243],
          "excluded_lines": []
        },
        "RootCauseAnalyzer._generate_fix_suggestions": {
          "executed_lines": [
            269, 270, 274, 275, 280, 282, 284, 285, 286, 287, 299, 300
          ],
          "summary": {
            "covered_lines": 12,
            "num_statements": 14,
            "percent_covered": 85.71428571428571,
            "percent_covered_display": "86",
            "missing_lines": 2,
            "excluded_lines": 0
          },
          "missing_lines": [291, 295],
          "excluded_lines": []
        },
        "RootCauseAnalyzer._generate_dynamic_fix_suggestion": {
          "executed_lines": [
            304, 305, 308, 309, 310, 311, 312, 313, 315, 317, 318, 319, 320,
            321, 322, 329, 330, 331, 332, 333, 335, 338, 339, 340, 341, 343
          ],
          "summary": {
            "covered_lines": 26,
            "num_statements": 31,
            "percent_covered": 83.87096774193549,
            "percent_covered_display": "84",
            "missing_lines": 5,
            "excluded_lines": 0
          },
          "missing_lines": [314, 316, 323, 324, 326],
          "excluded_lines": []
        },
        "RootCauseAnalyzer._customize_fix_suggestion": {
          "executed_lines": [
            347, 349, 352, 353, 357, 360, 363, 366, 373, 388, 396, 404, 405,
            408, 412, 413, 416, 417, 418, 419, 420, 422
          ],
          "summary": {
            "covered_lines": 22,
            "num_statements": 36,
            "percent_covered": 61.111111111111114,
            "percent_covered_display": "61",
            "missing_lines": 14,
            "excluded_lines": 0
          },
          "missing_lines": [
            350, 378, 379, 380, 383, 384, 385, 389, 392, 393, 397, 400, 401, 409
          ],
          "excluded_lines": []
        },
        "RootCauseAnalyzer._customize_fix_suggestion.safe_replace": {
          "executed_lines": [369, 370],
          "summary": {
            "covered_lines": 2,
            "num_statements": 2,
            "percent_covered": 100.0,
            "percent_covered_display": "100",
            "missing_lines": 0,
            "excluded_lines": 0
          },
          "missing_lines": [],
          "excluded_lines": []
        },
        "RootCauseAnalyzer._calculate_confidence": {
          "executed_lines": [426, 427, 430, 431, 434, 439],
          "summary": {
            "covered_lines": 6,
            "num_statements": 7,
            "percent_covered": 85.71428571428571,
            "percent_covered_display": "86",
            "missing_lines": 1,
            "excluded_lines": 0
          },
          "missing_lines": [432],
          "excluded_lines": []
        },
        "RootCauseAnalyzer._format_primary_error": {
          "executed_lines": [
            443, 444, 446, 447, 448, 449, 450, 451, 452, 455, 456, 459
          ],
          "summary": {
            "covered_lines": 12,
            "num_statements": 13,
            "percent_covered": 92.3076923076923,
            "percent_covered_display": "92",
            "missing_lines": 1,
            "excluded_lines": 0
          },
          "missing_lines": [457],
          "excluded_lines": []
        },
        "RootCauseAnalyzer._is_test_failure": {
          "executed_lines": [463],
          "summary": {
            "covered_lines": 1,
            "num_statements": 1,
            "percent_covered": 100.0,
            "percent_covered_display": "100",
            "missing_lines": 0,
            "excluded_lines": 0
          },
          "missing_lines": [],
          "excluded_lines": []
        },
        "RootCauseAnalyzer._is_critical_file": {
          "executed_lines": [471, 474, 475],
          "summary": {
            "covered_lines": 3,
            "num_statements": 4,
            "percent_covered": 75.0,
            "percent_covered_display": "75",
            "missing_lines": 1,
            "excluded_lines": 0
          },
          "missing_lines": [472],
          "excluded_lines": []
        },
        "RootCauseAnalyzer._create_generic_pattern": {
          "executed_lines": [479],
          "summary": {
            "covered_lines": 1,
            "num_statements": 1,
            "percent_covered": 100.0,
            "percent_covered_display": "100",
            "missing_lines": 0,
            "excluded_lines": 0
          },
          "missing_lines": [],
          "excluded_lines": []
        },
        "RootCauseAnalyzer._empty_analysis": {
          "executed_lines": [493, 500],
          "summary": {
            "covered_lines": 2,
            "num_statements": 2,
            "percent_covered": 100.0,
            "percent_covered_display": "100",
            "missing_lines": 0,
            "excluded_lines": 0
          },
          "missing_lines": [],
          "excluded_lines": []
        },
        "": {
          "executed_lines": [
            1, 3, 4, 6, 7, 8, 11, 12, 13, 15, 16, 17, 18, 20, 21, 25, 26, 31,
            32, 33, 35, 36, 37, 38, 39, 41, 42, 47, 48, 58, 59, 61, 64, 132,
            172, 199, 235, 267, 302, 345, 424, 441, 461, 469, 477, 491
          ],
          "summary": {
            "covered_lines": 42,
            "num_statements": 42,
            "percent_covered": 100.0,
            "percent_covered_display": "100",
            "missing_lines": 0,
            "excluded_lines": 0
          },
          "missing_lines": [],
          "excluded_lines": []
        }
      },
      "classes": {
        "ErrorGroup": {
          "executed_lines": [23, 28],
          "summary": {
            "covered_lines": 2,
            "num_statements": 2,
            "percent_covered": 100.0,
            "percent_covered_display": "100",
            "missing_lines": 0,
            "excluded_lines": 0
          },
          "missing_lines": [],
          "excluded_lines": []
        },
        "RootCauseAnalysis": {
          "executed_lines": [44, 45, 50, 53, 54, 55],
          "summary": {
            "covered_lines": 6,
            "num_statements": 6,
            "percent_covered": 100.0,
            "percent_covered_display": "100",
            "missing_lines": 0,
            "excluded_lines": 0
          },
          "missing_lines": [],
          "excluded_lines": []
        },
        "RootCauseAnalyzer": {
          "executed_lines": [
            62, 66, 68, 69, 70, 73, 74, 75, 78, 79, 82, 85, 86, 87, 88, 93, 94,
            96, 97, 100, 103, 105, 106, 109, 110, 115, 116, 117, 118, 120, 124,
            136, 138, 140, 141, 143, 147, 149, 151, 156, 158, 164, 166, 170,
            174, 178, 180, 181, 184, 186, 188, 189, 192, 193, 197, 201, 202,
            207, 208, 209, 210, 215, 216, 217, 218, 219, 224, 225, 226, 227,
            228, 232, 233, 242, 249, 251, 269, 270, 274, 275, 280, 282, 284,
            285, 286, 287, 299, 300, 304, 305, 308, 309, 310, 311, 312, 313,
            315, 317, 318, 319, 320, 321, 322, 329, 330, 331, 332, 333, 335,
            338, 339, 340, 341, 343, 347, 349, 352, 353, 357, 360, 363, 366,
            369, 370, 373, 388, 396, 404, 405, 408, 412, 413, 416, 417, 418,
            419, 420, 422, 426, 427, 430, 431, 434, 439, 443, 444, 446, 447,
            448, 449, 450, 451, 452, 455, 456, 459, 463, 471, 474, 475, 479,
            493, 500
          ],
          "summary": {
            "covered_lines": 163,
            "num_statements": 188,
            "percent_covered": 86.70212765957447,
            "percent_covered_display": "87",
            "missing_lines": 25,
            "excluded_lines": 0
          },
          "missing_lines": [
            243, 291, 295, 314, 316, 323, 324, 326, 350, 378, 379, 380, 383,
            384, 385, 389, 392, 393, 397, 400, 401, 409, 432, 457, 472
          ],
          "excluded_lines": []
        },
        "": {
          "executed_lines": [
            1, 3, 4, 6, 7, 8, 11, 12, 13, 15, 16, 17, 18, 20, 21, 25, 26, 31,
            32, 33, 35, 36, 37, 38, 39, 41, 42, 47, 48, 58, 59, 61, 64, 132,
            172, 199, 235, 267, 302, 345, 424, 441, 461, 469, 477, 491
          ],
          "summary": {
            "covered_lines": 42,
            "num_statements": 42,
            "percent_covered": 100.0,
            "percent_covered_display": "100",
            "missing_lines": 0,
            "excluded_lines": 0
          },
          "missing_lines": [],
          "excluded_lines": []
        }
      }
    },
    "src/gitlab_analyzer/analysis/summarizer.py": {
      "executed_lines": [
        1, 7, 8, 10, 11, 14, 15, 16, 18, 19, 20, 21, 22, 23, 26, 27, 28, 30, 31,
        32, 33, 34, 35, 36, 37, 38, 43, 44, 46, 50, 76, 128, 161, 178, 191, 204,
        215
      ],
      "summary": {
        "covered_lines": 33,
        "num_statements": 92,
        "percent_covered": 35.869565217391305,
        "percent_covered_display": "36",
        "missing_lines": 59,
        "excluded_lines": 0
      },
      "missing_lines": [
        48, 54, 55, 64, 65, 67, 80, 81, 93, 96, 97, 98, 101, 102, 105, 108, 111,
        112, 116, 130, 131, 133, 163, 164, 167, 168, 169, 170, 171, 172, 173,
        174, 176, 180, 181, 184, 186, 187, 189, 193, 196, 197, 198, 199, 202,
        206, 209, 210, 211, 213, 217, 218, 220, 221, 222, 223, 224, 225, 227
      ],
      "excluded_lines": [],
      "functions": {
        "ErrorSummarizer.__init__": {
          "executed_lines": [],
          "summary": {
            "covered_lines": 0,
            "num_statements": 1,
            "percent_covered": 0.0,
            "percent_covered_display": "0",
            "missing_lines": 1,
            "excluded_lines": 0
          },
          "missing_lines": [48],
          "excluded_lines": []
        },
        "ErrorSummarizer.generate_minimal_summary": {
          "executed_lines": [],
          "summary": {
            "covered_lines": 0,
            "num_statements": 5,
            "percent_covered": 0.0,
            "percent_covered_display": "0",
            "missing_lines": 5,
            "excluded_lines": 0
          },
          "missing_lines": [54, 55, 64, 65, 67],
          "excluded_lines": []
        },
        "ErrorSummarizer.generate_root_cause_summary": {
          "executed_lines": [],
          "summary": {
            "covered_lines": 0,
            "num_statements": 13,
            "percent_covered": 0.0,
            "percent_covered_display": "0",
            "missing_lines": 13,
            "excluded_lines": 0
          },
          "missing_lines": [
            80, 81, 93, 96, 97, 98, 101, 102, 105, 108, 111, 112, 116
          ],
          "excluded_lines": []
        },
        "ErrorSummarizer.format_for_ai_assistant": {
          "executed_lines": [],
          "summary": {
            "covered_lines": 0,
            "num_statements": 3,
            "percent_covered": 0.0,
            "percent_covered_display": "0",
            "missing_lines": 3,
            "excluded_lines": 0
          },
          "missing_lines": [130, 131, 133],
          "excluded_lines": []
        },
        "ErrorSummarizer._generate_one_liner": {
          "executed_lines": [],
          "summary": {
            "covered_lines": 0,
            "num_statements": 11,
            "percent_covered": 0.0,
            "percent_covered_display": "0",
            "missing_lines": 11,
            "excluded_lines": 0
          },
          "missing_lines": [
            163, 164, 167, 168, 169, 170, 171, 172, 173, 174, 176
          ],
          "excluded_lines": []
        },
        "ErrorSummarizer._format_primary_location": {
          "executed_lines": [],
          "summary": {
            "covered_lines": 0,
            "num_statements": 6,
            "percent_covered": 0.0,
            "percent_covered_display": "0",
            "missing_lines": 6,
            "excluded_lines": 0
          },
          "missing_lines": [180, 181, 184, 186, 187, 189],
          "excluded_lines": []
        },
        "ErrorSummarizer._extract_quick_fix": {
          "executed_lines": [],
          "summary": {
            "covered_lines": 0,
            "num_statements": 6,
            "percent_covered": 0.0,
            "percent_covered_display": "0",
            "missing_lines": 6,
            "excluded_lines": 0
          },
          "missing_lines": [193, 196, 197, 198, 199, 202],
          "excluded_lines": []
        },
        "ErrorSummarizer._extract_broader_fix": {
          "executed_lines": [],
          "summary": {
            "covered_lines": 0,
            "num_statements": 5,
            "percent_covered": 0.0,
            "percent_covered_display": "0",
            "missing_lines": 5,
            "excluded_lines": 0
          },
          "missing_lines": [206, 209, 210, 211, 213],
          "excluded_lines": []
        },
        "ErrorSummarizer._assess_impact": {
          "executed_lines": [],
          "summary": {
            "covered_lines": 0,
            "num_statements": 9,
            "percent_covered": 0.0,
            "percent_covered_display": "0",
            "missing_lines": 9,
            "excluded_lines": 0
          },
          "missing_lines": [217, 218, 220, 221, 222, 223, 224, 225, 227],
          "excluded_lines": []
        },
        "": {
          "executed_lines": [
            1, 7, 8, 10, 11, 14, 15, 16, 18, 19, 20, 21, 22, 23, 26, 27, 28, 30,
            31, 32, 33, 34, 35, 36, 37, 38, 43, 44, 46, 50, 76, 128, 161, 178,
            191, 204, 215
          ],
          "summary": {
            "covered_lines": 33,
            "num_statements": 33,
            "percent_covered": 100.0,
            "percent_covered_display": "100",
            "missing_lines": 0,
            "excluded_lines": 0
          },
          "missing_lines": [],
          "excluded_lines": []
        }
      },
      "classes": {
        "MinimalErrorSummary": {
          "executed_lines": [],
          "summary": {
            "covered_lines": 0,
            "num_statements": 0,
            "percent_covered": 100.0,
            "percent_covered_display": "100",
            "missing_lines": 0,
            "excluded_lines": 0
          },
          "missing_lines": [],
          "excluded_lines": []
        },
        "RootCauseSummary": {
          "executed_lines": [],
          "summary": {
            "covered_lines": 0,
            "num_statements": 0,
            "percent_covered": 100.0,
            "percent_covered_display": "100",
            "missing_lines": 0,
            "excluded_lines": 0
          },
          "missing_lines": [],
          "excluded_lines": []
        },
        "ErrorSummarizer": {
          "executed_lines": [],
          "summary": {
            "covered_lines": 0,
            "num_statements": 59,
            "percent_covered": 0.0,
            "percent_covered_display": "0",
            "missing_lines": 59,
            "excluded_lines": 0
          },
          "missing_lines": [
            48, 54, 55, 64, 65, 67, 80, 81, 93, 96, 97, 98, 101, 102, 105, 108,
            111, 112, 116, 130, 131, 133, 163, 164, 167, 168, 169, 170, 171,
            172, 173, 174, 176, 180, 181, 184, 186, 187, 189, 193, 196, 197,
            198, 199, 202, 206, 209, 210, 211, 213, 217, 218, 220, 221, 222,
            223, 224, 225, 227
          ],
          "excluded_lines": []
        },
        "": {
          "executed_lines": [
            1, 7, 8, 10, 11, 14, 15, 16, 18, 19, 20, 21, 22, 23, 26, 27, 28, 30,
            31, 32, 33, 34, 35, 36, 37, 38, 43, 44, 46, 50, 76, 128, 161, 178,
            191, 204, 215
          ],
          "summary": {
            "covered_lines": 33,
            "num_statements": 33,
            "percent_covered": 100.0,
            "percent_covered_display": "100",
            "missing_lines": 0,
            "excluded_lines": 0
          },
          "missing_lines": [],
          "excluded_lines": []
        }
      }
    },
    "src/gitlab_analyzer/api/__init__.py": {
      "executed_lines": [1, 5, 7],
      "summary": {
        "covered_lines": 2,
        "num_statements": 2,
        "percent_covered": 100.0,
        "percent_covered_display": "100",
        "missing_lines": 0,
        "excluded_lines": 0
      },
      "missing_lines": [],
      "excluded_lines": [],
      "functions": {
        "": {
          "executed_lines": [1, 5, 7],
          "summary": {
            "covered_lines": 2,
            "num_statements": 2,
            "percent_covered": 100.0,
            "percent_covered_display": "100",
            "missing_lines": 0,
            "excluded_lines": 0
          },
          "missing_lines": [],
          "excluded_lines": []
        }
      },
      "classes": {
        "": {
          "executed_lines": [1, 5, 7],
          "summary": {
            "covered_lines": 2,
            "num_statements": 2,
            "percent_covered": 100.0,
            "percent_covered_display": "100",
            "missing_lines": 0,
            "excluded_lines": 0
          },
          "missing_lines": [],
          "excluded_lines": []
        }
      }
    },
    "src/gitlab_analyzer/api/client.py": {
      "executed_lines": [
        1, 8, 9, 11, 13, 16, 17, 19, 20, 21, 22, 24, 29, 33, 35, 36, 37, 38, 40,
        44, 46, 47, 48, 49, 51, 52, 53, 64, 66, 68, 72, 73, 75, 76, 77, 78, 80,
        81, 82, 93, 95, 97, 101, 103, 104, 105, 106, 107, 108, 110, 112, 114,
        115, 116, 118, 119, 121, 132, 165, 168, 169, 188, 190, 225, 261, 287,
        289, 292, 295, 296, 297, 298, 301, 302, 303, 306, 307, 308, 311, 312,
        328, 329, 341, 343, 344, 346, 355, 358, 365, 366, 367, 369, 370, 371,
        381, 393, 407, 409, 432, 455, 458, 459, 460, 461, 462, 463, 464, 466,
        469, 470, 472, 473, 474, 475, 477, 494, 496, 502, 503, 505, 506, 507,
        508
      ],
      "summary": {
        "covered_lines": 121,
        "num_statements": 141,
        "percent_covered": 85.81560283687944,
        "percent_covered_display": "86",
        "missing_lines": 20,
        "excluded_lines": 0
      },
      "missing_lines": [
        117, 125, 127, 128, 129, 130, 218, 220, 221, 222, 223, 254, 256, 257,
        258, 259, 304, 374, 375, 376
      ],
      "excluded_lines": [],
      "functions": {
        "GitLabAnalyzer.__init__": {
          "executed_lines": [20, 21, 22, 24],
          "summary": {
            "covered_lines": 4,
            "num_statements": 4,
            "percent_covered": 100.0,
            "percent_covered_display": "100",
            "missing_lines": 0,
            "excluded_lines": 0
          },
          "missing_lines": [],
          "excluded_lines": []
        },
        "GitLabAnalyzer.get_pipeline": {
          "executed_lines": [33, 35, 36, 37, 38],
          "summary": {
            "covered_lines": 5,
            "num_statements": 5,
            "percent_covered": 100.0,
            "percent_covered_display": "100",
            "missing_lines": 0,
            "excluded_lines": 0
          },
          "missing_lines": [],
          "excluded_lines": []
        },
        "GitLabAnalyzer.get_pipeline_jobs": {
          "executed_lines": [44, 46, 47, 48, 49, 51, 52, 53, 64, 66],
          "summary": {
            "covered_lines": 10,
            "num_statements": 10,
            "percent_covered": 100.0,
            "percent_covered_display": "100",
            "missing_lines": 0,
            "excluded_lines": 0
          },
          "missing_lines": [],
          "excluded_lines": []
        },
        "GitLabAnalyzer.get_failed_pipeline_jobs": {
          "executed_lines": [72, 73, 75, 76, 77, 78, 80, 81, 82, 93, 95],
          "summary": {
            "covered_lines": 11,
            "num_statements": 11,
            "percent_covered": 100.0,
            "percent_covered_display": "100",
            "missing_lines": 0,
            "excluded_lines": 0
          },
          "missing_lines": [],
          "excluded_lines": []
        },
        "GitLabAnalyzer.get_job_info": {
          "executed_lines": [101, 103, 104, 105, 106, 107, 108],
          "summary": {
            "covered_lines": 7,
            "num_statements": 7,
            "percent_covered": 100.0,
            "percent_covered_display": "100",
            "missing_lines": 0,
            "excluded_lines": 0
          },
          "missing_lines": [],
          "excluded_lines": []
        },
        "GitLabAnalyzer.get_job_trace": {
          "executed_lines": [112, 114, 115, 116, 118, 119],
          "summary": {
            "covered_lines": 6,
            "num_statements": 7,
            "percent_covered": 85.71428571428571,
            "percent_covered_display": "86",
            "missing_lines": 1,
            "excluded_lines": 0
          },
          "missing_lines": [117],
          "excluded_lines": []
        },
        "GitLabAnalyzer.get_merge_request": {
          "executed_lines": [],
          "summary": {
            "covered_lines": 0,
            "num_statements": 5,
            "percent_covered": 0.0,
            "percent_covered_display": "0",
            "missing_lines": 5,
            "excluded_lines": 0
          },
          "missing_lines": [125, 127, 128, 129, 130],
          "excluded_lines": []
        },
        "GitLabAnalyzer.get_merge_request_overview": {
          "executed_lines": [165, 168, 169, 188],
          "summary": {
            "covered_lines": 4,
            "num_statements": 4,
            "percent_covered": 100.0,
            "percent_covered_display": "100",
            "missing_lines": 0,
            "excluded_lines": 0
          },
          "missing_lines": [],
          "excluded_lines": []
        },
        "GitLabAnalyzer.get_merge_request_discussions": {
          "executed_lines": [],
          "summary": {
            "covered_lines": 0,
            "num_statements": 5,
            "percent_covered": 0.0,
            "percent_covered_display": "0",
            "missing_lines": 5,
            "excluded_lines": 0
          },
          "missing_lines": [218, 220, 221, 222, 223],
          "excluded_lines": []
        },
        "GitLabAnalyzer.get_merge_request_notes": {
          "executed_lines": [],
          "summary": {
            "covered_lines": 0,
            "num_statements": 5,
            "percent_covered": 0.0,
            "percent_covered_display": "0",
            "missing_lines": 5,
            "excluded_lines": 0
          },
          "missing_lines": [254, 256, 257, 258, 259],
          "excluded_lines": []
        },
        "GitLabAnalyzer.get_merge_request_review_summary": {
          "executed_lines": [
            287, 289, 292, 295, 296, 297, 298, 301, 302, 303, 306, 307, 308,
            311, 312, 328, 329, 341, 343, 344, 346, 355, 358, 365, 366, 367,
            369, 370, 371, 381, 393, 407, 409
          ],
          "summary": {
            "covered_lines": 33,
            "num_statements": 37,
            "percent_covered": 89.1891891891892,
            "percent_covered_display": "89",
            "missing_lines": 4,
            "excluded_lines": 0
          },
          "missing_lines": [304, 374, 375, 376],
          "excluded_lines": []
        },
        "GitLabAnalyzer.search_project_code": {
          "executed_lines": [
            455, 458, 459, 460, 461, 462, 463, 464, 466, 469, 470, 472, 473,
            474, 475
          ],
          "summary": {
            "covered_lines": 15,
            "num_statements": 15,
            "percent_covered": 100.0,
            "percent_covered_display": "100",
            "missing_lines": 0,
            "excluded_lines": 0
          },
          "missing_lines": [],
          "excluded_lines": []
        },
        "GitLabAnalyzer.search_project_commits": {
          "executed_lines": [494, 496, 502, 503, 505, 506, 507, 508],
          "summary": {
            "covered_lines": 8,
            "num_statements": 8,
            "percent_covered": 100.0,
            "percent_covered_display": "100",
            "missing_lines": 0,
            "excluded_lines": 0
          },
          "missing_lines": [],
          "excluded_lines": []
        },
        "": {
          "executed_lines": [
            1, 8, 9, 11, 13, 16, 17, 19, 29, 40, 68, 97, 110, 121, 132, 190,
            225, 261, 432, 477
          ],
          "summary": {
            "covered_lines": 18,
            "num_statements": 18,
            "percent_covered": 100.0,
            "percent_covered_display": "100",
            "missing_lines": 0,
            "excluded_lines": 0
          },
          "missing_lines": [],
          "excluded_lines": []
        }
      },
      "classes": {
        "GitLabAnalyzer": {
          "executed_lines": [
            20, 21, 22, 24, 33, 35, 36, 37, 38, 44, 46, 47, 48, 49, 51, 52, 53,
            64, 66, 72, 73, 75, 76, 77, 78, 80, 81, 82, 93, 95, 101, 103, 104,
            105, 106, 107, 108, 112, 114, 115, 116, 118, 119, 165, 168, 169,
            188, 287, 289, 292, 295, 296, 297, 298, 301, 302, 303, 306, 307,
            308, 311, 312, 328, 329, 341, 343, 344, 346, 355, 358, 365, 366,
            367, 369, 370, 371, 381, 393, 407, 409, 455, 458, 459, 460, 461,
            462, 463, 464, 466, 469, 470, 472, 473, 474, 475, 494, 496, 502,
            503, 505, 506, 507, 508
          ],
          "summary": {
            "covered_lines": 103,
            "num_statements": 123,
            "percent_covered": 83.73983739837398,
            "percent_covered_display": "84",
            "missing_lines": 20,
            "excluded_lines": 0
          },
          "missing_lines": [
            117, 125, 127, 128, 129, 130, 218, 220, 221, 222, 223, 254, 256,
            257, 258, 259, 304, 374, 375, 376
          ],
          "excluded_lines": []
        },
        "": {
          "executed_lines": [
            1, 8, 9, 11, 13, 16, 17, 19, 29, 40, 68, 97, 110, 121, 132, 190,
            225, 261, 432, 477
          ],
          "summary": {
            "covered_lines": 18,
            "num_statements": 18,
            "percent_covered": 100.0,
            "percent_covered_display": "100",
            "missing_lines": 0,
            "excluded_lines": 0
          },
          "missing_lines": [],
          "excluded_lines": []
        }
      }
    },
    "src/gitlab_analyzer/cache/auto_cleanup.py": {
      "executed_lines": [
        1, 11, 12, 13, 14, 16, 17, 20, 21, 23, 25, 26, 29, 34, 35, 36, 39, 42,
        43, 45, 47, 48, 49, 51, 52, 55, 57, 58, 59, 61, 62, 64, 65, 69, 73, 75,
        80, 82, 83, 84, 86, 94, 95, 97, 103, 105, 106, 109, 111, 114, 116, 117,
        118, 122, 123, 125, 130, 131, 133, 134, 136, 138, 139, 141, 142, 144,
        146, 155, 156, 157, 159, 163, 166, 169, 170, 173, 174, 175
      ],
      "summary": {
        "covered_lines": 76,
        "num_statements": 76,
        "percent_covered": 100.0,
        "percent_covered_display": "100",
        "missing_lines": 0,
        "excluded_lines": 0
      },
      "missing_lines": [],
      "excluded_lines": [],
      "functions": {
        "AutoCleanupManager.__init__": {
          "executed_lines": [25, 26, 29, 34, 35, 36, 39, 42, 43],
          "summary": {
            "covered_lines": 9,
            "num_statements": 9,
            "percent_covered": 100.0,
            "percent_covered_display": "100",
            "missing_lines": 0,
            "excluded_lines": 0
          },
          "missing_lines": [],
          "excluded_lines": []
        },
        "AutoCleanupManager.should_run_cleanup": {
          "executed_lines": [
            47, 48, 49, 51, 52, 55, 57, 58, 59, 61, 62, 64, 65, 69, 73
          ],
          "summary": {
            "covered_lines": 15,
            "num_statements": 15,
            "percent_covered": 100.0,
            "percent_covered_display": "100",
            "missing_lines": 0,
            "excluded_lines": 0
          },
          "missing_lines": [],
          "excluded_lines": []
        },
        "AutoCleanupManager.trigger_cleanup_if_needed": {
          "executed_lines": [80, 82, 83, 84, 86, 94, 95, 97],
          "summary": {
            "covered_lines": 8,
            "num_statements": 8,
            "percent_covered": 100.0,
            "percent_covered_display": "100",
            "missing_lines": 0,
            "excluded_lines": 0
          },
          "missing_lines": [],
          "excluded_lines": []
        },
        "AutoCleanupManager._run_cleanup_background": {
          "executed_lines": [
            105, 106, 109, 111, 114, 116, 117, 118, 122, 123, 125, 130, 131,
            133, 134
          ],
          "summary": {
            "covered_lines": 15,
            "num_statements": 15,
            "percent_covered": 100.0,
            "percent_covered_display": "100",
            "missing_lines": 0,
            "excluded_lines": 0
          },
          "missing_lines": [],
          "excluded_lines": []
        },
        "AutoCleanupManager._get_next_cleanup_minutes": {
          "executed_lines": [138, 139, 141, 142],
          "summary": {
            "covered_lines": 4,
            "num_statements": 4,
            "percent_covered": 100.0,
            "percent_covered_display": "100",
            "missing_lines": 0,
            "excluded_lines": 0
          },
          "missing_lines": [],
          "excluded_lines": []
        },
        "AutoCleanupManager.get_status": {
          "executed_lines": [146, 155, 156, 157, 159],
          "summary": {
            "covered_lines": 5,
            "num_statements": 5,
            "percent_covered": 100.0,
            "percent_covered_display": "100",
            "missing_lines": 0,
            "excluded_lines": 0
          },
          "missing_lines": [],
          "excluded_lines": []
        },
        "get_auto_cleanup_manager": {
          "executed_lines": [169, 170, 173, 174, 175],
          "summary": {
            "covered_lines": 5,
            "num_statements": 5,
            "percent_covered": 100.0,
            "percent_covered_display": "100",
            "missing_lines": 0,
            "excluded_lines": 0
          },
          "missing_lines": [],
          "excluded_lines": []
        },
        "": {
          "executed_lines": [
            1, 11, 12, 13, 14, 16, 17, 20, 21, 23, 45, 75, 103, 136, 144, 163,
            166
          ],
          "summary": {
            "covered_lines": 15,
            "num_statements": 15,
            "percent_covered": 100.0,
            "percent_covered_display": "100",
            "missing_lines": 0,
            "excluded_lines": 0
          },
          "missing_lines": [],
          "excluded_lines": []
        }
      },
      "classes": {
        "AutoCleanupManager": {
          "executed_lines": [
            25, 26, 29, 34, 35, 36, 39, 42, 43, 47, 48, 49, 51, 52, 55, 57, 58,
            59, 61, 62, 64, 65, 69, 73, 80, 82, 83, 84, 86, 94, 95, 97, 105,
            106, 109, 111, 114, 116, 117, 118, 122, 123, 125, 130, 131, 133,
            134, 138, 139, 141, 142, 146, 155, 156, 157, 159
          ],
          "summary": {
            "covered_lines": 56,
            "num_statements": 56,
            "percent_covered": 100.0,
            "percent_covered_display": "100",
            "missing_lines": 0,
            "excluded_lines": 0
          },
          "missing_lines": [],
          "excluded_lines": []
        },
        "": {
          "executed_lines": [
            1, 11, 12, 13, 14, 16, 17, 20, 21, 23, 45, 75, 103, 136, 144, 163,
            166, 169, 170, 173, 174, 175
          ],
          "summary": {
            "covered_lines": 20,
            "num_statements": 20,
            "percent_covered": 100.0,
            "percent_covered_display": "100",
            "missing_lines": 0,
            "excluded_lines": 0
          },
          "missing_lines": [],
          "excluded_lines": []
        }
      }
    },
    "src/gitlab_analyzer/cache/mcp_cache.py": {
      "executed_lines": [
        1, 12, 13, 14, 15, 16, 17, 18, 19, 21, 23, 30, 33, 34, 43, 45, 46, 48,
        49, 54, 62, 63, 65, 67, 69, 70, 71, 74, 79, 80, 81, 84, 90, 91, 94, 97,
        102, 103, 104, 106, 113, 114, 115, 116, 118, 211, 216, 217, 231, 236,
        238, 258, 259, 260, 265, 270, 278, 280, 281, 285, 286, 289, 290, 291,
        296, 297, 299, 303, 304, 305, 360, 362, 363, 367, 369, 373, 375, 400,
        402, 404, 407, 408, 414, 415, 417, 431, 434, 436, 441, 442, 444, 445,
        447, 449, 452, 455, 475, 476, 477, 478, 479, 482, 483, 488, 490, 492,
        494, 501, 502, 522, 524, 525, 533, 534, 535, 547, 549, 553, 554, 555,
        559, 560, 561, 564, 565, 566, 567, 568, 569, 571, 572, 573, 574, 576,
        625, 626, 629, 630, 666, 667, 669, 677, 678, 679, 726, 736, 737, 739,
        741, 744, 745, 747, 765, 766, 767, 770, 772, 775, 776, 781, 795, 804,
        814, 815, 817, 818, 820, 824, 828, 829, 831, 853, 861, 863, 864, 874,
        875, 887, 889, 891, 892, 902, 903, 926, 928, 932, 933, 946, 947, 948,
        970, 972, 976, 978, 982, 984, 985, 995, 998, 999, 1002, 1010, 1011,
        1014, 1022, 1023, 1025, 1041, 1050, 1051, 1059, 1061, 1062, 1066, 1067,
        1068, 1069, 1070, 1071, 1072, 1074, 1083, 1085, 1086, 1087, 1097, 1098,
        1099, 1100, 1102, 1112, 1114, 1116, 1117, 1126, 1127, 1128, 1140, 1142,
        1144, 1145, 1155, 1156, 1157, 1168, 1169, 1170, 1171, 1175, 1177, 1179,
        1181, 1182, 1186, 1187, 1188, 1190, 1191, 1192, 1202, 1203, 1204, 1221,
        1222, 1225, 1227, 1229, 1231, 1232, 1242, 1255, 1259, 1261, 1265, 1266,
        1267, 1285, 1311, 1345, 1372, 1397, 1399, 1400, 1402, 1405, 1430, 1431,
        1433, 1435, 1436, 1440, 1441, 1518, 1523, 1538, 1539, 1540, 1545, 1546,
        1547, 1548, 1549, 1550, 1552, 1553, 1554, 1555, 1557, 1558, 1561, 1566,
        1623, 1751, 1834, 1836, 1837, 1840, 1841, 1844, 1845, 1846, 1849, 1850,
        1851, 1859, 1860, 1862, 1863, 1864, 1865, 1866, 1867, 1869, 1870, 1879,
        1881, 1883, 1884, 1887, 1894, 1896, 1897, 1898, 1899, 1900, 1903, 1904,
        1906, 1912, 1920, 1921, 1923, 1930, 1931, 1934, 1941, 1942, 1945, 1952,
        1953, 1955, 1964, 1969, 1974, 1976, 2020, 2024, 2027, 2028, 2032, 2033,
        2038, 2047, 2051, 2057, 2060, 2062, 2073, 2075, 2078, 2080, 2096, 2099,
        2109, 2110, 2111, 2112, 2113, 2123, 2124, 2127
      ],
      "summary": {
        "covered_lines": 389,
        "num_statements": 714,
        "percent_covered": 54.48179271708683,
        "percent_covered_display": "54",
        "missing_lines": 325,
        "excluded_lines": 0
      },
      "missing_lines": [
        108, 109, 110, 111, 218, 223, 228, 271, 276, 300, 307, 308, 309, 310,
        311, 314, 316, 317, 318, 319, 320, 325, 326, 327, 329, 330, 331, 332,
        333, 335, 336, 337, 338, 341, 342, 345, 347, 348, 349, 350, 351, 354,
        356, 357, 358, 411, 432, 450, 556, 577, 578, 582, 583, 586, 587, 588,
        589, 590, 591, 592, 595, 596, 598, 600, 605, 606, 609, 612, 613, 616,
        617, 618, 620, 622, 623, 653, 664, 682, 683, 684, 688, 689, 691, 697,
        717, 719, 720, 721, 723, 724, 742, 773, 779, 782, 797, 798, 799, 801,
        802, 855, 856, 857, 859, 876, 904, 1052, 1053, 1054, 1055, 1057, 1109,
        1111, 1172, 1173, 1223, 1224, 1270, 1274, 1276, 1277, 1278, 1279, 1280,
        1283, 1289, 1290, 1292, 1293, 1294, 1295, 1296, 1297, 1299, 1301, 1302,
        1304, 1305, 1306, 1307, 1309, 1313, 1315, 1322, 1323, 1326, 1331, 1334,
        1337, 1341, 1343, 1347, 1349, 1350, 1351, 1353, 1354, 1355, 1358, 1359,
        1362, 1363, 1365, 1374, 1376, 1381, 1386, 1391, 1416, 1417, 1420, 1421,
        1424, 1427, 1429, 1442, 1447, 1475, 1476, 1477, 1482, 1485, 1490, 1493,
        1498, 1501, 1507, 1510, 1513, 1562, 1563, 1564, 1570, 1571, 1575, 1576,
        1582, 1583, 1584, 1587, 1589, 1590, 1594, 1595, 1596, 1600, 1605, 1606,
        1607, 1608, 1612, 1614, 1615, 1618, 1619, 1620, 1621, 1627, 1628, 1632,
        1633, 1634, 1636, 1639, 1643, 1644, 1648, 1649, 1652, 1656, 1657, 1658,
        1662, 1668, 1672, 1673, 1674, 1678, 1684, 1688, 1689, 1690, 1694, 1699,
        1700, 1701, 1702, 1705, 1709, 1710, 1711, 1713, 1719, 1723, 1724, 1725,
        1729, 1734, 1736, 1739, 1742, 1746, 1747, 1748, 1749, 1755, 1756, 1760,
        1761, 1762, 1765, 1769, 1770, 1771, 1775, 1780, 1783, 1784, 1785, 1789,
        1792, 1795, 1796, 1797, 1801, 1806, 1809, 1810, 1811, 1815, 1817, 1819,
        1822, 1825, 1829, 1830, 1831, 1832, 1876, 1877, 1915, 1916, 1917, 1965,
        1971, 1972, 2002, 2003, 2004, 2006, 2008, 2029, 2042, 2048, 2052, 2058,
        2114, 2115, 2116, 2117, 2119, 2120, 2121, 2130, 2132, 2133
      ],
      "excluded_lines": [],
      "functions": {
        "McpCache.__init__": {
          "executed_lines": [45, 46, 48, 49, 54, 62, 63],
          "summary": {
            "covered_lines": 7,
            "num_statements": 7,
            "percent_covered": 100.0,
            "percent_covered_display": "100",
            "missing_lines": 0,
            "excluded_lines": 0
          },
          "missing_lines": [],
          "excluded_lines": []
        },
        "McpCache._init_database": {
          "executed_lines": [
            67, 69, 70, 71, 74, 79, 80, 81, 84, 90, 91, 94, 97, 102, 103, 104,
            106, 113, 114, 115, 116, 118, 211, 216, 217, 231, 236, 238, 258,
            259, 260, 265, 270, 278, 280, 281, 285, 286, 289, 290, 291, 296,
            297, 299, 303, 304, 305
          ],
          "summary": {
            "covered_lines": 47,
            "num_statements": 92,
            "percent_covered": 51.08695652173913,
            "percent_covered_display": "51",
            "missing_lines": 45,
            "excluded_lines": 0
          },
          "missing_lines": [
            108, 109, 110, 111, 218, 223, 228, 271, 276, 300, 307, 308, 309,
            310, 311, 314, 316, 317, 318, 319, 320, 325, 326, 327, 329, 330,
            331, 332, 333, 335, 336, 337, 338, 341, 342, 345, 347, 348, 349,
            350, 351, 354, 356, 357, 358
          ],
          "excluded_lines": []
        },
        "McpCache.is_job_cached": {
          "executed_lines": [362, 363, 367],
          "summary": {
            "covered_lines": 3,
            "num_statements": 3,
            "percent_covered": 100.0,
            "percent_covered_display": "100",
            "missing_lines": 0,
            "excluded_lines": 0
          },
          "missing_lines": [],
          "excluded_lines": []
        },
        "McpCache.store_job_analysis": {
          "executed_lines": [373, 375, 400],
          "summary": {
            "covered_lines": 3,
            "num_statements": 3,
            "percent_covered": 100.0,
            "percent_covered_display": "100",
            "missing_lines": 0,
            "excluded_lines": 0
          },
          "missing_lines": [],
          "excluded_lines": []
        },
        "McpCache._should_exclude_error_from_storage": {
          "executed_lines": [404, 407, 408, 414, 415, 417, 431, 434],
          "summary": {
            "covered_lines": 8,
            "num_statements": 10,
            "percent_covered": 80.0,
            "percent_covered_display": "80",
            "missing_lines": 2,
            "excluded_lines": 0
          },
          "missing_lines": [411, 432],
          "excluded_lines": []
        },
        "McpCache._store_errors_and_file_index": {
          "executed_lines": [
            441, 442, 444, 445, 447, 449, 452, 455, 475, 476, 477, 478, 479,
            482, 483
          ],
          "summary": {
            "covered_lines": 15,
            "num_statements": 16,
            "percent_covered": 93.75,
            "percent_covered_display": "94",
            "missing_lines": 1,
            "excluded_lines": 0
          },
          "missing_lines": [450],
          "excluded_lines": []
        },
        "McpCache.store_errors_only": {
          "executed_lines": [490, 492],
          "summary": {
            "covered_lines": 2,
            "num_statements": 2,
            "percent_covered": 100.0,
            "percent_covered_display": "100",
            "missing_lines": 0,
            "excluded_lines": 0
          },
          "missing_lines": [],
          "excluded_lines": []
        },
        "McpCache.store_pipeline_info": {
          "executed_lines": [501, 502],
          "summary": {
            "covered_lines": 2,
            "num_statements": 2,
            "percent_covered": 100.0,
            "percent_covered_display": "100",
            "missing_lines": 0,
            "excluded_lines": 0
          },
          "missing_lines": [],
          "excluded_lines": []
        },
        "McpCache.get_pipeline_info": {
          "executed_lines": [524, 525, 533, 534, 535, 547],
          "summary": {
            "covered_lines": 6,
            "num_statements": 6,
            "percent_covered": 100.0,
            "percent_covered_display": "100",
            "missing_lines": 0,
            "excluded_lines": 0
          },
          "missing_lines": [],
          "excluded_lines": []
        },
        "McpCache.store_pipeline_info_async": {
          "executed_lines": [
            553, 554, 555, 559, 560, 561, 564, 565, 566, 567, 568, 569, 571,
            572, 573, 574, 576, 625, 626, 629, 630, 666, 667
          ],
          "summary": {
            "covered_lines": 23,
            "num_statements": 52,
            "percent_covered": 44.23076923076923,
            "percent_covered_display": "44",
            "missing_lines": 29,
            "excluded_lines": 0
          },
          "missing_lines": [
            556, 577, 578, 582, 583, 586, 587, 588, 589, 590, 591, 592, 595,
            596, 598, 600, 605, 606, 609, 612, 613, 616, 617, 618, 620, 622,
            623, 653, 664
          ],
          "excluded_lines": []
        },
        "McpCache.store_failed_jobs_basic": {
          "executed_lines": [677, 678, 679],
          "summary": {
            "covered_lines": 3,
            "num_statements": 16,
            "percent_covered": 18.75,
            "percent_covered_display": "19",
            "missing_lines": 13,
            "excluded_lines": 0
          },
          "missing_lines": [
            682, 683, 684, 688, 689, 691, 697, 717, 719, 720, 721, 723, 724
          ],
          "excluded_lines": []
        },
        "McpCache.store_job_file_errors": {
          "executed_lines": [
            736, 737, 739, 741, 744, 745, 747, 765, 766, 767, 770, 772, 775,
            776, 781, 795
          ],
          "summary": {
            "covered_lines": 16,
            "num_statements": 25,
            "percent_covered": 64.0,
            "percent_covered_display": "64",
            "missing_lines": 9,
            "excluded_lines": 0
          },
          "missing_lines": [742, 773, 779, 782, 797, 798, 799, 801, 802],
          "excluded_lines": []
        },
        "McpCache.store_error_trace_segments": {
          "executed_lines": [814, 815, 817, 818, 820, 824, 828, 829, 831, 853],
          "summary": {
            "covered_lines": 10,
            "num_statements": 14,
            "percent_covered": 71.42857142857143,
            "percent_covered_display": "71",
            "missing_lines": 4,
            "excluded_lines": 0
          },
          "missing_lines": [855, 856, 857, 859],
          "excluded_lines": []
        },
        "McpCache.get_pipeline_jobs": {
          "executed_lines": [863, 864, 874, 875, 887],
          "summary": {
            "covered_lines": 5,
            "num_statements": 6,
            "percent_covered": 83.33333333333333,
            "percent_covered_display": "83",
            "missing_lines": 1,
            "excluded_lines": 0
          },
          "missing_lines": [876],
          "excluded_lines": []
        },
        "McpCache.get_pipeline_info_async": {
          "executed_lines": [891, 892, 902, 903, 926],
          "summary": {
            "covered_lines": 5,
            "num_statements": 6,
            "percent_covered": 83.33333333333333,
            "percent_covered_display": "83",
            "missing_lines": 1,
            "excluded_lines": 0
          },
          "missing_lines": [904],
          "excluded_lines": []
        },
        "McpCache.get_pipeline_by_mr_iid": {
          "executed_lines": [932, 933, 946, 947, 948, 970],
          "summary": {
            "covered_lines": 6,
            "num_statements": 6,
            "percent_covered": 100.0,
            "percent_covered_display": "100",
            "missing_lines": 0,
            "excluded_lines": 0
          },
          "missing_lines": [],
          "excluded_lines": []
        },
        "McpCache.check_pipeline_analysis_status": {
          "executed_lines": [
            976, 978, 982, 984, 985, 995, 998, 999, 1002, 1010, 1011, 1014,
            1022, 1023, 1025
          ],
          "summary": {
            "covered_lines": 15,
            "num_statements": 15,
            "percent_covered": 100.0,
            "percent_covered_display": "100",
            "missing_lines": 0,
            "excluded_lines": 0
          },
          "missing_lines": [],
          "excluded_lines": []
        },
        "McpCache._get_analysis_recommendation": {
          "executed_lines": [1050, 1051],
          "summary": {
            "covered_lines": 2,
            "num_statements": 7,
            "percent_covered": 28.571428571428573,
            "percent_covered_display": "29",
            "missing_lines": 5,
            "excluded_lines": 0
          },
          "missing_lines": [1052, 1053, 1054, 1055, 1057],
          "excluded_lines": []
        },
        "McpCache.get_job_files_with_errors": {
          "executed_lines": [
            1061, 1062, 1066, 1067, 1068, 1069, 1070, 1071, 1072, 1074, 1083,
            1085, 1086, 1087, 1097, 1098, 1099, 1100, 1102, 1112
          ],
          "summary": {
            "covered_lines": 20,
            "num_statements": 22,
            "percent_covered": 90.9090909090909,
            "percent_covered_display": "91",
            "missing_lines": 2,
            "excluded_lines": 0
          },
          "missing_lines": [1109, 1111],
          "excluded_lines": []
        },
        "McpCache.get_job_info_async": {
          "executed_lines": [1116, 1117, 1126, 1127, 1128, 1140],
          "summary": {
            "covered_lines": 6,
            "num_statements": 6,
            "percent_covered": 100.0,
            "percent_covered_display": "100",
            "missing_lines": 0,
            "excluded_lines": 0
          },
          "missing_lines": [],
          "excluded_lines": []
        },
        "McpCache.get_job_errors": {
          "executed_lines": [
            1144, 1145, 1155, 1156, 1157, 1168, 1169, 1170, 1171, 1175, 1177
          ],
          "summary": {
            "covered_lines": 11,
            "num_statements": 13,
            "percent_covered": 84.61538461538461,
            "percent_covered_display": "85",
            "missing_lines": 2,
            "excluded_lines": 0
          },
          "missing_lines": [1172, 1173],
          "excluded_lines": []
        },
        "McpCache.get_file_errors": {
          "executed_lines": [
            1181, 1182, 1186, 1187, 1188, 1190, 1191, 1192, 1202, 1203, 1204,
            1221, 1222, 1225, 1227
          ],
          "summary": {
            "covered_lines": 15,
            "num_statements": 17,
            "percent_covered": 88.23529411764706,
            "percent_covered_display": "88",
            "missing_lines": 2,
            "excluded_lines": 0
          },
          "missing_lines": [1223, 1224],
          "excluded_lines": []
        },
        "McpCache.get_pipeline_failed_jobs": {
          "executed_lines": [1231, 1232, 1242],
          "summary": {
            "covered_lines": 3,
            "num_statements": 3,
            "percent_covered": 100.0,
            "percent_covered_display": "100",
            "missing_lines": 0,
            "excluded_lines": 0
          },
          "missing_lines": [],
          "excluded_lines": []
        },
        "McpCache.get_job_trace_excerpt": {
          "executed_lines": [1259, 1261, 1265, 1266, 1267],
          "summary": {
            "covered_lines": 5,
            "num_statements": 13,
            "percent_covered": 38.46153846153846,
            "percent_covered_display": "38",
            "missing_lines": 8,
            "excluded_lines": 0
          },
          "missing_lines": [1270, 1274, 1276, 1277, 1278, 1279, 1280, 1283],
          "excluded_lines": []
        },
        "McpCache._extract_trace_excerpt": {
          "executed_lines": [],
          "summary": {
            "covered_lines": 0,
            "num_statements": 16,
            "percent_covered": 0.0,
            "percent_covered_display": "0",
            "missing_lines": 16,
            "excluded_lines": 0
          },
          "missing_lines": [
            1289, 1290, 1292, 1293, 1294, 1295, 1296, 1297, 1299, 1301, 1302,
            1304, 1305, 1306, 1307, 1309
          ],
          "excluded_lines": []
        },
        "McpCache.cleanup_expired": {
          "executed_lines": [],
          "summary": {
            "covered_lines": 0,
            "num_statements": 10,
            "percent_covered": 0.0,
            "percent_covered_display": "0",
            "missing_lines": 10,
            "excluded_lines": 0
          },
          "missing_lines": [
            1313, 1315, 1322, 1323, 1326, 1331, 1334, 1337, 1341, 1343
          ],
          "excluded_lines": []
        },
        "McpCache.get_cache_stats": {
          "executed_lines": [],
          "summary": {
            "covered_lines": 0,
            "num_statements": 12,
            "percent_covered": 0.0,
            "percent_covered_display": "0",
            "missing_lines": 12,
            "excluded_lines": 0
          },
          "missing_lines": [
            1347, 1349, 1350, 1351, 1353, 1354, 1355, 1358, 1359, 1362, 1363,
            1365
          ],
          "excluded_lines": []
        },
        "McpCache.cleanup_old_versions": {
          "executed_lines": [],
          "summary": {
            "covered_lines": 0,
            "num_statements": 5,
            "percent_covered": 0.0,
            "percent_covered_display": "0",
            "missing_lines": 5,
            "excluded_lines": 0
          },
          "missing_lines": [1374, 1376, 1381, 1386, 1391],
          "excluded_lines": []
        },
        "McpCache.clear_old_entries": {
          "executed_lines": [1399, 1400, 1402, 1405, 1430, 1431],
          "summary": {
            "covered_lines": 6,
            "num_statements": 13,
            "percent_covered": 46.15384615384615,
            "percent_covered_display": "46",
            "missing_lines": 7,
            "excluded_lines": 0
          },
          "missing_lines": [1416, 1417, 1420, 1421, 1424, 1427, 1429],
          "excluded_lines": []
        },
        "McpCache.clear_all_cache": {
          "executed_lines": [
            1435, 1436, 1440, 1441, 1518, 1523, 1538, 1539, 1540, 1545, 1546,
            1547, 1548, 1549, 1550, 1552, 1553, 1554, 1555, 1557, 1558, 1561
          ],
          "summary": {
            "covered_lines": 22,
            "num_statements": 39,
            "percent_covered": 56.41025641025641,
            "percent_covered_display": "56",
            "missing_lines": 17,
            "excluded_lines": 0
          },
          "missing_lines": [
            1442, 1447, 1475, 1476, 1477, 1482, 1485, 1490, 1493, 1498, 1501,
            1507, 1510, 1513, 1562, 1563, 1564
          ],
          "excluded_lines": []
        },
        "McpCache.clear_cache_by_type": {
          "executed_lines": [],
          "summary": {
            "covered_lines": 0,
            "num_statements": 25,
            "percent_covered": 0.0,
            "percent_covered_display": "0",
            "missing_lines": 25,
            "excluded_lines": 0
          },
          "missing_lines": [
            1570, 1571, 1575, 1576, 1582, 1583, 1584, 1587, 1589, 1590, 1594,
            1595, 1596, 1600, 1605, 1606, 1607, 1608, 1612, 1614, 1615, 1618,
            1619, 1620, 1621
          ],
          "excluded_lines": []
        },
        "McpCache.clear_cache_by_pipeline": {
          "executed_lines": [],
          "summary": {
            "covered_lines": 0,
            "num_statements": 48,
            "percent_covered": 0.0,
            "percent_covered_display": "0",
            "missing_lines": 48,
            "excluded_lines": 0
          },
          "missing_lines": [
            1627, 1628, 1632, 1633, 1634, 1636, 1639, 1643, 1644, 1648, 1649,
            1652, 1656, 1657, 1658, 1662, 1668, 1672, 1673, 1674, 1678, 1684,
            1688, 1689, 1690, 1694, 1699, 1700, 1701, 1702, 1705, 1709, 1710,
            1711, 1713, 1719, 1723, 1724, 1725, 1729, 1734, 1736, 1739, 1742,
            1746, 1747, 1748, 1749
          ],
          "excluded_lines": []
        },
        "McpCache.clear_cache_by_job": {
          "executed_lines": [],
          "summary": {
            "covered_lines": 0,
            "num_statements": 33,
            "percent_covered": 0.0,
            "percent_covered_display": "0",
            "missing_lines": 33,
            "excluded_lines": 0
          },
          "missing_lines": [
            1755, 1756, 1760, 1761, 1762, 1765, 1769, 1770, 1771, 1775, 1780,
            1783, 1784, 1785, 1789, 1792, 1795, 1796, 1797, 1801, 1806, 1809,
            1810, 1811, 1815, 1817, 1819, 1822, 1825, 1829, 1830, 1831, 1832
          ],
          "excluded_lines": []
        },
        "McpCache.check_health": {
          "executed_lines": [
            1836, 1837, 1840, 1841, 1844, 1845, 1846, 1849, 1850, 1851, 1859,
            1860, 1862, 1863, 1864, 1865, 1866, 1867, 1869, 1870, 1879, 1881,
            1883, 1884, 1887, 1894, 1896, 1897, 1898, 1899, 1900, 1903, 1904,
            1906, 1912, 1920, 1921, 1923, 1930, 1931, 1934, 1941, 1942, 1945,
            1952, 1953, 1955, 1964, 1969, 1974, 1976
          ],
          "summary": {
            "covered_lines": 51,
            "num_statements": 64,
            "percent_covered": 79.6875,
            "percent_covered_display": "80",
            "missing_lines": 13,
            "excluded_lines": 0
          },
          "missing_lines": [
            1876, 1877, 1915, 1916, 1917, 1965, 1971, 1972, 2002, 2003, 2004,
            2006, 2008
          ],
          "excluded_lines": []
        },
        "McpCache._generate_health_recommendations": {
          "executed_lines": [
            2024, 2027, 2028, 2032, 2033, 2038, 2047, 2051, 2057, 2060
          ],
          "summary": {
            "covered_lines": 10,
            "num_statements": 15,
            "percent_covered": 66.66666666666667,
            "percent_covered_display": "67",
            "missing_lines": 5,
            "excluded_lines": 0
          },
          "missing_lines": [2029, 2042, 2048, 2052, 2058],
          "excluded_lines": []
        },
        "McpCache.get_or_compute": {
          "executed_lines": [2073],
          "summary": {
            "covered_lines": 1,
            "num_statements": 1,
            "percent_covered": 100.0,
            "percent_covered_display": "100",
            "missing_lines": 0,
            "excluded_lines": 0
          },
          "missing_lines": [],
          "excluded_lines": []
        },
        "McpCache.get": {
          "executed_lines": [2078],
          "summary": {
            "covered_lines": 1,
            "num_statements": 1,
            "percent_covered": 100.0,
            "percent_covered_display": "100",
            "missing_lines": 0,
            "excluded_lines": 0
          },
          "missing_lines": [],
          "excluded_lines": []
        },
        "McpCache.set": {
          "executed_lines": [],
          "summary": {
            "covered_lines": 0,
            "num_statements": 0,
            "percent_covered": 100.0,
            "percent_covered_display": "100",
            "missing_lines": 0,
            "excluded_lines": 0
          },
          "missing_lines": [],
          "excluded_lines": []
        },
        "get_cache_manager": {
          "executed_lines": [2109, 2110, 2111, 2112, 2113, 2123, 2124],
          "summary": {
            "covered_lines": 7,
            "num_statements": 14,
            "percent_covered": 50.0,
            "percent_covered_display": "50",
            "missing_lines": 7,
            "excluded_lines": 0
          },
          "missing_lines": [2114, 2115, 2116, 2117, 2119, 2120, 2121],
          "excluded_lines": []
        },
        "cleanup_cache_manager": {
          "executed_lines": [],
          "summary": {
            "covered_lines": 0,
            "num_statements": 3,
            "percent_covered": 0.0,
            "percent_covered_display": "0",
            "missing_lines": 3,
            "excluded_lines": 0
          },
          "missing_lines": [2130, 2132, 2133],
          "excluded_lines": []
        },
        "": {
          "executed_lines": [
            1, 12, 13, 14, 15, 16, 17, 18, 19, 21, 23, 30, 33, 34, 43, 65, 360,
            369, 402, 436, 488, 494, 522, 549, 669, 726, 804, 861, 889, 928,
            972, 1041, 1059, 1114, 1142, 1179, 1229, 1255, 1285, 1311, 1345,
            1372, 1397, 1433, 1566, 1623, 1751, 1834, 2020, 2062, 2075, 2080,
            2096, 2099, 2127
          ],
          "summary": {
            "covered_lines": 53,
            "num_statements": 53,
            "percent_covered": 100.0,
            "percent_covered_display": "100",
            "missing_lines": 0,
            "excluded_lines": 0
          },
          "missing_lines": [],
          "excluded_lines": []
        }
      },
      "classes": {
        "McpCache": {
          "executed_lines": [
            45, 46, 48, 49, 54, 62, 63, 67, 69, 70, 71, 74, 79, 80, 81, 84, 90,
            91, 94, 97, 102, 103, 104, 106, 113, 114, 115, 116, 118, 211, 216,
            217, 231, 236, 238, 258, 259, 260, 265, 270, 278, 280, 281, 285,
            286, 289, 290, 291, 296, 297, 299, 303, 304, 305, 362, 363, 367,
            373, 375, 400, 404, 407, 408, 414, 415, 417, 431, 434, 441, 442,
            444, 445, 447, 449, 452, 455, 475, 476, 477, 478, 479, 482, 483,
            490, 492, 501, 502, 524, 525, 533, 534, 535, 547, 553, 554, 555,
            559, 560, 561, 564, 565, 566, 567, 568, 569, 571, 572, 573, 574,
            576, 625, 626, 629, 630, 666, 667, 677, 678, 679, 736, 737, 739,
            741, 744, 745, 747, 765, 766, 767, 770, 772, 775, 776, 781, 795,
            814, 815, 817, 818, 820, 824, 828, 829, 831, 853, 863, 864, 874,
            875, 887, 891, 892, 902, 903, 926, 932, 933, 946, 947, 948, 970,
            976, 978, 982, 984, 985, 995, 998, 999, 1002, 1010, 1011, 1014,
            1022, 1023, 1025, 1050, 1051, 1061, 1062, 1066, 1067, 1068, 1069,
            1070, 1071, 1072, 1074, 1083, 1085, 1086, 1087, 1097, 1098, 1099,
            1100, 1102, 1112, 1116, 1117, 1126, 1127, 1128, 1140, 1144, 1145,
            1155, 1156, 1157, 1168, 1169, 1170, 1171, 1175, 1177, 1181, 1182,
            1186, 1187, 1188, 1190, 1191, 1192, 1202, 1203, 1204, 1221, 1222,
            1225, 1227, 1231, 1232, 1242, 1259, 1261, 1265, 1266, 1267, 1399,
            1400, 1402, 1405, 1430, 1431, 1435, 1436, 1440, 1441, 1518, 1523,
            1538, 1539, 1540, 1545, 1546, 1547, 1548, 1549, 1550, 1552, 1553,
            1554, 1555, 1557, 1558, 1561, 1836, 1837, 1840, 1841, 1844, 1845,
            1846, 1849, 1850, 1851, 1859, 1860, 1862, 1863, 1864, 1865, 1866,
            1867, 1869, 1870, 1879, 1881, 1883, 1884, 1887, 1894, 1896, 1897,
            1898, 1899, 1900, 1903, 1904, 1906, 1912, 1920, 1921, 1923, 1930,
            1931, 1934, 1941, 1942, 1945, 1952, 1953, 1955, 1964, 1969, 1974,
            1976, 2024, 2027, 2028, 2032, 2033, 2038, 2047, 2051, 2057, 2060,
            2073, 2078
          ],
          "summary": {
            "covered_lines": 329,
            "num_statements": 644,
            "percent_covered": 51.08695652173913,
            "percent_covered_display": "51",
            "missing_lines": 315,
            "excluded_lines": 0
          },
          "missing_lines": [
            108, 109, 110, 111, 218, 223, 228, 271, 276, 300, 307, 308, 309,
            310, 311, 314, 316, 317, 318, 319, 320, 325, 326, 327, 329, 330,
            331, 332, 333, 335, 336, 337, 338, 341, 342, 345, 347, 348, 349,
            350, 351, 354, 356, 357, 358, 411, 432, 450, 556, 577, 578, 582,
            583, 586, 587, 588, 589, 590, 591, 592, 595, 596, 598, 600, 605,
            606, 609, 612, 613, 616, 617, 618, 620, 622, 623, 653, 664, 682,
            683, 684, 688, 689, 691, 697, 717, 719, 720, 721, 723, 724, 742,
            773, 779, 782, 797, 798, 799, 801, 802, 855, 856, 857, 859, 876,
            904, 1052, 1053, 1054, 1055, 1057, 1109, 1111, 1172, 1173, 1223,
            1224, 1270, 1274, 1276, 1277, 1278, 1279, 1280, 1283, 1289, 1290,
            1292, 1293, 1294, 1295, 1296, 1297, 1299, 1301, 1302, 1304, 1305,
            1306, 1307, 1309, 1313, 1315, 1322, 1323, 1326, 1331, 1334, 1337,
            1341, 1343, 1347, 1349, 1350, 1351, 1353, 1354, 1355, 1358, 1359,
            1362, 1363, 1365, 1374, 1376, 1381, 1386, 1391, 1416, 1417, 1420,
            1421, 1424, 1427, 1429, 1442, 1447, 1475, 1476, 1477, 1482, 1485,
            1490, 1493, 1498, 1501, 1507, 1510, 1513, 1562, 1563, 1564, 1570,
            1571, 1575, 1576, 1582, 1583, 1584, 1587, 1589, 1590, 1594, 1595,
            1596, 1600, 1605, 1606, 1607, 1608, 1612, 1614, 1615, 1618, 1619,
            1620, 1621, 1627, 1628, 1632, 1633, 1634, 1636, 1639, 1643, 1644,
            1648, 1649, 1652, 1656, 1657, 1658, 1662, 1668, 1672, 1673, 1674,
            1678, 1684, 1688, 1689, 1690, 1694, 1699, 1700, 1701, 1702, 1705,
            1709, 1710, 1711, 1713, 1719, 1723, 1724, 1725, 1729, 1734, 1736,
            1739, 1742, 1746, 1747, 1748, 1749, 1755, 1756, 1760, 1761, 1762,
            1765, 1769, 1770, 1771, 1775, 1780, 1783, 1784, 1785, 1789, 1792,
            1795, 1796, 1797, 1801, 1806, 1809, 1810, 1811, 1815, 1817, 1819,
            1822, 1825, 1829, 1830, 1831, 1832, 1876, 1877, 1915, 1916, 1917,
            1965, 1971, 1972, 2002, 2003, 2004, 2006, 2008, 2029, 2042, 2048,
            2052, 2058
          ],
          "excluded_lines": []
        },
        "": {
          "executed_lines": [
            1, 12, 13, 14, 15, 16, 17, 18, 19, 21, 23, 30, 33, 34, 43, 65, 360,
            369, 402, 436, 488, 494, 522, 549, 669, 726, 804, 861, 889, 928,
            972, 1041, 1059, 1114, 1142, 1179, 1229, 1255, 1285, 1311, 1345,
            1372, 1397, 1433, 1566, 1623, 1751, 1834, 2020, 2062, 2075, 2080,
            2096, 2099, 2109, 2110, 2111, 2112, 2113, 2123, 2124, 2127
          ],
          "summary": {
            "covered_lines": 60,
            "num_statements": 70,
            "percent_covered": 85.71428571428571,
            "percent_covered_display": "86",
            "missing_lines": 10,
            "excluded_lines": 0
          },
          "missing_lines": [
            2114, 2115, 2116, 2117, 2119, 2120, 2121, 2130, 2132, 2133
          ],
          "excluded_lines": []
        }
      }
    },
    "src/gitlab_analyzer/cache/models.py": {
      "executed_lines": [
        1, 12, 13, 14, 15, 16, 17, 18, 21, 22, 24, 25, 31, 32, 38, 39, 45, 54,
        56, 57, 59, 62, 68, 69, 70, 72, 75, 86, 95, 98, 99, 101, 102, 103, 104,
        105, 106, 109, 110, 111, 113, 114, 115, 116, 117, 118, 119, 120, 121,
        122, 124, 125, 126, 127, 128, 129, 131, 132, 133, 134, 136, 137, 162,
        228, 229, 230, 232, 233, 234, 235, 236, 237, 238, 239, 240, 241, 243,
        244, 275, 276, 277, 278, 280, 281, 282, 283, 284, 285, 286, 287, 288,
        290, 291, 296, 299, 305, 309
      ],
      "summary": {
        "covered_lines": 91,
        "num_statements": 130,
        "percent_covered": 70.0,
        "percent_covered_display": "70",
        "missing_lines": 39,
        "excluded_lines": 0
      },
      "missing_lines": [
        27, 28, 29, 34, 35, 36, 41, 42, 60, 64, 65, 79, 80, 81, 83, 139, 142,
        143, 144, 148, 179, 182, 183, 184, 185, 187, 189, 192, 193, 194, 197,
        198, 201, 248, 251, 254, 255, 256, 260
      ],
      "excluded_lines": [],
      "functions": {
        "CacheData.serialize": {
          "executed_lines": [],
          "summary": {
            "covered_lines": 0,
            "num_statements": 3,
            "percent_covered": 0.0,
            "percent_covered_display": "0",
            "missing_lines": 3,
            "excluded_lines": 0
          },
          "missing_lines": [27, 28, 29],
          "excluded_lines": []
        },
        "CacheData.deserialize": {
          "executed_lines": [],
          "summary": {
            "covered_lines": 0,
            "num_statements": 3,
            "percent_covered": 0.0,
            "percent_covered_display": "0",
            "missing_lines": 3,
            "excluded_lines": 0
          },
          "missing_lines": [34, 35, 36],
          "excluded_lines": []
        },
        "CacheData.calculate_size": {
          "executed_lines": [],
          "summary": {
            "covered_lines": 0,
            "num_statements": 2,
            "percent_covered": 0.0,
            "percent_covered_display": "0",
            "missing_lines": 2,
            "excluded_lines": 0
          },
          "missing_lines": [41, 42],
          "excluded_lines": []
        },
        "generate_cache_key": {
          "executed_lines": [54, 56, 57, 59, 62, 68, 69, 70, 72],
          "summary": {
            "covered_lines": 9,
            "num_statements": 12,
            "percent_covered": 75.0,
            "percent_covered_display": "75",
            "missing_lines": 3,
            "excluded_lines": 0
          },
          "missing_lines": [60, 64, 65],
          "excluded_lines": []
        },
        "generate_error_id": {
          "executed_lines": [],
          "summary": {
            "covered_lines": 0,
            "num_statements": 4,
            "percent_covered": 0.0,
            "percent_covered_display": "0",
            "missing_lines": 4,
            "excluded_lines": 0
          },
          "missing_lines": [79, 80, 81, 83],
          "excluded_lines": []
        },
        "generate_standard_error_id": {
          "executed_lines": [95],
          "summary": {
            "covered_lines": 1,
            "num_statements": 1,
            "percent_covered": 100.0,
            "percent_covered_display": "100",
            "missing_lines": 0,
            "excluded_lines": 0
          },
          "missing_lines": [],
          "excluded_lines": []
        },
        "PipelineRecord.from_gitlab_pipeline": {
          "executed_lines": [],
          "summary": {
            "covered_lines": 0,
            "num_statements": 5,
            "percent_covered": 0.0,
            "percent_covered_display": "0",
            "missing_lines": 5,
            "excluded_lines": 0
          },
          "missing_lines": [139, 142, 143, 144, 148],
          "excluded_lines": []
        },
        "PipelineRecord.with_merge_request_data": {
          "executed_lines": [],
          "summary": {
            "covered_lines": 0,
            "num_statements": 13,
            "percent_covered": 0.0,
            "percent_covered_display": "0",
            "missing_lines": 13,
            "excluded_lines": 0
          },
          "missing_lines": [
            179, 182, 183, 184, 185, 187, 189, 192, 193, 194, 197, 198, 201
          ],
          "excluded_lines": []
        },
        "JobRecord.from_gitlab_job": {
          "executed_lines": [],
          "summary": {
            "covered_lines": 0,
            "num_statements": 6,
            "percent_covered": 0.0,
            "percent_covered_display": "0",
            "missing_lines": 6,
            "excluded_lines": 0
          },
          "missing_lines": [248, 251, 254, 255, 256, 260],
          "excluded_lines": []
        },
        "ErrorRecord.from_parsed_error": {
          "executed_lines": [296, 299, 305, 309],
          "summary": {
[...]
        413, 414, 416, 419, 421, 430, 432, 435, 443, 446, 449, 452, 462, 465,
        467, 468, 469, 472, 473, 475, 477, 480, 482, 483, 485, 486, 487, 488,
        489, 490, 491, 492, 493, 494, 495, 496, 498, 501, 503, 504, 507, 519,
        520, 521, 522, 524, 533, 536, 538, 539, 543, 552, 554, 555, 556, 559,
        561, 574, 577, 578, 579, 582, 586, 599, 602, 604, 607, 608, 609, 610,
        613, 615, 619, 620, 622, 623, 624, 626, 628, 631, 634, 636, 637, 639,
        650, 651, 654, 655, 657, 658, 660, 691, 722, 746, 779, 780, 781, 811,
        812, 835, 838, 840, 846, 848, 850, 851, 853, 855, 856, 857, 859, 868,
        877, 885, 888, 890, 892, 893, 896, 898, 901, 907, 908, 909, 910, 912,
        915, 917, 919, 925, 926, 927, 928, 933, 935, 937, 938, 941, 943, 945,
        946, 947, 951, 953, 955, 961, 962, 963, 964, 966, 969, 971, 974, 975,
        976, 977, 980, 981, 982, 983, 985, 989, 992, 993, 994, 995, 996, 997,
        999, 1002, 1006, 1008, 1009, 1012, 1013, 1014, 1015, 1017, 1018, 1019,
        1020, 1022, 1023, 1024, 1025, 1026, 1027, 1032, 1037, 1038, 1039, 1040,
        1043, 1046, 1047, 1049, 1052
      ],
      "summary": {
        "covered_lines": 328,
        "num_statements": 378,
        "percent_covered": 86.77248677248677,
        "percent_covered_display": "87",
        "missing_lines": 50,
        "excluded_lines": 0
      },
      "missing_lines": [
        279, 614, 616, 625, 627, 629, 692, 693, 695, 723, 724, 747, 748, 749,
        860, 862, 864, 865, 866, 869, 870, 872, 873, 874, 875, 878, 879, 881,
        882, 883, 930, 948, 1028, 1029, 1030, 1033, 1034, 1035, 1044, 1058,
        1059, 1062, 1065, 1066, 1067, 1104, 1111, 1113, 1114, 1131
      ],
      "excluded_lines": [],
      "functions": {
        "get_mcp_info": {
          "executed_lines": [36, 42, 43, 45, 46, 48],
          "summary": {
            "covered_lines": 6,
            "num_statements": 6,
            "percent_covered": 100.0,
            "percent_covered_display": "100",
            "missing_lines": 0,
            "excluded_lines": 0
          },
          "missing_lines": [],
          "excluded_lines": []
        },
        "get_gitlab_analyzer": {
          "executed_lines": [55, 56, 57, 59, 60, 62, 64],
          "summary": {
            "covered_lines": 7,
            "num_statements": 7,
            "percent_covered": 100.0,
            "percent_covered_display": "100",
            "missing_lines": 0,
            "excluded_lines": 0
          },
          "missing_lines": [],
          "excluded_lines": []
        },
        "_is_test_job": {
          "executed_lines": [80, 81, 84, 103],
          "summary": {
            "covered_lines": 4,
            "num_statements": 4,
            "percent_covered": 100.0,
            "percent_covered_display": "100",
            "missing_lines": 0,
            "excluded_lines": 0
          },
          "missing_lines": [],
          "excluded_lines": []
        },
        "_should_use_pytest_parser": {
          "executed_lines": [126, 128, 131],
          "summary": {
            "covered_lines": 3,
            "num_statements": 3,
            "percent_covered": 100.0,
            "percent_covered_display": "100",
            "missing_lines": 0,
            "excluded_lines": 0
          },
          "missing_lines": [],
          "excluded_lines": []
        },
        "_is_pytest_log": {
          "executed_lines": [137, 147, 159, 162, 163, 164, 167, 171],
          "summary": {
            "covered_lines": 8,
            "num_statements": 8,
            "percent_covered": 100.0,
            "percent_covered_display": "100",
            "missing_lines": 0,
            "excluded_lines": 0
          },
          "missing_lines": [],
          "excluded_lines": []
        },
        "extract_file_path_from_message": {
          "executed_lines": [
            193, 199, 200, 202, 204, 207, 208, 210, 211, 213, 215, 217, 220,
            223, 227, 228, 231, 232, 235, 236, 237, 240, 241, 242, 243, 244,
            247, 248, 249, 250, 251, 254, 255, 256, 257, 258, 261, 262, 263,
            264, 265, 269, 270, 272, 273, 275, 276, 277, 278, 281
          ],
          "summary": {
            "covered_lines": 50,
            "num_statements": 51,
            "percent_covered": 98.03921568627452,
            "percent_covered_display": "98",
            "missing_lines": 1,
            "excluded_lines": 0
          },
          "missing_lines": [279],
          "excluded_lines": []
        },
        "extract_file_path_from_message._is_application_file": {
          "executed_lines": [195],
          "summary": {
            "covered_lines": 1,
            "num_statements": 1,
            "percent_covered": 100.0,
            "percent_covered_display": "100",
            "missing_lines": 0,
            "excluded_lines": 0
          },
          "missing_lines": [],
          "excluded_lines": []
        },
        "should_exclude_file_path": {
          "executed_lines": [286, 287, 288],
          "summary": {
            "covered_lines": 3,
            "num_statements": 3,
            "percent_covered": 100.0,
            "percent_covered_display": "100",
            "missing_lines": 0,
            "excluded_lines": 0
          },
          "missing_lines": [],
          "excluded_lines": []
        },
        "combine_exclude_file_patterns": {
          "executed_lines": [293, 294, 295, 296, 297, 298, 299],
          "summary": {
            "covered_lines": 7,
            "num_statements": 7,
            "percent_covered": 100.0,
            "percent_covered_display": "100",
            "missing_lines": 0,
            "excluded_lines": 0
          },
          "missing_lines": [],
          "excluded_lines": []
        },
        "categorize_files_by_type": {
          "executed_lines": [304, 312, 317, 320],
          "summary": {
            "covered_lines": 4,
            "num_statements": 4,
            "percent_covered": 100.0,
            "percent_covered_display": "100",
            "missing_lines": 0,
            "excluded_lines": 0
          },
          "missing_lines": [],
          "excluded_lines": []
        },
        "process_file_groups": {
          "executed_lines": [352, 355, 357, 358, 359],
          "summary": {
            "covered_lines": 5,
            "num_statements": 5,
            "percent_covered": 100.0,
            "percent_covered_display": "100",
            "missing_lines": 0,
            "excluded_lines": 0
          },
          "missing_lines": [],
          "excluded_lines": []
        },
        "optimize_tool_response": {
          "executed_lines": [379, 380, 382, 384, 387, 388, 391, 398, 404],
          "summary": {
            "covered_lines": 9,
            "num_statements": 9,
            "percent_covered": 100.0,
            "percent_covered_display": "100",
            "missing_lines": 0,
            "excluded_lines": 0
          },
          "missing_lines": [],
          "excluded_lines": []
        },
        "optimize_error_response": {
          "executed_lines": [409, 410, 411, 412, 413, 414, 416],
          "summary": {
            "covered_lines": 7,
            "num_statements": 7,
            "percent_covered": 100.0,
            "percent_covered_display": "100",
            "missing_lines": 0,
            "excluded_lines": 0
          },
          "missing_lines": [],
          "excluded_lines": []
        },
        "_create_minimal_error": {
          "executed_lines": [421],
          "summary": {
            "covered_lines": 1,
            "num_statements": 1,
            "percent_covered": 100.0,
            "percent_covered_display": "100",
            "missing_lines": 0,
            "excluded_lines": 0
          },
          "missing_lines": [],
          "excluded_lines": []
        },
        "_create_balanced_error": {
          "executed_lines": [432, 435, 443],
          "summary": {
            "covered_lines": 3,
            "num_statements": 3,
            "percent_covered": 100.0,
            "percent_covered_display": "100",
            "missing_lines": 0,
            "excluded_lines": 0
          },
          "missing_lines": [],
          "excluded_lines": []
        },
        "_create_fixing_error": {
          "executed_lines": [449, 452, 462],
          "summary": {
            "covered_lines": 3,
            "num_statements": 3,
            "percent_covered": 100.0,
            "percent_covered_display": "100",
            "missing_lines": 0,
            "excluded_lines": 0
          },
          "missing_lines": [],
          "excluded_lines": []
        },
        "_extract_error_location": {
          "executed_lines": [467, 468, 469, 472, 473, 475, 477],
          "summary": {
            "covered_lines": 7,
            "num_statements": 7,
            "percent_covered": 100.0,
            "percent_covered_display": "100",
            "missing_lines": 0,
            "excluded_lines": 0
          },
          "missing_lines": [],
          "excluded_lines": []
        },
        "_categorize_error_for_fixing": {
          "executed_lines": [
            482, 483, 485, 486, 487, 488, 489, 490, 491, 492, 493, 494, 495,
            496, 498
          ],
          "summary": {
            "covered_lines": 15,
            "num_statements": 15,
            "percent_covered": 100.0,
            "percent_covered_display": "100",
            "missing_lines": 0,
            "excluded_lines": 0
          },
          "missing_lines": [],
          "excluded_lines": []
        },
        "_extract_key_traceback": {
          "executed_lines": [503, 504, 507, 519, 520, 521, 522, 524, 533],
          "summary": {
            "covered_lines": 9,
            "num_statements": 9,
            "percent_covered": 100.0,
            "percent_covered_display": "100",
            "missing_lines": 0,
            "excluded_lines": 0
          },
          "missing_lines": [],
          "excluded_lines": []
        },
        "_extract_fixing_traceback": {
          "executed_lines": [
            538, 539, 543, 552, 554, 555, 556, 559, 561, 574, 577, 578, 579,
            582, 586, 599
          ],
          "summary": {
            "covered_lines": 16,
            "num_statements": 16,
            "percent_covered": 100.0,
            "percent_covered_display": "100",
            "missing_lines": 0,
            "excluded_lines": 0
          },
          "missing_lines": [],
          "excluded_lines": []
        },
        "_extract_fixing_context": {
          "executed_lines": [
            604, 607, 608, 609, 610, 613, 615, 619, 620, 622, 623, 624, 626,
            628, 631
          ],
          "summary": {
            "covered_lines": 15,
            "num_statements": 20,
            "percent_covered": 75.0,
            "percent_covered_display": "75",
            "missing_lines": 5,
            "excluded_lines": 0
          },
          "missing_lines": [614, 616, 625, 627, 629],
          "excluded_lines": []
        },
        "_generate_fix_guidance": {
          "executed_lines": [
            636, 637, 639, 650, 651, 654, 655, 657, 658, 660, 691, 722, 746,
            779, 780, 781, 811, 812, 835, 838, 840
          ],
          "summary": {
            "covered_lines": 21,
            "num_statements": 29,
            "percent_covered": 72.41379310344827,
            "percent_covered_display": "72",
            "missing_lines": 8,
            "excluded_lines": 0
          },
          "missing_lines": [692, 693, 695, 723, 724, 747, 748, 749],
          "excluded_lines": []
        },
        "_parse_error_message_details": {
          "executed_lines": [
            848, 850, 851, 853, 855, 856, 857, 859, 868, 877, 885
          ],
          "summary": {
            "covered_lines": 11,
            "num_statements": 27,
            "percent_covered": 40.74074074074074,
            "percent_covered_display": "41",
            "missing_lines": 16,
            "excluded_lines": 0
          },
          "missing_lines": [
            860, 862, 864, 865, 866, 869, 870, 872, 873, 874, 875, 878, 879,
            881, 882, 883
          ],
          "excluded_lines": []
        },
        "_extract_parameter_name": {
          "executed_lines": [890, 892, 893],
          "summary": {
            "covered_lines": 3,
            "num_statements": 3,
            "percent_covered": 100.0,
            "percent_covered_display": "100",
            "missing_lines": 0,
            "excluded_lines": 0
          },
          "missing_lines": [],
          "excluded_lines": []
        },
        "_extract_function_name": {
          "executed_lines": [898, 901, 907, 908, 909, 910, 912],
          "summary": {
            "covered_lines": 7,
            "num_statements": 7,
            "percent_covered": 100.0,
            "percent_covered_display": "100",
            "missing_lines": 0,
            "excluded_lines": 0
          },
          "missing_lines": [],
          "excluded_lines": []
        },
        "_extract_missing_parameter": {
          "executed_lines": [917, 919, 925, 926, 927, 928],
          "summary": {
            "covered_lines": 6,
            "num_statements": 7,
            "percent_covered": 85.71428571428571,
            "percent_covered_display": "86",
            "missing_lines": 1,
            "excluded_lines": 0
          },
          "missing_lines": [930],
          "excluded_lines": []
        },
        "_extract_object_name_from_callable_error": {
          "executed_lines": [935, 937, 938],
          "summary": {
            "covered_lines": 3,
            "num_statements": 3,
            "percent_covered": 100.0,
            "percent_covered_display": "100",
            "missing_lines": 0,
            "excluded_lines": 0
          },
          "missing_lines": [],
          "excluded_lines": []
        },
        "_extract_attribute_error_details": {
          "executed_lines": [943, 945, 946, 947],
          "summary": {
            "covered_lines": 4,
            "num_statements": 5,
            "percent_covered": 80.0,
            "percent_covered_display": "80",
            "missing_lines": 1,
            "excluded_lines": 0
          },
          "missing_lines": [948],
          "excluded_lines": []
        },
        "_extract_module_name_from_import_error": {
          "executed_lines": [953, 955, 961, 962, 963, 964, 966],
          "summary": {
            "covered_lines": 7,
            "num_statements": 7,
            "percent_covered": 100.0,
            "percent_covered_display": "100",
            "missing_lines": 0,
            "excluded_lines": 0
          },
          "missing_lines": [],
          "excluded_lines": []
        },
        "_extract_files_to_check": {
          "executed_lines": [
            971, 974, 975, 976, 977, 980, 981, 982, 983, 985, 989, 992, 993,
            994, 995, 996, 997, 999
          ],
          "summary": {
            "covered_lines": 18,
            "num_statements": 18,
            "percent_covered": 100.0,
            "percent_covered_display": "100",
            "missing_lines": 0,
            "excluded_lines": 0
          },
          "missing_lines": [],
          "excluded_lines": []
        },
        "_calculate_fix_priority": {
          "executed_lines": [
            1006, 1008, 1009, 1012, 1013, 1014, 1015, 1017, 1018, 1019, 1020,
            1022, 1023, 1024, 1025, 1026, 1027, 1032, 1037, 1038, 1039, 1040,
            1043, 1046, 1047, 1049
          ],
          "summary": {
            "covered_lines": 26,
            "num_statements": 33,
            "percent_covered": 78.78787878787878,
            "percent_covered_display": "79",
            "missing_lines": 7,
            "excluded_lines": 0
          },
          "missing_lines": [1028, 1029, 1030, 1033, 1034, 1035, 1044],
          "excluded_lines": []
        },
        "_extract_pytest_errors": {
          "executed_lines": [],
          "summary": {
            "covered_lines": 0,
            "num_statements": 11,
            "percent_covered": 0.0,
            "percent_covered_display": "0",
            "missing_lines": 11,
            "excluded_lines": 0
          },
          "missing_lines": [
            1058, 1059, 1062, 1065, 1066, 1067, 1104, 1111, 1113, 1114, 1131
          ],
          "excluded_lines": []
        },
        "": {
          "executed_lines": [
            1, 9, 10, 11, 12, 15, 16, 19, 22, 51, 67, 106, 134, 175, 190, 284,
            291, 302, 348, 365, 407, 419, 430, 446, 465, 480, 501, 536, 602,
            634, 846, 888, 896, 915, 933, 941, 951, 969, 1002, 1052
          ],
          "summary": {
            "covered_lines": 39,
            "num_statements": 39,
            "percent_covered": 100.0,
            "percent_covered_display": "100",
            "missing_lines": 0,
            "excluded_lines": 0
          },
          "missing_lines": [],
          "excluded_lines": []
        }
      },
      "classes": {
        "": {
          "executed_lines": [
            1, 9, 10, 11, 12, 15, 16, 19, 22, 36, 42, 43, 45, 46, 48, 51, 55,
            56, 57, 59, 60, 62, 64, 67, 80, 81, 84, 103, 106, 126, 128, 131,
            134, 137, 147, 159, 162, 163, 164, 167, 171, 175, 190, 193, 195,
            199, 200, 202, 204, 207, 208, 210, 211, 213, 215, 217, 220, 223,
            227, 228, 231, 232, 235, 236, 237, 240, 241, 242, 243, 244, 247,
            248, 249, 250, 251, 254, 255, 256, 257, 258, 261, 262, 263, 264,
            265, 269, 270, 272, 273, 275, 276, 277, 278, 281, 284, 286, 287,
            288, 291, 293, 294, 295, 296, 297, 298, 299, 302, 304, 312, 317,
            320, 348, 352, 355, 357, 358, 359, 365, 379, 380, 382, 384, 387,
            388, 391, 398, 404, 407, 409, 410, 411, 412, 413, 414, 416, 419,
            421, 430, 432, 435, 443, 446, 449, 452, 462, 465, 467, 468, 469,
            472, 473, 475, 477, 480, 482, 483, 485, 486, 487, 488, 489, 490,
            491, 492, 493, 494, 495, 496, 498, 501, 503, 504, 507, 519, 520,
            521, 522, 524, 533, 536, 538, 539, 543, 552, 554, 555, 556, 559,
            561, 574, 577, 578, 579, 582, 586, 599, 602, 604, 607, 608, 609,
            610, 613, 615, 619, 620, 622, 623, 624, 626, 628, 631, 634, 636,
            637, 639, 650, 651, 654, 655, 657, 658, 660, 691, 722, 746, 779,
            780, 781, 811, 812, 835, 838, 840, 846, 848, 850, 851, 853, 855,
            856, 857, 859, 868, 877, 885, 888, 890, 892, 893, 896, 898, 901,
            907, 908, 909, 910, 912, 915, 917, 919, 925, 926, 927, 928, 933,
            935, 937, 938, 941, 943, 945, 946, 947, 951, 953, 955, 961, 962,
            963, 964, 966, 969, 971, 974, 975, 976, 977, 980, 981, 982, 983,
            985, 989, 992, 993, 994, 995, 996, 997, 999, 1002, 1006, 1008, 1009,
            1012, 1013, 1014, 1015, 1017, 1018, 1019, 1020, 1022, 1023, 1024,
            1025, 1026, 1027, 1032, 1037, 1038, 1039, 1040, 1043, 1046, 1047,
            1049, 1052
          ],
          "summary": {
            "covered_lines": 328,
            "num_statements": 378,
            "percent_covered": 86.77248677248677,
            "percent_covered_display": "87",
            "missing_lines": 50,
            "excluded_lines": 0
          },
          "missing_lines": [
            279, 614, 616, 625, 627, 629, 692, 693, 695, 723, 724, 747, 748,
            749, 860, 862, 864, 865, 866, 869, 870, 872, 873, 874, 875, 878,
            879, 881, 882, 883, 930, 948, 1028, 1029, 1030, 1033, 1034, 1035,
            1044, 1058, 1059, 1062, 1065, 1066, 1067, 1104, 1111, 1113, 1114,
            1131
          ],
          "excluded_lines": []
        }
      }
    }
  },
  "totals": {
    "covered_lines": 3985,
    "num_statements": 6449,
    "percent_covered": 61.792525973019075,
    "percent_covered_display": "62",
    "missing_lines": 2464,
    "excluded_lines": 78
  }
}
